Duplicated file found; will not be sent for synthesis: e:/FPGA/secure_zynq/secure_zynq.srcs/sources_1/bd/base_zynq/ipshared/ef1e/hdl/lib_cdc_v1_0_rfs.vhd
Duplicated file found; will not be sent for synthesis: e:/FPGA/secure_zynq/secure_zynq.srcs/sources_1/bd/base_zynq/ipshared/2985/hdl/blk_mem_gen_v8_4_vhsyn_rfs.vhd
Duplicated file found; will not be sent for synthesis: e:/FPGA/secure_zynq/secure_zynq.srcs/sources_1/bd/base_zynq/ipshared/b752/hdl/generic_baseblocks_v2_1_vl_rfs.v
Duplicated file found; will not be sent for synthesis: e:/FPGA/secure_zynq/secure_zynq.srcs/sources_1/bd/base_zynq/ipshared/60de/hdl/axi_data_fifo_v2_1_vl_rfs.v
Duplicated file found; will not be sent for synthesis: e:/FPGA/secure_zynq/secure_zynq.srcs/sources_1/bd/base_zynq/ipshared/ec67/hdl/axi_infrastructure_v1_1_0.vh
Duplicated file found; will not be sent for synthesis: e:/FPGA/secure_zynq/secure_zynq.srcs/sources_1/bd/base_zynq/ipshared/ec67/hdl/axi_infrastructure_v1_1_vl_rfs.v
Duplicated file found; will not be sent for synthesis: e:/FPGA/secure_zynq/secure_zynq.srcs/sources_1/bd/base_zynq/ipshared/72d4/hdl/axi_register_slice_v2_1_vl_rfs.v
Duplicated file found; will not be sent for synthesis: e:/FPGA/secure_zynq/secure_zynq.srcs/sources_1/bd/base_zynq/ipshared/2985/hdl/blk_mem_gen_v8_4_vhsyn_rfs.vhd
Duplicated file found; will not be sent for synthesis: e:/FPGA/secure_zynq/secure_zynq.srcs/sources_1/bd/base_zynq/ipshared/276e/hdl/fifo_generator_v13_2_vhsyn_rfs.vhd
Duplicated file found; will not be sent for synthesis: e:/FPGA/secure_zynq/secure_zynq.srcs/sources_1/bd/base_zynq/ipshared/b752/hdl/generic_baseblocks_v2_1_vl_rfs.v
Duplicated file found; will not be sent for synthesis: e:/FPGA/secure_zynq/secure_zynq.srcs/sources_1/bd/base_zynq/ipshared/60de/hdl/axi_data_fifo_v2_1_vl_rfs.v
Duplicated file found; will not be sent for synthesis: e:/FPGA/secure_zynq/secure_zynq.srcs/sources_1/bd/base_zynq/ipshared/ec67/hdl/axi_infrastructure_v1_1_0.vh
Duplicated file found; will not be sent for synthesis: e:/FPGA/secure_zynq/secure_zynq.srcs/sources_1/bd/base_zynq/ipshared/ec67/hdl/axi_infrastructure_v1_1_vl_rfs.v
Duplicated file found; will not be sent for synthesis: e:/FPGA/secure_zynq/secure_zynq.srcs/sources_1/bd/base_zynq/ipshared/72d4/hdl/axi_register_slice_v2_1_vl_rfs.v
Duplicated file found; will not be sent for synthesis: e:/FPGA/secure_zynq/secure_zynq.srcs/sources_1/bd/base_zynq/ipshared/c4a6/hdl/axi_protocol_converter_v2_1_vl_rfs.v
Duplicated file found; will not be sent for synthesis: e:/FPGA/secure_zynq/secure_zynq.srcs/sources_1/bd/base_zynq/ipshared/2985/hdl/blk_mem_gen_v8_4_vhsyn_rfs.vhd
Duplicated file found; will not be sent for synthesis: e:/FPGA/secure_zynq/secure_zynq.srcs/sources_1/bd/base_zynq/ipshared/276e/hdl/fifo_generator_v13_2_vhsyn_rfs.vhd
Duplicated file found; will not be sent for synthesis: e:/FPGA/secure_zynq/secure_zynq.srcs/sources_1/bd/base_zynq/ipshared/b752/hdl/generic_baseblocks_v2_1_vl_rfs.v
Duplicated file found; will not be sent for synthesis: e:/FPGA/secure_zynq/secure_zynq.srcs/sources_1/bd/base_zynq/ipshared/60de/hdl/axi_data_fifo_v2_1_vl_rfs.v
Duplicated file found; will not be sent for synthesis: e:/FPGA/secure_zynq/secure_zynq.srcs/sources_1/bd/base_zynq/ipshared/ec67/hdl/axi_infrastructure_v1_1_0.vh
Duplicated file found; will not be sent for synthesis: e:/FPGA/secure_zynq/secure_zynq.srcs/sources_1/bd/base_zynq/ipshared/ec67/hdl/axi_infrastructure_v1_1_vl_rfs.v
Duplicated file found; will not be sent for synthesis: e:/FPGA/secure_zynq/secure_zynq.srcs/sources_1/bd/base_zynq/ipshared/72d4/hdl/axi_register_slice_v2_1_vl_rfs.v
Duplicated file found; will not be sent for synthesis: e:/FPGA/secure_zynq/secure_zynq.srcs/sources_1/bd/base_zynq/ipshared/c4a6/hdl/axi_protocol_converter_v2_1_vl_rfs.v
Duplicated file found; will not be sent for synthesis: e:/FPGA/secure_zynq/secure_zynq.srcs/sources_1/bd/base_zynq/ipshared/2985/hdl/blk_mem_gen_v8_4_vhsyn_rfs.vhd
Duplicated file found; will not be sent for synthesis: e:/FPGA/secure_zynq/secure_zynq.srcs/sources_1/bd/base_zynq/ipshared/276e/hdl/fifo_generator_v13_2_vhsyn_rfs.vhd
CRC performance measure: elapsed=00:00:00.010s;;memory_peak=1868.180MB;;memory_gain=0.000MB
