INFO: [HLS 200-10] Running 'D:/Xilinx/Vivado/2019.2/bin/unwrapped/win64.o/vivado_hls.exe'
INFO: [HLS 200-10] For user 'lenovo' on host 'desktop-71jn9ra' (Windows NT_amd64 version 6.2) on Tue Mar 09 14:44:48 +0800 2021
INFO: [HLS 200-10] In directory 'C:/Users/lenovo/AppData/Roaming/Xilinx/Vivado/axi_lite'
Sourcing Tcl script 'C:/Users/lenovo/AppData/Roaming/Xilinx/Vivado/axi_lite/proj_axi_lite/solution1/export.tcl'
INFO: [HLS 200-10] Opening project 'C:/Users/lenovo/AppData/Roaming/Xilinx/Vivado/axi_lite/proj_axi_lite'.
INFO: [HLS 200-10] Opening solution 'C:/Users/lenovo/AppData/Roaming/Xilinx/Vivado/axi_lite/proj_axi_lite/solution1'.
INFO: [SYN 201-201] Setting up clock 'default' with a period of 13.333ns.
INFO: [HLS 200-10] Setting target device to 'xc7z020-clg484-2'
INFO: [IMPL 213-8] Exporting RTL as a Vivado IP.

****** Vivado v2019.2 (64-bit)
  **** SW Build 2708876 on Wed Nov  6 21:40:23 MST 2019
  **** IP Build 2700528 on Thu Nov  7 00:09:20 MST 2019
    ** Copyright 1986-2019 Xilinx, Inc. All Rights Reserved.

source run_ippack.tcl -notrace
INFO: [IP_Flow 19-234] Refreshing IP repositories
INFO: [IP_Flow 19-1704] No user IP repositories specified
INFO: [IP_Flow 19-2313] Loaded Vivado IP repository 'D:/Xilinx/Vivado/2019.2/data/ip'.
INFO: [Common 17-206] Exiting Vivado at Tue Mar  9 14:45:07 2021...
INFO: [IMPL 213-8] Starting RTL evaluation using Vivado ...

C:\Users\lenovo\AppData\Roaming\Xilinx\Vivado\axi_lite\proj_axi_lite\solution1\impl\verilog>D:/Xilinx/Vivado/2019.2/bin/vivado  -notrace -mode batch -source run_vivadosyn.tcl   || exit $? 

****** Vivado v2019.2 (64-bit)
  **** SW Build 2708876 on Wed Nov  6 21:40:23 MST 2019
  **** IP Build 2700528 on Thu Nov  7 00:09:20 MST 2019
    ** Copyright 1986-2019 Xilinx, Inc. All Rights Reserved.

source run_vivadosyn.tcl -notrace
INFO: [ProjectBase 1-489] The host OS only allows 260 characters in a normal path. The project is stored in a path with more than 80 characters. If you experience issues with IP, Block Designs, or files not being found, please consider moving the project to a location with a shorter path. Alternately consider using the OS subst command to map part of the path to a drive letter.
Current project path is 'C:/Users/lenovo/AppData/Roaming/Xilinx/Vivado/axi_lite/proj_axi_lite/solution1/impl/verilog'
INFO: [IP_Flow 19-234] Refreshing IP repositories
INFO: [IP_Flow 19-1700] Loaded user IP repository 'c:/Users/lenovo/AppData/Roaming/Xilinx/Vivado/axi_lite/proj_axi_lite/solution1/impl/ip'.
INFO: [IP_Flow 19-2313] Loaded Vivado IP repository 'D:/Xilinx/Vivado/2019.2/data/ip'.
Wrote  : <C:\Users\lenovo\AppData\Roaming\Xilinx\Vivado\axi_lite\proj_axi_lite\solution1\impl\verilog\project.srcs\sources_1\bd\bd_0\bd_0.bd> 
WARNING: [BD 41-1627] Requested range of <64K> for slave segments </hls_inst/s_axi_BUS_A/Reg> exceeds the range of the largest address space in assignment request </s_axi_BUS_A>. Shrinking the initial requested range to <4K>
Slave segment </hls_inst/s_axi_BUS_A/Reg> is being mapped into address space </s_axi_BUS_A> at <0x0000_0000 [ 4K ]>
WARNING: [BD 41-927] Following properties on pin /hls_inst/ap_clk have been updated from connected ip. They may not be synchronized with cell properties. You can set property on pin directly to confirm the value and resolve the warning.
	FREQ_HZ=75000000.0 
INFO: [IP_Flow 19-5627] Changing parameter ADDR_WIDTH on bus interface /s_axi_BUS_A from 6 to 12 due to existing assignment(s) on address space /s_axi_BUS_A.
Wrote  : <C:\Users\lenovo\AppData\Roaming\Xilinx\Vivado\axi_lite\proj_axi_lite\solution1\impl\verilog\project.srcs\sources_1\bd\bd_0\bd_0.bd> 
VHDL Output written to : C:/Users/lenovo/AppData/Roaming/Xilinx/Vivado/axi_lite/proj_axi_lite/solution1/impl/verilog/project.srcs/sources_1/bd/bd_0/synth/bd_0.v
VHDL Output written to : C:/Users/lenovo/AppData/Roaming/Xilinx/Vivado/axi_lite/proj_axi_lite/solution1/impl/verilog/project.srcs/sources_1/bd/bd_0/sim/bd_0.v
VHDL Output written to : C:/Users/lenovo/AppData/Roaming/Xilinx/Vivado/axi_lite/proj_axi_lite/solution1/impl/verilog/project.srcs/sources_1/bd/bd_0/hdl/bd_0_wrapper.v
Using BD top: bd_0_wrapper
INFO: [BD 41-1662] The design 'bd_0.bd' is already validated. Therefore parameter propagation will not be re-run.
VHDL Output written to : C:/Users/lenovo/AppData/Roaming/Xilinx/Vivado/axi_lite/proj_axi_lite/solution1/impl/verilog/project.srcs/sources_1/bd/bd_0/synth/bd_0.v
VHDL Output written to : C:/Users/lenovo/AppData/Roaming/Xilinx/Vivado/axi_lite/proj_axi_lite/solution1/impl/verilog/project.srcs/sources_1/bd/bd_0/sim/bd_0.v
VHDL Output written to : C:/Users/lenovo/AppData/Roaming/Xilinx/Vivado/axi_lite/proj_axi_lite/solution1/impl/verilog/project.srcs/sources_1/bd/bd_0/hdl/bd_0_wrapper.v
INFO: [BD 41-1029] Generation completed for the IP Integrator block hls_inst .
Exporting to file C:/Users/lenovo/AppData/Roaming/Xilinx/Vivado/axi_lite/proj_axi_lite/solution1/impl/verilog/project.srcs/sources_1/bd/bd_0/hw_handoff/bd_0.hwh
Generated Block Design Tcl file C:/Users/lenovo/AppData/Roaming/Xilinx/Vivado/axi_lite/proj_axi_lite/solution1/impl/verilog/project.srcs/sources_1/bd/bd_0/hw_handoff/bd_0_bd.tcl
Generated Hardware Definition File C:/Users/lenovo/AppData/Roaming/Xilinx/Vivado/axi_lite/proj_axi_lite/solution1/impl/verilog/project.srcs/sources_1/bd/bd_0/synth/bd_0.hwdef
[Tue Mar  9 14:45:34 2021] Launched bd_0_hls_inst_0_synth_1...
Run output will be captured here: C:/Users/lenovo/AppData/Roaming/Xilinx/Vivado/axi_lite/proj_axi_lite/solution1/impl/verilog/project.runs/bd_0_hls_inst_0_synth_1/runme.log
[Tue Mar  9 14:45:34 2021] Launched synth_1...
Run output will be captured here: C:/Users/lenovo/AppData/Roaming/Xilinx/Vivado/axi_lite/proj_axi_lite/solution1/impl/verilog/project.runs/synth_1/runme.log
[Tue Mar  9 14:45:34 2021] Waiting for synth_1 to finish...

*** Running vivado
    with args -log bd_0_wrapper.vds -m64 -product Vivado -mode batch -messageDb vivado.pb -notrace -source bd_0_wrapper.tcl


****** Vivado v2019.2 (64-bit)
  **** SW Build 2708876 on Wed Nov  6 21:40:23 MST 2019
  **** IP Build 2700528 on Thu Nov  7 00:09:20 MST 2019
    ** Copyright 1986-2019 Xilinx, Inc. All Rights Reserved.

source bd_0_wrapper.tcl -notrace
INFO: [IP_Flow 19-234] Refreshing IP repositories
INFO: [IP_Flow 19-1700] Loaded user IP repository 'c:/Users/lenovo/AppData/Roaming/Xilinx/Vivado/axi_lite/proj_axi_lite/solution1/impl/ip'.
INFO: [IP_Flow 19-2313] Loaded Vivado IP repository 'D:/Xilinx/Vivado/2019.2/data/ip'.
WARNING: [IP_Flow 19-4995] The host OS only allows 260 characters in a normal path. The IP cache path is more than 80 characters. If you experience issues with IP caching, please consider changing the IP cache to a location with a shorter path. Alternately consider using the OS subst command to map part of the path to a drive letter. 
Current IP cache path is c:/Users/lenovo/AppData/Roaming/Xilinx/Vivado/axi_lite/proj_axi_lite/solution1/impl/verilog/project.cache/ip 
Command: synth_design -top bd_0_wrapper -part xc7z020clg484-2 -mode out_of_context
Starting synth_design
Attempting to get a license for feature 'Synthesis' and/or device 'xc7z020'
INFO: [Common 17-349] Got license for feature 'Synthesis' and/or device 'xc7z020'
INFO: [Device 21-403] Loading part xc7z020clg484-2
INFO: Launching helper process for spawning children vivado processes
INFO: Helper process launched with PID 35216 
---------------------------------------------------------------------------------
Starting RTL Elaboration : Time (s): cpu = 00:00:03 ; elapsed = 00:00:04 . Memory (MB): peak = 1012.250 ; gain = 234.238
---------------------------------------------------------------------------------
INFO: [Synth 8-6157] synthesizing module 'bd_0_wrapper' [C:/Users/lenovo/AppData/Roaming/Xilinx/Vivado/axi_lite/proj_axi_lite/solution1/impl/verilog/project.srcs/sources_1/bd/bd_0/hdl/bd_0_wrapper.v:12]
INFO: [Synth 8-6157] synthesizing module 'bd_0' [C:/Users/lenovo/AppData/Roaming/Xilinx/Vivado/axi_lite/proj_axi_lite/solution1/impl/verilog/project.srcs/sources_1/bd/bd_0/synth/bd_0.v:13]
INFO: [Synth 8-6157] synthesizing module 'bd_0_hls_inst_0' [C:/Users/lenovo/AppData/Roaming/Xilinx/Vivado/axi_lite/proj_axi_lite/solution1/impl/verilog/project.runs/synth_1/.Xil/Vivado-1084-DESKTOP-71JN9RA/realtime/bd_0_hls_inst_0_stub.v:6]
INFO: [Synth 8-6155] done synthesizing module 'bd_0_hls_inst_0' (1#1) [C:/Users/lenovo/AppData/Roaming/Xilinx/Vivado/axi_lite/proj_axi_lite/solution1/impl/verilog/project.runs/synth_1/.Xil/Vivado-1084-DESKTOP-71JN9RA/realtime/bd_0_hls_inst_0_stub.v:6]
INFO: [Synth 8-6155] done synthesizing module 'bd_0' (2#1) [C:/Users/lenovo/AppData/Roaming/Xilinx/Vivado/axi_lite/proj_axi_lite/solution1/impl/verilog/project.srcs/sources_1/bd/bd_0/synth/bd_0.v:13]
INFO: [Synth 8-6155] done synthesizing module 'bd_0_wrapper' (3#1) [C:/Users/lenovo/AppData/Roaming/Xilinx/Vivado/axi_lite/proj_axi_lite/solution1/impl/verilog/project.srcs/sources_1/bd/bd_0/hdl/bd_0_wrapper.v:12]
---------------------------------------------------------------------------------
Finished RTL Elaboration : Time (s): cpu = 00:00:04 ; elapsed = 00:00:05 . Memory (MB): peak = 1086.758 ; gain = 308.746
---------------------------------------------------------------------------------

Report Check Netlist: 
+------+------------------+-------+---------+-------+------------------+
|      |Item              |Errors |Warnings |Status |Description       |
+------+------------------+-------+---------+-------+------------------+
|1     |multi_driven_nets |      0|        0|Passed |Multi driven nets |
+------+------------------+-------+---------+-------+------------------+
---------------------------------------------------------------------------------
Start Handling Custom Attributes
---------------------------------------------------------------------------------
---------------------------------------------------------------------------------
Finished Handling Custom Attributes : Time (s): cpu = 00:00:05 ; elapsed = 00:00:05 . Memory (MB): peak = 1086.758 ; gain = 308.746
---------------------------------------------------------------------------------
---------------------------------------------------------------------------------
Finished RTL Optimization Phase 1 : Time (s): cpu = 00:00:05 ; elapsed = 00:00:05 . Memory (MB): peak = 1086.758 ; gain = 308.746
---------------------------------------------------------------------------------
Netlist sorting complete. Time (s): cpu = 00:00:00 ; elapsed = 00:00:00.002 . Memory (MB): peak = 1086.758 ; gain = 0.000
INFO: [Project 1-570] Preparing netlist for logic optimization

Processing XDC Constraints
Initializing timing engine
Parsing XDC File [c:/Users/lenovo/AppData/Roaming/Xilinx/Vivado/axi_lite/proj_axi_lite/solution1/impl/verilog/project.srcs/sources_1/bd/bd_0/ip/bd_0_hls_inst_0/bd_0_hls_inst_0/bd_0_hls_inst_0_in_context.xdc] for cell 'bd_0_i/hls_inst'
Finished Parsing XDC File [c:/Users/lenovo/AppData/Roaming/Xilinx/Vivado/axi_lite/proj_axi_lite/solution1/impl/verilog/project.srcs/sources_1/bd/bd_0/ip/bd_0_hls_inst_0/bd_0_hls_inst_0/bd_0_hls_inst_0_in_context.xdc] for cell 'bd_0_i/hls_inst'
Parsing XDC File [C:/Users/lenovo/AppData/Roaming/Xilinx/Vivado/axi_lite/proj_axi_lite/solution1/impl/verilog/example.xdc]
Finished Parsing XDC File [C:/Users/lenovo/AppData/Roaming/Xilinx/Vivado/axi_lite/proj_axi_lite/solution1/impl/verilog/example.xdc]
Parsing XDC File [C:/Users/lenovo/AppData/Roaming/Xilinx/Vivado/axi_lite/proj_axi_lite/solution1/impl/verilog/project.runs/synth_1/dont_touch.xdc]
Finished Parsing XDC File [C:/Users/lenovo/AppData/Roaming/Xilinx/Vivado/axi_lite/proj_axi_lite/solution1/impl/verilog/project.runs/synth_1/dont_touch.xdc]
Completed Processing XDC Constraints

Netlist sorting complete. Time (s): cpu = 00:00:00 ; elapsed = 00:00:00 . Memory (MB): peak = 1095.383 ; gain = 0.000
INFO: [Project 1-111] Unisim Transformation Summary:
No Unisim elements were transformed.

Constraint Validation Runtime : Time (s): cpu = 00:00:00 ; elapsed = 00:00:00.039 . Memory (MB): peak = 1107.039 ; gain = 11.656
---------------------------------------------------------------------------------
Finished Constraint Validation : Time (s): cpu = 00:00:10 ; elapsed = 00:00:12 . Memory (MB): peak = 1107.039 ; gain = 329.027
---------------------------------------------------------------------------------
---------------------------------------------------------------------------------
Start Loading Part and Timing Information
---------------------------------------------------------------------------------
Loading part: xc7z020clg484-2
---------------------------------------------------------------------------------
Finished Loading Part and Timing Information : Time (s): cpu = 00:00:10 ; elapsed = 00:00:12 . Memory (MB): peak = 1107.039 ; gain = 329.027
---------------------------------------------------------------------------------
---------------------------------------------------------------------------------
Start Applying 'set_property' XDC Constraints
---------------------------------------------------------------------------------
Applied set_property DONT_TOUCH = true for bd_0_i. (constraint file  auto generated constraint, line ).
Applied set_property DONT_TOUCH = true for bd_0_i/hls_inst. (constraint file  auto generated constraint, line ).
---------------------------------------------------------------------------------
Finished applying 'set_property' XDC Constraints : Time (s): cpu = 00:00:10 ; elapsed = 00:00:12 . Memory (MB): peak = 1107.039 ; gain = 329.027
---------------------------------------------------------------------------------
---------------------------------------------------------------------------------
Finished RTL Optimization Phase 2 : Time (s): cpu = 00:00:10 ; elapsed = 00:00:12 . Memory (MB): peak = 1107.039 ; gain = 329.027
---------------------------------------------------------------------------------

Report RTL Partitions: 
+-+--------------+------------+----------+
| |RTL Partition |Replication |Instances |
+-+--------------+------------+----------+
+-+--------------+------------+----------+
---------------------------------------------------------------------------------
Start RTL Component Statistics 
---------------------------------------------------------------------------------
Detailed RTL Component Info : 
---------------------------------------------------------------------------------
Finished RTL Component Statistics 
---------------------------------------------------------------------------------
---------------------------------------------------------------------------------
Start RTL Hierarchical Component Statistics 
---------------------------------------------------------------------------------
Hierarchical RTL Component report 
---------------------------------------------------------------------------------
Finished RTL Hierarchical Component Statistics
---------------------------------------------------------------------------------
---------------------------------------------------------------------------------
Start Part Resource Summary
---------------------------------------------------------------------------------
Part Resources:
DSPs: 220 (col length:60)
BRAMs: 280 (col length: RAMB18 60 RAMB36 30)
---------------------------------------------------------------------------------
Finished Part Resource Summary
---------------------------------------------------------------------------------
---------------------------------------------------------------------------------
Start Cross Boundary and Area Optimization
---------------------------------------------------------------------------------
Warning: Parallel synthesis criteria is not met 
---------------------------------------------------------------------------------
Finished Cross Boundary and Area Optimization : Time (s): cpu = 00:00:12 ; elapsed = 00:00:13 . Memory (MB): peak = 1107.039 ; gain = 329.027
---------------------------------------------------------------------------------

Report RTL Partitions: 
+-+--------------+------------+----------+
| |RTL Partition |Replication |Instances |
+-+--------------+------------+----------+
+-+--------------+------------+----------+
---------------------------------------------------------------------------------
Start Applying XDC Timing Constraints
---------------------------------------------------------------------------------
---------------------------------------------------------------------------------
Finished Applying XDC Timing Constraints : Time (s): cpu = 00:00:19 ; elapsed = 00:00:20 . Memory (MB): peak = 1153.609 ; gain = 375.598
---------------------------------------------------------------------------------
---------------------------------------------------------------------------------
Start Timing Optimization
---------------------------------------------------------------------------------
---------------------------------------------------------------------------------
Finished Timing Optimization : Time (s): cpu = 00:00:19 ; elapsed = 00:00:20 . Memory (MB): peak = 1153.609 ; gain = 375.598
---------------------------------------------------------------------------------

Report RTL Partitions: 
+-+--------------+------------+----------+
| |RTL Partition |Replication |Instances |
+-+--------------+------------+----------+
+-+--------------+------------+----------+
---------------------------------------------------------------------------------
Start Technology Mapping
---------------------------------------------------------------------------------
---------------------------------------------------------------------------------
Finished Technology Mapping : Time (s): cpu = 00:00:19 ; elapsed = 00:00:20 . Memory (MB): peak = 1163.141 ; gain = 385.129
---------------------------------------------------------------------------------

Report RTL Partitions: 
+-+--------------+------------+----------+
| |RTL Partition |Replication |Instances |
+-+--------------+------------+----------+
+-+--------------+------------+----------+
---------------------------------------------------------------------------------
Start IO Insertion
---------------------------------------------------------------------------------
---------------------------------------------------------------------------------
Start Flattening Before IO Insertion
---------------------------------------------------------------------------------
---------------------------------------------------------------------------------
Finished Flattening Before IO Insertion
---------------------------------------------------------------------------------
---------------------------------------------------------------------------------
Start Final Netlist Cleanup
---------------------------------------------------------------------------------
---------------------------------------------------------------------------------
Finished Final Netlist Cleanup
---------------------------------------------------------------------------------
---------------------------------------------------------------------------------
Finished IO Insertion : Time (s): cpu = 00:00:22 ; elapsed = 00:00:24 . Memory (MB): peak = 1178.020 ; gain = 400.008
---------------------------------------------------------------------------------
---------------------------------------------------------------------------------
Start Renaming Generated Instances
---------------------------------------------------------------------------------
---------------------------------------------------------------------------------
Finished Renaming Generated Instances : Time (s): cpu = 00:00:22 ; elapsed = 00:00:24 . Memory (MB): peak = 1178.020 ; gain = 400.008
---------------------------------------------------------------------------------

Report RTL Partitions: 
+-+--------------+------------+----------+
| |RTL Partition |Replication |Instances |
+-+--------------+------------+----------+
+-+--------------+------------+----------+

Report Check Netlist: 
+------+------------------+-------+---------+-------+------------------+
|      |Item              |Errors |Warnings |Status |Description       |
+------+------------------+-------+---------+-------+------------------+
|1     |multi_driven_nets |      0|        0|Passed |Multi driven nets |
+------+------------------+-------+---------+-------+------------------+
---------------------------------------------------------------------------------
Start Rebuilding User Hierarchy
---------------------------------------------------------------------------------
---------------------------------------------------------------------------------
Finished Rebuilding User Hierarchy : Time (s): cpu = 00:00:22 ; elapsed = 00:00:24 . Memory (MB): peak = 1178.020 ; gain = 400.008
---------------------------------------------------------------------------------
---------------------------------------------------------------------------------
Start Renaming Generated Ports
---------------------------------------------------------------------------------
---------------------------------------------------------------------------------
Finished Renaming Generated Ports : Time (s): cpu = 00:00:22 ; elapsed = 00:00:24 . Memory (MB): peak = 1178.020 ; gain = 400.008
---------------------------------------------------------------------------------
---------------------------------------------------------------------------------
Start Handling Custom Attributes
---------------------------------------------------------------------------------
---------------------------------------------------------------------------------
Finished Handling Custom Attributes : Time (s): cpu = 00:00:22 ; elapsed = 00:00:24 . Memory (MB): peak = 1178.020 ; gain = 400.008
---------------------------------------------------------------------------------
---------------------------------------------------------------------------------
Start Renaming Generated Nets
---------------------------------------------------------------------------------
---------------------------------------------------------------------------------
Finished Renaming Generated Nets : Time (s): cpu = 00:00:22 ; elapsed = 00:00:24 . Memory (MB): peak = 1178.020 ; gain = 400.008
---------------------------------------------------------------------------------
---------------------------------------------------------------------------------
Start Writing Synthesis Report
---------------------------------------------------------------------------------

Report BlackBoxes: 
+------+----------------+----------+
|      |BlackBox name   |Instances |
+------+----------------+----------+
|1     |bd_0_hls_inst_0 |         1|
+------+----------------+----------+

Report Cell Usage: 
+------+----------------+------+
|      |Cell            |Count |
+------+----------------+------+
|1     |bd_0_hls_inst_0 |     1|
+------+----------------+------+

Report Instance Areas: 
+------+---------+-------+------+
|      |Instance |Module |Cells |
+------+---------+-------+------+
|1     |top      |       |    42|
|2     |  bd_0_i |bd_0   |    42|
+------+---------+-------+------+
---------------------------------------------------------------------------------
Finished Writing Synthesis Report : Time (s): cpu = 00:00:22 ; elapsed = 00:00:24 . Memory (MB): peak = 1178.020 ; gain = 400.008
---------------------------------------------------------------------------------
Synthesis finished with 0 errors, 0 critical warnings and 0 warnings.
Synthesis Optimization Runtime : Time (s): cpu = 00:00:17 ; elapsed = 00:00:22 . Memory (MB): peak = 1178.020 ; gain = 379.727
Synthesis Optimization Complete : Time (s): cpu = 00:00:23 ; elapsed = 00:00:24 . Memory (MB): peak = 1178.020 ; gain = 400.008
INFO: [Project 1-571] Translating synthesized netlist
Netlist sorting complete. Time (s): cpu = 00:00:00 ; elapsed = 00:00:00.002 . Memory (MB): peak = 1178.020 ; gain = 0.000
INFO: [Project 1-570] Preparing netlist for logic optimization
INFO: [Opt 31-138] Pushed 0 inverter(s) to 0 load pin(s).
Netlist sorting complete. Time (s): cpu = 00:00:00 ; elapsed = 00:00:00 . Memory (MB): peak = 1201.707 ; gain = 0.000
INFO: [Project 1-111] Unisim Transformation Summary:
No Unisim elements were transformed.

INFO: [Common 17-83] Releasing license: Synthesis
18 Infos, 1 Warnings, 0 Critical Warnings and 0 Errors encountered.
synth_design completed successfully
synth_design: Time (s): cpu = 00:00:27 ; elapsed = 00:00:30 . Memory (MB): peak = 1201.707 ; gain = 720.613
Netlist sorting complete. Time (s): cpu = 00:00:00 ; elapsed = 00:00:00 . Memory (MB): peak = 1201.707 ; gain = 0.000
WARNING: [Constraints 18-5210] No constraints selected for write.
Resolution: This message can indicate that there are no constraints for the design, or it can indicate that the used_in flags are set such that the constraints are ignored. This later case is used when running synth_design to not write synthesis constraints to the resulting checkpoint. Instead, project constraints are read when the synthesized design is opened.
INFO: [Common 17-1381] The checkpoint 'C:/Users/lenovo/AppData/Roaming/Xilinx/Vivado/axi_lite/proj_axi_lite/solution1/impl/verilog/project.runs/synth_1/bd_0_wrapper.dcp' has been generated.
INFO: [runtcl-4] Executing : report_utilization -file bd_0_wrapper_utilization_synth.rpt -pb bd_0_wrapper_utilization_synth.pb
INFO: [Common 17-206] Exiting Vivado at Tue Mar  9 14:47:07 2021...
[Tue Mar  9 14:47:11 2021] synth_1 finished
wait_on_run: Time (s): cpu = 00:00:00 ; elapsed = 00:01:37 . Memory (MB): peak = 648.762 ; gain = 0.000
Design is defaulting to impl run constrset: constrs_1
Design is defaulting to synth run part: xc7z020clg484-2
INFO: [Device 21-403] Loading part xc7z020clg484-2
INFO: [Project 1-454] Reading design checkpoint 'c:/Users/lenovo/AppData/Roaming/Xilinx/Vivado/axi_lite/proj_axi_lite/solution1/impl/verilog/project.srcs/sources_1/bd/bd_0/ip/bd_0_hls_inst_0/bd_0_hls_inst_0.dcp' for cell 'bd_0_i/hls_inst'
Netlist sorting complete. Time (s): cpu = 00:00:00 ; elapsed = 00:00:00.005 . Memory (MB): peak = 827.691 ; gain = 0.000
INFO: [Netlist 29-17] Analyzing 4 Unisim elements for replacement
INFO: [Netlist 29-28] Unisim Transformation completed in 0 CPU seconds
INFO: [Project 1-479] Netlist was created with Vivado 2019.2
INFO: [Project 1-570] Preparing netlist for logic optimization
Parsing XDC File [C:/Users/lenovo/AppData/Roaming/Xilinx/Vivado/axi_lite/proj_axi_lite/solution1/impl/verilog/example.xdc]
Finished Parsing XDC File [C:/Users/lenovo/AppData/Roaming/Xilinx/Vivado/axi_lite/proj_axi_lite/solution1/impl/verilog/example.xdc]
INFO: [Opt 31-138] Pushed 0 inverter(s) to 0 load pin(s).
Netlist sorting complete. Time (s): cpu = 00:00:00 ; elapsed = 00:00:00 . Memory (MB): peak = 952.555 ; gain = 0.000
INFO: [Project 1-111] Unisim Transformation Summary:
No Unisim elements were transformed.

open_run: Time (s): cpu = 00:00:05 ; elapsed = 00:00:06 . Memory (MB): peak = 952.555 ; gain = 303.793
Running report: report_utilization -file ./report/example_utilization_synth.rpt
Contents of report file './report/example_utilization_synth.rpt' is as follows:
Copyright 1986-2019 Xilinx, Inc. All Rights Reserved.
------------------------------------------------------------------------------------
| Tool Version : Vivado v.2019.2 (win64) Build 2708876 Wed Nov  6 21:40:23 MST 2019
| Date         : Tue Mar  9 14:47:17 2021
| Host         : DESKTOP-71JN9RA running 64-bit major release  (build 9200)
| Command      : report_utilization -file ./report/example_utilization_synth.rpt
| Design       : bd_0_wrapper
| Device       : 7z020clg484-2
| Design State : Synthesized
------------------------------------------------------------------------------------

Utilization Design Information

Table of Contents
-----------------
1. Slice Logic
1.1 Summary of Registers by Type
2. Memory
3. DSP
4. IO and GT Specific
5. Clocking
6. Specific Feature
7. Primitives
8. Black Boxes
9. Instantiated Netlists

1. Slice Logic
--------------

+-------------------------+------+-------+-----------+-------+
|        Site Type        | Used | Fixed | Available | Util% |
+-------------------------+------+-------+-----------+-------+
| Slice LUTs*             |   72 |     0 |     53200 |  0.14 |
|   LUT as Logic          |   72 |     0 |     53200 |  0.14 |
|   LUT as Memory         |    0 |     0 |     17400 |  0.00 |
| Slice Registers         |   98 |     0 |    106400 |  0.09 |
|   Register as Flip Flop |   98 |     0 |    106400 |  0.09 |
|   Register as Latch     |    0 |     0 |    106400 |  0.00 |
| F7 Muxes                |    2 |     0 |     26600 | <0.01 |
| F8 Muxes                |    0 |     0 |     13300 |  0.00 |
+-------------------------+------+-------+-----------+-------+
* Warning! The Final LUT count, after physical optimizations and full implementation, is typically lower. Run opt_design after synthesis, if not already completed, for a more realistic count.


1.1 Summary of Registers by Type
--------------------------------

+-------+--------------+-------------+--------------+
| Total | Clock Enable | Synchronous | Asynchronous |
+-------+--------------+-------------+--------------+
| 0     |            _ |           - |            - |
| 0     |            _ |           - |          Set |
| 0     |            _ |           - |        Reset |
| 0     |            _ |         Set |            - |
| 0     |            _ |       Reset |            - |
| 0     |          Yes |           - |            - |
| 0     |          Yes |           - |          Set |
| 0     |          Yes |           - |        Reset |
| 1     |          Yes |         Set |            - |
| 97    |          Yes |       Reset |            - |
+-------+--------------+-------------+--------------+


2. Memory
---------

+----------------+------+-------+-----------+-------+
|    Site Type   | Used | Fixed | Available | Util% |
+----------------+------+-------+-----------+-------+
| Block RAM Tile |    0 |     0 |       140 |  0.00 |
|   RAMB36/FIFO* |    0 |     0 |       140 |  0.00 |
|   RAMB18       |    0 |     0 |       280 |  0.00 |
+----------------+------+-------+-----------+-------+
* Note: Each Block RAM Tile only has one FIFO logic available and therefore can accommodate only one FIFO36E1 or one FIFO18E1. However, if a FIFO18E1 occupies a Block RAM Tile, that tile can still accommodate a RAMB18E1


3. DSP
------

+-----------+------+-------+-----------+-------+
| Site Type | Used | Fixed | Available | Util% |
+-----------+------+-------+-----------+-------+
| DSPs      |    0 |     0 |       220 |  0.00 |
+-----------+------+-------+-----------+-------+


4. IO and GT Specific
---------------------

+-----------------------------+------+-------+-----------+-------+
|          Site Type          | Used | Fixed | Available | Util% |
+-----------------------------+------+-------+-----------+-------+
| Bonded IOB                  |    0 |     0 |       200 |  0.00 |
| Bonded IPADs                |    0 |     0 |         2 |  0.00 |
| Bonded IOPADs               |    0 |     0 |       130 |  0.00 |
| PHY_CONTROL                 |    0 |     0 |         4 |  0.00 |
| PHASER_REF                  |    0 |     0 |         4 |  0.00 |
| OUT_FIFO                    |    0 |     0 |        16 |  0.00 |
| IN_FIFO                     |    0 |     0 |        16 |  0.00 |
| IDELAYCTRL                  |    0 |     0 |         4 |  0.00 |
| IBUFDS                      |    0 |     0 |       192 |  0.00 |
| PHASER_OUT/PHASER_OUT_PHY   |    0 |     0 |        16 |  0.00 |
| PHASER_IN/PHASER_IN_PHY     |    0 |     0 |        16 |  0.00 |
| IDELAYE2/IDELAYE2_FINEDELAY |    0 |     0 |       200 |  0.00 |
| ILOGIC                      |    0 |     0 |       200 |  0.00 |
| OLOGIC                      |    0 |     0 |       200 |  0.00 |
+-----------------------------+------+-------+-----------+-------+


5. Clocking
-----------

+------------+------+-------+-----------+-------+
|  Site Type | Used | Fixed | Available | Util% |
+------------+------+-------+-----------+-------+
| BUFGCTRL   |    0 |     0 |        32 |  0.00 |
| BUFIO      |    0 |     0 |        16 |  0.00 |
| MMCME2_ADV |    0 |     0 |         4 |  0.00 |
| PLLE2_ADV  |    0 |     0 |         4 |  0.00 |
| BUFMRCE    |    0 |     0 |         8 |  0.00 |
| BUFHCE     |    0 |     0 |        72 |  0.00 |
| BUFR       |    0 |     0 |        16 |  0.00 |
+------------+------+-------+-----------+-------+


6. Specific Feature
-------------------

+-------------+------+-------+-----------+-------+
|  Site Type  | Used | Fixed | Available | Util% |
+-------------+------+-------+-----------+-------+
| BSCANE2     |    0 |     0 |         4 |  0.00 |
| CAPTUREE2   |    0 |     0 |         1 |  0.00 |
| DNA_PORT    |    0 |     0 |         1 |  0.00 |
| EFUSE_USR   |    0 |     0 |         1 |  0.00 |
| FRAME_ECCE2 |    0 |     0 |         1 |  0.00 |
| ICAPE2      |    0 |     0 |         2 |  0.00 |
| STARTUPE2   |    0 |     0 |         1 |  0.00 |
| XADC        |    0 |     0 |         1 |  0.00 |
+-------------+------+-------+-----------+-------+


7. Primitives
-------------

+----------+------+---------------------+
| Ref Name | Used | Functional Category |
+----------+------+---------------------+
| FDRE     |   97 |        Flop & Latch |
| LUT3     |   36 |                 LUT |
| LUT6     |   19 |                 LUT |
| LUT4     |   19 |                 LUT |
| LUT5     |   16 |                 LUT |
| LUT2     |    5 |                 LUT |
| MUXF7    |    2 |               MuxFx |
| CARRY4   |    2 |          CarryLogic |
| LUT1     |    1 |                 LUT |
| FDSE     |    1 |        Flop & Latch |
+----------+------+---------------------+


8. Black Boxes
--------------

+----------+------+
| Ref Name | Used |
+----------+------+


9. Instantiated Netlists
------------------------

+-----------------+------+
|     Ref Name    | Used |
+-----------------+------+
| bd_0_hls_inst_0 |    1 |
+-----------------+------+



Running report: report_timing_summary -file ./report/example_timing_synth.rpt
INFO: [Timing 38-35] Done setting XDC timing constraints.
INFO: [Timing 38-91] UpdateTimingParams: Speed grade: -2, Delay Type: min_max.
INFO: [Timing 38-191] Multithreading enabled for timing update using a maximum of 2 CPUs
WARNING: [Timing 38-242] The property HD.CLK_SRC of clock port "ap_clk" is not set. In out-of-context mode, this prevents timing estimation for clock delay/skew
Resolution: Set the HD.CLK_SRC property of the out-of-context port to the location of the clock buffer instance in the top-level design
report_timing_summary: Time (s): cpu = 00:00:08 ; elapsed = 00:00:09 . Memory (MB): peak = 1515.699 ; gain = 563.145
Contents of report file './report/example_timing_synth.rpt' is as follows:
Copyright 1986-2019 Xilinx, Inc. All Rights Reserved.
------------------------------------------------------------------------------------
| Tool Version : Vivado v.2019.2 (win64) Build 2708876 Wed Nov  6 21:40:23 MST 2019
| Date         : Tue Mar  9 14:47:26 2021
| Host         : DESKTOP-71JN9RA running 64-bit major release  (build 9200)
| Command      : report_timing_summary -file ./report/example_timing_synth.rpt
| Design       : bd_0_wrapper
| Device       : 7z020-clg484
| Speed File   : -2  PRODUCTION 1.11 2014-09-11
------------------------------------------------------------------------------------

Timing Summary Report

------------------------------------------------------------------------------------------------
| Timer Settings
| --------------
------------------------------------------------------------------------------------------------

  Enable Multi Corner Analysis               :  Yes
  Enable Pessimism Removal                   :  Yes
  Pessimism Removal Resolution               :  Nearest Common Node
  Enable Input Delay Default Clock           :  No
  Enable Preset / Clear Arcs                 :  No
  Disable Flight Delays                      :  No
  Ignore I/O Paths                           :  No
  Timing Early Launch at Borrowing Latches   :  No
  Borrow Time for Max Delay Exceptions       :  Yes
  Merge Timing Exceptions                    :  Yes

  Corner  Analyze    Analyze    
  Name    Max Paths  Min Paths  
  ------  ---------  ---------  
  Slow    Yes        Yes        
  Fast    Yes        Yes        



check_timing report

Table of Contents
-----------------
1. checking no_clock
2. checking constant_clock
3. checking pulse_width_clock
4. checking unconstrained_internal_endpoints
5. checking no_input_delay
6. checking no_output_delay
7. checking multiple_clock
8. checking generated_clocks
9. checking loops
10. checking partial_input_delay
11. checking partial_output_delay
12. checking latch_loops

1. checking no_clock
--------------------
 There are 0 register/latch pins with no clock.


2. checking constant_clock
--------------------------
 There are 0 register/latch pins with constant_clock.


3. checking pulse_width_clock
-----------------------------
 There are 0 register/latch pins which need pulse_width check


4. checking unconstrained_internal_endpoints
--------------------------------------------
 There are 0 pins that are not constrained for maximum delay.

 There are 0 pins that are not constrained for maximum delay due to constant clock.


5. checking no_input_delay
--------------------------
 There are 27 input ports with no input delay specified. (HIGH)

 There are 0 input ports with no input delay but user has a false path constraint.


6. checking no_output_delay
---------------------------
 There are 14 ports with no output delay specified. (HIGH)

 There are 0 ports with no output delay but user has a false path constraint

 There are 0 ports with no output delay but with a timing clock defined on it or propagating through it


7. checking multiple_clock
--------------------------
 There are 0 register/latch pins with multiple clocks.


8. checking generated_clocks
----------------------------
 There are 0 generated clocks that are not connected to a clock source.


9. checking loops
-----------------
 There are 0 combinational loops in the design.


10. checking partial_input_delay
--------------------------------
 There are 0 input ports with partial input delay specified.


11. checking partial_output_delay
---------------------------------
 There are 0 ports with partial output delay specified.


12. checking latch_loops
------------------------
 There are 0 combinational latch loops in the design through latch input



------------------------------------------------------------------------------------------------
| Design Timing Summary
| ---------------------
------------------------------------------------------------------------------------------------

    WNS(ns)      TNS(ns)  TNS Failing Endpoints  TNS Total Endpoints      WHS(ns)      THS(ns)  THS Failing Endpoints  THS Total Endpoints     WPWS(ns)     TPWS(ns)  TPWS Failing Endpoints  TPWS Total Endpoints  
    -------      -------  ---------------------  -------------------      -------      -------  ---------------------  -------------------     --------     --------  ----------------------  --------------------  
     10.793        0.000                      0                  170        0.246        0.000                      0                  170        6.166        0.000                       0                    98  


All user specified timing constraints are met.


------------------------------------------------------------------------------------------------
| Clock Summary
| -------------
------------------------------------------------------------------------------------------------

Clock   Waveform(ns)       Period(ns)      Frequency(MHz)
-----   ------------       ----------      --------------
ap_clk  {0.000 6.667}      13.333          75.002          


------------------------------------------------------------------------------------------------
| Intra Clock Table
| -----------------
------------------------------------------------------------------------------------------------

Clock             WNS(ns)      TNS(ns)  TNS Failing Endpoints  TNS Total Endpoints      WHS(ns)      THS(ns)  THS Failing Endpoints  THS Total Endpoints     WPWS(ns)     TPWS(ns)  TPWS Failing Endpoints  TPWS Total Endpoints  
-----             -------      -------  ---------------------  -------------------      -------      -------  ---------------------  -------------------     --------     --------  ----------------------  --------------------  
ap_clk             10.793        0.000                      0                  170        0.246        0.000                      0                  170        6.166        0.000                       0                    98  


------------------------------------------------------------------------------------------------
| Inter Clock Table
| -----------------
------------------------------------------------------------------------------------------------

From Clock    To Clock          WNS(ns)      TNS(ns)  TNS Failing Endpoints  TNS Total Endpoints      WHS(ns)      THS(ns)  THS Failing Endpoints  THS Total Endpoints  
----------    --------          -------      -------  ---------------------  -------------------      -------      -------  ---------------------  -------------------  


------------------------------------------------------------------------------------------------
| Other Path Groups Table
| -----------------------
------------------------------------------------------------------------------------------------

Path Group    From Clock    To Clock          WNS(ns)      TNS(ns)  TNS Failing Endpoints  TNS Total Endpoints      WHS(ns)      THS(ns)  THS Failing Endpoints  THS Total Endpoints  
----------    ----------    --------          -------      -------  ---------------------  -------------------      -------      -------  ---------------------  -------------------  


------------------------------------------------------------------------------------------------
| Timing Details
| --------------
------------------------------------------------------------------------------------------------


---------------------------------------------------------------------------------------------------
From Clock:  ap_clk
  To Clock:  ap_clk

Setup :            0  Failing Endpoints,  Worst Slack       10.793ns,  Total Violation        0.000ns
Hold  :            0  Failing Endpoints,  Worst Slack        0.246ns,  Total Violation        0.000ns
PW    :            0  Failing Endpoints,  Worst Slack        6.166ns,  Total Violation        0.000ns
---------------------------------------------------------------------------------------------------


Max Delay Paths
--------------------------------------------------------------------------------------
Slack (MET) :             10.793ns  (required time - arrival time)
  Source:                 bd_0_i/hls_inst/inst/example_BUS_A_s_axi_U/waddr_reg[4]/C
                            (rising edge-triggered cell FDRE clocked by ap_clk  {rise@0.000ns fall@6.667ns period=13.333ns})
  Destination:            bd_0_i/hls_inst/inst/example_BUS_A_s_axi_U/int_a_reg[0]/CE
                            (rising edge-triggered cell FDRE clocked by ap_clk  {rise@0.000ns fall@6.667ns period=13.333ns})
  Path Group:             ap_clk
  Path Type:              Setup (Max at Slow Process Corner)
  Requirement:            13.333ns  (ap_clk rise@13.333ns - ap_clk rise@0.000ns)
  Data Path Delay:        2.329ns  (logic 0.770ns (33.061%)  route 1.559ns (66.939%))
  Logic Levels:           2  (LUT3=1 LUT6=1)
  Clock Path Skew:        -0.039ns (DCD - SCD + CPR)
    Destination Clock Delay (DCD):    0.748ns = ( 14.081 - 13.333 ) 
    Source Clock Delay      (SCD):    0.787ns
    Clock Pessimism Removal (CPR):    0.000ns
  Clock Uncertainty:      0.035ns  ((TSJ^2 + TIJ^2)^1/2 + DJ) / 2 + PE
    Total System Jitter     (TSJ):    0.071ns
    Total Input Jitter      (TIJ):    0.000ns
    Discrete Jitter          (DJ):    0.000ns
    Phase Error              (PE):    0.000ns

    Location             Delay type                Incr(ns)  Path(ns)    Netlist Resource(s)
  -------------------------------------------------------------------    -------------------
                         (clock ap_clk rise edge)     0.000     0.000 r  
                                                      0.000     0.000 r  ap_clk (IN)
                         net (fo=97, unset)           0.787     0.787    bd_0_i/hls_inst/inst/example_BUS_A_s_axi_U/ap_clk
                         FDRE                                         r  bd_0_i/hls_inst/inst/example_BUS_A_s_axi_U/waddr_reg[4]/C
  -------------------------------------------------------------------    -------------------
                         FDRE (Prop_fdre_C_Q)         0.433     1.220 r  bd_0_i/hls_inst/inst/example_BUS_A_s_axi_U/waddr_reg[4]/Q
                         net (fo=3, unplaced)         0.797     2.017    bd_0_i/hls_inst/inst/example_BUS_A_s_axi_U/waddr_reg_n_0_[4]
                         LUT6 (Prop_lut6_I0_O)        0.232     2.249 r  bd_0_i/hls_inst/inst/example_BUS_A_s_axi_U/int_a[7]_i_3/O
                         net (fo=2, unplaced)         0.358     2.607    bd_0_i/hls_inst/inst/example_BUS_A_s_axi_U/int_a[7]_i_3_n_0
                         LUT3 (Prop_lut3_I0_O)        0.105     2.712 r  bd_0_i/hls_inst/inst/example_BUS_A_s_axi_U/int_a[7]_i_1/O
                         net (fo=8, unplaced)         0.404     3.116    bd_0_i/hls_inst/inst/example_BUS_A_s_axi_U/int_a[7]_i_1_n_0
                         FDRE                                         r  bd_0_i/hls_inst/inst/example_BUS_A_s_axi_U/int_a_reg[0]/CE
  -------------------------------------------------------------------    -------------------

                         (clock ap_clk rise edge)    13.333    13.333 r  
                                                      0.000    13.333 r  ap_clk (IN)
                         net (fo=97, unset)           0.748    14.081    bd_0_i/hls_inst/inst/example_BUS_A_s_axi_U/ap_clk
                         FDRE                                         r  bd_0_i/hls_inst/inst/example_BUS_A_s_axi_U/int_a_reg[0]/C
                         clock pessimism              0.000    14.081    
                         clock uncertainty           -0.035    14.045    
                         FDRE (Setup_fdre_C_CE)      -0.136    13.909    bd_0_i/hls_inst/inst/example_BUS_A_s_axi_U/int_a_reg[0]
  -------------------------------------------------------------------
                         required time                         13.909    
                         arrival time                          -3.116    
  -------------------------------------------------------------------
                         slack                                 10.793    





Min Delay Paths
--------------------------------------------------------------------------------------
Slack (MET) :             0.246ns  (arrival time - required time)
  Source:                 bd_0_i/hls_inst/inst/example_BUS_A_s_axi_U/FSM_onehot_wstate_reg[3]/C
                            (rising edge-triggered cell FDRE clocked by ap_clk  {rise@0.000ns fall@6.667ns period=13.333ns})
  Destination:            bd_0_i/hls_inst/inst/example_BUS_A_s_axi_U/FSM_onehot_wstate_reg[3]/D
                            (rising edge-triggered cell FDRE clocked by ap_clk  {rise@0.000ns fall@6.667ns period=13.333ns})
  Path Group:             ap_clk
  Path Type:              Hold (Min at Fast Process Corner)
  Requirement:            0.000ns  (ap_clk rise@0.000ns - ap_clk rise@0.000ns)
  Data Path Delay:        0.386ns  (logic 0.262ns (67.793%)  route 0.124ns (32.207%))
  Logic Levels:           1  (LUT4=1)
  Clock Path Skew:        0.021ns (DCD - SCD - CPR)
    Destination Clock Delay (DCD):    0.411ns
    Source Clock Delay      (SCD):    0.390ns
    Clock Pessimism Removal (CPR):    -0.000ns

    Location             Delay type                Incr(ns)  Path(ns)    Netlist Resource(s)
  -------------------------------------------------------------------    -------------------
                         (clock ap_clk rise edge)     0.000     0.000 r  
                                                      0.000     0.000 r  ap_clk (IN)
                         net (fo=97, unset)           0.390     0.390    bd_0_i/hls_inst/inst/example_BUS_A_s_axi_U/ap_clk
                         FDRE                                         r  bd_0_i/hls_inst/inst/example_BUS_A_s_axi_U/FSM_onehot_wstate_reg[3]/C
  -------------------------------------------------------------------    -------------------
                         FDRE (Prop_fdre_C_Q)         0.164     0.554 r  bd_0_i/hls_inst/inst/example_BUS_A_s_axi_U/FSM_onehot_wstate_reg[3]/Q
                         net (fo=2, unplaced)         0.124     0.679    bd_0_i/hls_inst/inst/example_BUS_A_s_axi_U/s_axi_BUS_A_BVALID
                         LUT4 (Prop_lut4_I3_O)        0.098     0.777 r  bd_0_i/hls_inst/inst/example_BUS_A_s_axi_U/FSM_onehot_wstate[3]_i_1/O
                         net (fo=1, unplaced)         0.000     0.777    bd_0_i/hls_inst/inst/example_BUS_A_s_axi_U/FSM_onehot_wstate[3]_i_1_n_0
                         FDRE                                         r  bd_0_i/hls_inst/inst/example_BUS_A_s_axi_U/FSM_onehot_wstate_reg[3]/D
  -------------------------------------------------------------------    -------------------

                         (clock ap_clk rise edge)     0.000     0.000 r  
                                                      0.000     0.000 r  ap_clk (IN)
                         net (fo=97, unset)           0.411     0.411    bd_0_i/hls_inst/inst/example_BUS_A_s_axi_U/ap_clk
                         FDRE                                         r  bd_0_i/hls_inst/inst/example_BUS_A_s_axi_U/FSM_onehot_wstate_reg[3]/C
                         clock pessimism              0.000     0.411    
                         FDRE (Hold_fdre_C_D)         0.120     0.531    bd_0_i/hls_inst/inst/example_BUS_A_s_axi_U/FSM_onehot_wstate_reg[3]
  -------------------------------------------------------------------
                         required time                         -0.531    
                         arrival time                           0.777    
  -------------------------------------------------------------------
                         slack                                  0.246    





Pulse Width Checks
--------------------------------------------------------------------------------------
Clock Name:         ap_clk
Waveform(ns):       { 0.000 6.667 }
Period(ns):         13.333
Sources:            { ap_clk }

Check Type        Corner  Lib Pin  Reference Pin  Required(ns)  Actual(ns)  Slack(ns)  Location  Pin
Min Period        n/a     FDRE/C   n/a            1.000         13.333      12.333               bd_0_i/hls_inst/inst/a_read_reg_64_reg[0]/C
Low Pulse Width   Slow    FDRE/C   n/a            0.500         6.666       6.166                bd_0_i/hls_inst/inst/a_read_reg_64_reg[0]/C
High Pulse Width  Slow    FDRE/C   n/a            0.500         6.667       6.167                bd_0_i/hls_inst/inst/a_read_reg_64_reg[0]/C




HLS EXTRACTION: calculating BRAM count: (0 bram18) + 2 * (0 bram36)
HLS EXTRACTION: synth area_totals:  0 53200 106400 220 280 0 0
HLS EXTRACTION: synth area_current: 0 72 98 0 0 0 0 0 0 0
HLS EXTRACTION: generated C:/Users/lenovo/AppData/Roaming/Xilinx/Vivado/axi_lite/proj_axi_lite/solution1/impl/report/verilog/example_export.xml


Implementation tool: Xilinx Vivado v.2019.2
Project:             proj_axi_lite
Solution:            solution1
Device target:       xc7z020-clg484-2
Report date:         Tue Mar 09 14:47:26 +0800 2021

#=== Post-Synthesis Resource usage ===
SLICE:            0
LUT:             72
FF:              98
DSP:              0
BRAM:             0
SRL:              0
#=== Final timing ===
CP required:    13.333
CP achieved post-synthesis:    2.540
Timing met

HLS EXTRACTION: generated C:/Users/lenovo/AppData/Roaming/Xilinx/Vivado/axi_lite/proj_axi_lite/solution1/impl/report/verilog/example_export.rpt
INFO: [Common 17-206] Exiting Vivado at Tue Mar  9 14:47:27 2021...
