Vivado Simulator 2019.2
Copyright 1986-1999, 2001-2019 Xilinx, Inc. All Rights Reserved.
Running: D:/Xilinx/Vivado/2019.2/bin/unwrapped/win64.o/xelab.exe -wto fa1da0dd2cfc44dbbc953935398f305e --incr --debug typical --relax --mt 2 -L axi_infrastructure_v1_1_0 -L axi_vip_v1_1_6 -L processing_system7_vip_v1_0_8 -L xil_defaultlib -L axi_lite_ipif_v3_0_4 -L lib_cdc_v1_0_2 -L interrupt_control_v3_1_4 -L axi_gpio_v2_0_22 -L blk_mem_gen_v8_4_4 -L axi_bram_ctrl_v4_1_2 -L proc_sys_reset_v5_0_13 -L generic_baseblocks_v2_1_0 -L axi_register_slice_v2_1_20 -L fifo_generator_v13_2_5 -L axi_data_fifo_v2_1_19 -L axi_crossbar_v2_1_21 -L axi_protocol_converter_v2_1_20 -L xilinx_vip -L unisims_ver -L unimacro_ver -L secureip -L xpm --snapshot tb_behav xil_defaultlib.tb xil_defaultlib.glbl -log elaborate.log 
Using 2 slave threads.
Starting static elaboration
Pass Through NonSizing Optimizer
WARNING: [VRFC 10-3091] actual bit length 128 differs from formal bit length 64 for port 'WR_DATA_STRB' [/proj/xbuilds/SWIP/2019.2_1106_2127/infra/XSIM/lin/.cxl.ip/incl/processing_system7_vip_v1_0_8_axi_gp.v:208]
WARNING: [VRFC 10-3091] actual bit length 12 differs from formal bit length 6 for port 'm_axi_bid' [/wrk/2019.2/continuous/2019_11_06_2708876/packages/customer/vivado/data/ip/xilinx/processing_system7_vip_v1_0/hdl/processing_system7_vip_v1_0_vl_rfs.sv:5496]
WARNING: [VRFC 10-3091] actual bit length 12 differs from formal bit length 6 for port 'm_axi_rid' [/wrk/2019.2/continuous/2019_11_06_2708876/packages/customer/vivado/data/ip/xilinx/processing_system7_vip_v1_0/hdl/processing_system7_vip_v1_0_vl_rfs.sv:5514]
WARNING: [VRFC 10-3091] actual bit length 128 differs from formal bit length 64 for port 'WR_DATA_STRB' [/proj/xbuilds/SWIP/2019.2_1106_2127/infra/XSIM/lin/.cxl.ip/incl/processing_system7_vip_v1_0_8_axi_gp.v:292]
WARNING: [VRFC 10-3091] actual bit length 8 differs from formal bit length 9 for port 'WR_BYTES' [/proj/xbuilds/SWIP/2019.2_1106_2127/infra/XSIM/lin/.cxl.ip/incl/processing_system7_vip_v1_0_8_axi_hp.v:80]
WARNING: [VRFC 10-3091] actual bit length 8 differs from formal bit length 9 for port 'RD_BYTES' [/proj/xbuilds/SWIP/2019.2_1106_2127/infra/XSIM/lin/.cxl.ip/incl/processing_system7_vip_v1_0_8_axi_hp.v:89]
WARNING: [VRFC 10-3091] actual bit length 12 differs from formal bit length 6 for port 'm_axi_bid' [/wrk/2019.2/continuous/2019_11_06_2708876/packages/customer/vivado/data/ip/xilinx/processing_system7_vip_v1_0/hdl/processing_system7_vip_v1_0_vl_rfs.sv:10203]
WARNING: [VRFC 10-3091] actual bit length 12 differs from formal bit length 6 for port 'm_axi_rid' [/wrk/2019.2/continuous/2019_11_06_2708876/packages/customer/vivado/data/ip/xilinx/processing_system7_vip_v1_0/hdl/processing_system7_vip_v1_0_vl_rfs.sv:10221]
WARNING: [VRFC 10-3091] actual bit length 32 differs from formal bit length 64 for port 'm_axi_rdata' [/wrk/2019.2/continuous/2019_11_06_2708876/packages/customer/vivado/data/ip/xilinx/processing_system7_vip_v1_0/hdl/processing_system7_vip_v1_0_vl_rfs.sv:10222]
WARNING: [VRFC 10-3091] actual bit length 8 differs from formal bit length 9 for port 'WR_BYTES' [/proj/xbuilds/SWIP/2019.2_1106_2127/infra/XSIM/lin/.cxl.ip/incl/processing_system7_vip_v1_0_8_axi_hp.v:165]
WARNING: [VRFC 10-3091] actual bit length 8 differs from formal bit length 9 for port 'RD_BYTES' [/proj/xbuilds/SWIP/2019.2_1106_2127/infra/XSIM/lin/.cxl.ip/incl/processing_system7_vip_v1_0_8_axi_hp.v:174]
WARNING: [VRFC 10-3091] actual bit length 8 differs from formal bit length 9 for port 'WR_BYTES' [/proj/xbuilds/SWIP/2019.2_1106_2127/infra/XSIM/lin/.cxl.ip/incl/processing_system7_vip_v1_0_8_axi_hp.v:251]
WARNING: [VRFC 10-3091] actual bit length 8 differs from formal bit length 9 for port 'RD_BYTES' [/proj/xbuilds/SWIP/2019.2_1106_2127/infra/XSIM/lin/.cxl.ip/incl/processing_system7_vip_v1_0_8_axi_hp.v:260]
WARNING: [VRFC 10-3091] actual bit length 8 differs from formal bit length 9 for port 'WR_BYTES' [/proj/xbuilds/SWIP/2019.2_1106_2127/infra/XSIM/lin/.cxl.ip/incl/processing_system7_vip_v1_0_8_axi_hp.v:337]
WARNING: [VRFC 10-3091] actual bit length 8 differs from formal bit length 9 for port 'RD_BYTES' [/proj/xbuilds/SWIP/2019.2_1106_2127/infra/XSIM/lin/.cxl.ip/incl/processing_system7_vip_v1_0_8_axi_hp.v:346]
WARNING: [VRFC 10-3091] actual bit length 12 differs from formal bit length 3 for port 'm_axi_bid' [/wrk/2019.2/continuous/2019_11_06_2708876/packages/customer/vivado/data/ip/xilinx/processing_system7_vip_v1_0/hdl/processing_system7_vip_v1_0_vl_rfs.sv:7107]
WARNING: [VRFC 10-3091] actual bit length 12 differs from formal bit length 3 for port 'm_axi_rid' [/wrk/2019.2/continuous/2019_11_06_2708876/packages/customer/vivado/data/ip/xilinx/processing_system7_vip_v1_0/hdl/processing_system7_vip_v1_0_vl_rfs.sv:7125]
WARNING: [VRFC 10-3091] actual bit length 32 differs from formal bit length 64 for port 'm_axi_rdata' [/wrk/2019.2/continuous/2019_11_06_2708876/packages/customer/vivado/data/ip/xilinx/processing_system7_vip_v1_0/hdl/processing_system7_vip_v1_0_vl_rfs.sv:7126]
WARNING: [VRFC 10-3091] actual bit length 4 differs from formal bit length 8 for port 'm_axi_arqos' [E:/FPGA/secure_zynq/secure_zynq.ip_user_files/bd/base_zynq/sim/base_zynq.v:1153]
WARNING: [VRFC 10-3091] actual bit length 4 differs from formal bit length 8 for port 'm_axi_arregion' [E:/FPGA/secure_zynq/secure_zynq.ip_user_files/bd/base_zynq/sim/base_zynq.v:1155]
WARNING: [VRFC 10-3091] actual bit length 4 differs from formal bit length 8 for port 'm_axi_awqos' [E:/FPGA/secure_zynq/secure_zynq.ip_user_files/bd/base_zynq/sim/base_zynq.v:1165]
WARNING: [VRFC 10-3091] actual bit length 4 differs from formal bit length 8 for port 'm_axi_awregion' [E:/FPGA/secure_zynq/secure_zynq.ip_user_files/bd/base_zynq/sim/base_zynq.v:1167]
WARNING: [VRFC 10-5021] port 'mb_reset' is not connected on this instance [E:/FPGA/secure_zynq/secure_zynq.ip_user_files/bd/base_zynq/sim/base_zynq.v:424]
WARNING: [VRFC 10-5021] port 'ENET0_GMII_RXD' is not connected on this instance [E:/FPGA/secure_zynq/secure_zynq.ip_user_files/bd/base_zynq/ip/base_zynq_processing_system7_0_0/sim/base_zynq_processing_system7_0_0.v:197]
WARNING: [VRFC 10-3027] 'ocm_wr_strb_port0' was previously declared with a different range [/wrk/2019.2/continuous/2019_11_06_2708876/packages/customer/vivado/data/ip/xilinx/processing_system7_vip_v1_0/hdl/processing_system7_vip_v1_0_vl_rfs.sv:3759]
WARNING: [VRFC 10-5021] port 'aclk2x' is not connected on this instance [/wrk/2019.2/continuous/2019_11_06_2708876/packages/customer/vivado/data/ip/xilinx/axi_protocol_converter_v2_1/hdl/axi_protocol_converter_v2_1_vl_rfs.v:4376]
WARNING: [VRFC 10-5021] port 'aclk2x' is not connected on this instance [/wrk/2019.2/continuous/2019_11_06_2708876/packages/customer/vivado/data/ip/xilinx/axi_protocol_converter_v2_1/hdl/axi_protocol_converter_v2_1_vl_rfs.v:4631]
WARNING: [VRFC 10-5021] port 'aclk2x' is not connected on this instance [/wrk/2019.2/continuous/2019_11_06_2708876/packages/customer/vivado/data/ip/xilinx/axi_crossbar_v2_1/hdl/axi_crossbar_v2_1_vl_rfs.v:3103]
WARNING: [VRFC 10-3283] element index 64 into 'wrp_strb' is out of bounds [/wrk/2019.2/continuous/2019_11_06_2708876/packages/customer/vivado/data/ip/xilinx/processing_system7_vip_v1_0/hdl/processing_system7_vip_v1_0_vl_rfs.sv:6084]
WARNING: [VRFC 10-3283] element index 128 into 'wrp_strb' is out of bounds [/wrk/2019.2/continuous/2019_11_06_2708876/packages/customer/vivado/data/ip/xilinx/processing_system7_vip_v1_0/hdl/processing_system7_vip_v1_0_vl_rfs.sv:10844]
WARNING: [VRFC 10-3283] element index 128 into 'wrp_strb' is out of bounds [/wrk/2019.2/continuous/2019_11_06_2708876/packages/customer/vivado/data/ip/xilinx/processing_system7_vip_v1_0/hdl/processing_system7_vip_v1_0_vl_rfs.sv:7722]
WARNING: [VRFC 10-3705] select index 4 into 'wr_fifo_rd_ptr' is out of bounds [/wrk/2019.2/continuous/2019_11_06_2708876/packages/customer/vivado/data/ip/xilinx/processing_system7_vip_v1_0/hdl/processing_system7_vip_v1_0_vl_rfs.sv:7935]
WARNING: [VRFC 10-3705] select index 4 into 'ar_cnt' is out of bounds [/wrk/2019.2/continuous/2019_11_06_2708876/packages/customer/vivado/data/ip/xilinx/processing_system7_vip_v1_0/hdl/processing_system7_vip_v1_0_vl_rfs.sv:8074]
WARNING: [VRFC 10-3705] select index 4 into 'wr_rresp_cnt' is out of bounds [/wrk/2019.2/continuous/2019_11_06_2708876/packages/customer/vivado/data/ip/xilinx/processing_system7_vip_v1_0/hdl/processing_system7_vip_v1_0_vl_rfs.sv:8171]
WARNING: [VRFC 10-3705] select index 4 into 'rd_fifo_wr_ptr' is out of bounds [/wrk/2019.2/continuous/2019_11_06_2708876/packages/customer/vivado/data/ip/xilinx/processing_system7_vip_v1_0/hdl/processing_system7_vip_v1_0_vl_rfs.sv:8190]
WARNING: [VRFC 10-3705] select index 4 into 'rd_cnt' is out of bounds [/wrk/2019.2/continuous/2019_11_06_2708876/packages/customer/vivado/data/ip/xilinx/processing_system7_vip_v1_0/hdl/processing_system7_vip_v1_0_vl_rfs.sv:8331]
WARNING: [VRFC 10-3705] select index 4 into 'rresp_time_cnt' is out of bounds [/wrk/2019.2/continuous/2019_11_06_2708876/packages/customer/vivado/data/ip/xilinx/processing_system7_vip_v1_0/hdl/processing_system7_vip_v1_0_vl_rfs.sv:8336]
WARNING: [VRFC 10-3705] select index 4 into 'rd_fifo_rd_ptr' is out of bounds [/wrk/2019.2/continuous/2019_11_06_2708876/packages/customer/vivado/data/ip/xilinx/processing_system7_vip_v1_0/hdl/processing_system7_vip_v1_0_vl_rfs.sv:8341]
Completed static elaboration
Starting simulation data flow analysis
Completed simulation data flow analysis
Time Resolution for simulation is 1ps
Compiling package std.standard
Compiling package std.textio
Compiling package ieee.std_logic_1164
Compiling package ieee.numeric_std
Compiling package unisim.vcomponents
Compiling package ieee.std_logic_arith
Compiling package xpm.vcomponents
Compiling package axi_bram_ctrl_v4_1_2.axi_bram_ctrl_funcs
Compiling package ieee.vital_timing
Compiling package ieee.vital_primitives
Compiling package unisim.vpkg
Compiling package ieee.std_logic_unsigned
Compiling package synopsys.attributes
Compiling package ieee.std_logic_misc
Compiling package axi_lite_ipif_v3_0_4.ipif_pkg
Compiling package xilinx_vip.axi_vip_pkg
Compiling package xilinx_vip.xil_common_vip_pkg
Compiling package std.std
Compiling architecture implementation of entity axi_bram_ctrl_v4_1_2.sng_port_arb [\sng_port_arb(c_s_axi_addr_width...]
Compiling architecture implementation of entity axi_bram_ctrl_v4_1_2.wrap_brst [\wrap_brst(c_axi_addr_width=13,c...]
Compiling architecture muxcy_v of entity unisim.MUXCY [muxcy_default]
Compiling architecture muxcy_l_v of entity unisim.MUXCY_L [muxcy_l_default]
Compiling architecture xorcy_v of entity unisim.XORCY [xorcy_default]
Compiling architecture srl16e_v of entity unisim.SRL16E [\SRL16E(0,15)\]
Compiling architecture fdre_v of entity unisim.FDRE [fdre_default]
Compiling architecture fdr_v of entity unisim.FDR [fdr_default]
Compiling architecture imp of entity axi_bram_ctrl_v4_1_2.SRL_FIFO [\SRL_FIFO(c_data_bits=12,c_depth...]
Compiling architecture implementation of entity axi_bram_ctrl_v4_1_2.wr_chnl [\wr_chnl(c_axi_addr_width=13,c_a...]
Compiling architecture implementation of entity axi_bram_ctrl_v4_1_2.rd_chnl [\rd_chnl(c_axi_addr_width=13,c_a...]
Compiling architecture implementation of entity axi_bram_ctrl_v4_1_2.full_axi [\full_axi(c_s_axi_addr_width=13,...]
Compiling architecture implementation of entity axi_bram_ctrl_v4_1_2.axi_bram_ctrl_top [\axi_bram_ctrl_top(c_bram_addr_w...]
Compiling architecture implementation of entity axi_bram_ctrl_v4_1_2.axi_bram_ctrl [\axi_bram_ctrl(c_memory_depth=20...]
Compiling architecture base_zynq_axi_bram_ctrl_0_0_arch of entity xil_defaultlib.base_zynq_axi_bram_ctrl_0_0 [base_zynq_axi_bram_ctrl_0_0_defa...]
Compiling architecture imp of entity axi_lite_ipif_v3_0_4.pselect_f [\pselect_f(c_ab=2,c_aw=2,c_bar="...]
Compiling architecture imp of entity axi_lite_ipif_v3_0_4.pselect_f [\pselect_f(c_ab=2,c_aw=2,c_bar="...]
Compiling architecture imp of entity axi_lite_ipif_v3_0_4.pselect_f [\pselect_f(c_ab=2,c_aw=2,c_bar="...]
Compiling architecture imp of entity axi_lite_ipif_v3_0_4.pselect_f [\pselect_f(c_ab=2,c_aw=2,c_bar="...]
Compiling architecture imp of entity axi_lite_ipif_v3_0_4.address_decoder [\address_decoder(c_bus_awidth=9,...]
Compiling architecture imp of entity axi_lite_ipif_v3_0_4.slave_attachment [\slave_attachment(c_ard_addr_ran...]
Compiling architecture imp of entity axi_lite_ipif_v3_0_4.axi_lite_ipif [\axi_lite_ipif(c_s_axi_addr_widt...]
Compiling architecture implementation of entity lib_cdc_v1_0_2.cdc_sync [\cdc_sync(c_single_bit=0,c_vecto...]
Compiling architecture imp of entity axi_gpio_v2_0_22.GPIO_Core [\GPIO_Core(c_aw=9,c_gpio_width=4...]
Compiling architecture imp of entity axi_gpio_v2_0_22.axi_gpio [\axi_gpio(c_family="zynq",c_gpio...]
Compiling architecture base_zynq_axi_gpio_0_0_arch of entity xil_defaultlib.base_zynq_axi_gpio_0_0 [base_zynq_axi_gpio_0_0_default]
Compiling module blk_mem_gen_v8_4_4.blk_mem_gen_v8_4_4_output_stage(...
Compiling module blk_mem_gen_v8_4_4.blk_mem_gen_v8_4_4_output_stage(...
Compiling module blk_mem_gen_v8_4_4.blk_mem_gen_v8_4_4_softecc_outpu...
Compiling module blk_mem_gen_v8_4_4.blk_mem_gen_v8_4_4_mem_module(C_...
Compiling module blk_mem_gen_v8_4_4.blk_mem_gen_v8_4_4(C_FAMILY="zyn...
Compiling module xil_defaultlib.base_zynq_blk_mem_gen_0_0
Compiling module processing_system7_vip_v1_0_8.processing_system7_vip_v1_0_8_ge...
Compiling module processing_system7_vip_v1_0_8.processing_system7_vip_v1_0_8_ge...
Compiling module processing_system7_vip_v1_0_8.processing_system7_vip_v1_0_8_ar...
Compiling module processing_system7_vip_v1_0_8.processing_system7_vip_v1_0_8_ar...
Compiling module processing_system7_vip_v1_0_8.processing_system7_vip_v1_0_8_fm...
Compiling module processing_system7_vip_v1_0_8.processing_system7_vip_v1_0_8_ar...
Compiling module processing_system7_vip_v1_0_8.processing_system7_vip_v1_0_8_ar...
Compiling module processing_system7_vip_v1_0_8.processing_system7_vip_v1_0_8_ar...
Compiling module processing_system7_vip_v1_0_8.processing_system7_vip_v1_0_8_ar...
Compiling module processing_system7_vip_v1_0_8.processing_system7_vip_v1_0_8_ss...
Compiling module processing_system7_vip_v1_0_8.processing_system7_vip_v1_0_8_in...
Compiling module processing_system7_vip_v1_0_8.processing_system7_vip_v1_0_8_sp...
Compiling module processing_system7_vip_v1_0_8.processing_system7_vip_v1_0_8_dd...
Compiling module processing_system7_vip_v1_0_8.processing_system7_vip_v1_0_8_oc...
Compiling module processing_system7_vip_v1_0_8.processing_system7_vip_v1_0_8_oc...
Compiling module processing_system7_vip_v1_0_8.processing_system7_vip_v1_0_8_re...
Compiling module processing_system7_vip_v1_0_8.processing_system7_vip_v1_0_8_re...
Compiling module xilinx_vip.axi_vip_axi4pc(WDATA_WIDTH=32,RD...
Compiling module xilinx_vip.cb
Compiling module xilinx_vip.axi_vip_if(C_AXI_PROTOCOL=1,C_AX...
Compiling module axi_vip_v1_1_6.axi_vip_v1_1_6_top(C_AXI_PROTOCO...
Compiling module processing_system7_vip_v1_0_8.processing_system7_vip_v1_0_8_ax...
Compiling module processing_system7_vip_v1_0_8.processing_system7_vip_v1_0_8_ax...
Compiling module xilinx_vip.axi_vip_axi4pc(WDATA_WIDTH=32,RD...
Compiling module xilinx_vip.cb
Compiling module xilinx_vip.axi_vip_if(C_AXI_PROTOCOL=1,C_AX...
Compiling module axi_vip_v1_1_6.axi_vip_v1_1_6_top(C_AXI_PROTOCO...
Compiling module processing_system7_vip_v1_0_8.processing_system7_vip_v1_0_8_ax...
Compiling module processing_system7_vip_v1_0_8.processing_system7_vip_v1_0_8_ax...
Compiling module xilinx_vip.axi_vip_axi4pc(PROTOCOL=1,RID_WI...
Compiling module xilinx_vip.cb
Compiling module xilinx_vip.axi_vip_if(C_AXI_PROTOCOL=1,C_AX...
Compiling module axi_vip_v1_1_6.axi_vip_v1_1_6_top(C_AXI_PROTOCO...
Compiling module processing_system7_vip_v1_0_8.processing_system7_vip_v1_0_8_in...
Compiling module processing_system7_vip_v1_0_8.processing_system7_vip_v1_0_8_af...
Compiling module processing_system7_vip_v1_0_8.processing_system7_vip_v1_0_8_af...
Compiling module processing_system7_vip_v1_0_8.processing_system7_vip_v1_0_8_af...
Compiling module processing_system7_vip_v1_0_8.processing_system7_vip_v1_0_8_af...
Compiling module xilinx_vip.axi_vip_axi4pc(PROTOCOL=1,RID_WI...
Compiling module xilinx_vip.cb
Compiling module xilinx_vip.axi_vip_if(C_AXI_PROTOCOL=1,C_AX...
Compiling module axi_vip_v1_1_6.axi_vip_v1_1_6_top(C_AXI_PROTOCO...
Compiling module processing_system7_vip_v1_0_8.processing_system7_vip_v1_0_8_ax...
Compiling module processing_system7_vip_v1_0_8.processing_system7_vip_v1_0_8(C_...
Compiling module xil_defaultlib.base_zynq_processing_system7_0_0
Compiling module axi_infrastructure_v1_1_0.axi_infrastructure_v1_1_0_axi2ve...
Compiling module axi_infrastructure_v1_1_0.axi_infrastructure_v1_1_0_vector...
Compiling module axi_register_slice_v2_1_20.axi_register_slice_v2_1_20_axic_...
Compiling module axi_register_slice_v2_1_20.axi_register_slice_v2_1_20_axic_...
Compiling module axi_register_slice_v2_1_20.axi_register_slice_v2_1_20_axic_...
Compiling module axi_register_slice_v2_1_20.axi_register_slice_v2_1_20_axic_...
Compiling module axi_register_slice_v2_1_20.axi_register_slice_v2_1_20_axi_r...
Compiling module axi_protocol_converter_v2_1_20.axi_protocol_converter_v2_1_20_b...
Compiling module axi_protocol_converter_v2_1_20.axi_protocol_converter_v2_1_20_b...
Compiling module axi_protocol_converter_v2_1_20.axi_protocol_converter_v2_1_20_b...
Compiling module axi_protocol_converter_v2_1_20.axi_protocol_converter_v2_1_20_b...
Compiling module axi_protocol_converter_v2_1_20.axi_protocol_converter_v2_1_20_b...
Compiling module axi_protocol_converter_v2_1_20.axi_protocol_converter_v2_1_20_b...
Compiling module axi_protocol_converter_v2_1_20.axi_protocol_converter_v2_1_20_b...
Compiling module axi_protocol_converter_v2_1_20.axi_protocol_converter_v2_1_20_b...
Compiling module axi_protocol_converter_v2_1_20.axi_protocol_converter_v2_1_20_b...
Compiling module axi_protocol_converter_v2_1_20.axi_protocol_converter_v2_1_20_b...
Compiling module axi_protocol_converter_v2_1_20.axi_protocol_converter_v2_1_20_b...
Compiling module axi_protocol_converter_v2_1_20.axi_protocol_converter_v2_1_20_b...
Compiling module axi_protocol_converter_v2_1_20.axi_protocol_converter_v2_1_20_b...
Compiling module axi_infrastructure_v1_1_0.axi_infrastructure_v1_1_0_axi2ve...
Compiling module axi_infrastructure_v1_1_0.axi_infrastructure_v1_1_0_vector...
Compiling module axi_register_slice_v2_1_20.axi_register_slice_v2_1_20_axic_...
Compiling module axi_register_slice_v2_1_20.axi_register_slice_v2_1_20_axic_...
Compiling module axi_register_slice_v2_1_20.axi_register_slice_v2_1_20_axic_...
Compiling module axi_register_slice_v2_1_20.axi_register_slice_v2_1_20_axic_...
Compiling module axi_register_slice_v2_1_20.axi_register_slice_v2_1_20_axi_r...
Compiling module axi_protocol_converter_v2_1_20.axi_protocol_converter_v2_1_20_b...
Compiling module axi_protocol_converter_v2_1_20.axi_protocol_converter_v2_1_20_a...
Compiling module xil_defaultlib.base_zynq_auto_pc_0
Compiling module xil_defaultlib.m00_couplers_imp_QHT96L
Compiling module xil_defaultlib.m01_couplers_imp_11WP2HX
Compiling module axi_protocol_converter_v2_1_20.axi_protocol_converter_v2_1_20_a...
Compiling module xil_defaultlib.base_zynq_auto_pc_1
Compiling module xil_defaultlib.s00_couplers_imp_1JB4A1T
Compiling module generic_baseblocks_v2_1_0.generic_baseblocks_v2_1_0_carry_...
Compiling module generic_baseblocks_v2_1_0.generic_baseblocks_v2_1_0_compar...
Compiling module generic_baseblocks_v2_1_0.generic_baseblocks_v2_1_0_compar...
Compiling module axi_crossbar_v2_1_21.axi_crossbar_v2_1_21_addr_decode...
Compiling module axi_crossbar_v2_1_21.axi_crossbar_v2_1_21_arbiter_res...
Compiling module generic_baseblocks_v2_1_0.generic_baseblocks_v2_1_0_mux_en...
Compiling module unisims_ver.SRLC32E_default_1
Compiling module axi_data_fifo_v2_1_19.axi_data_fifo_v2_1_19_ndeep_srl(...
Compiling module axi_data_fifo_v2_1_19.axi_data_fifo_v2_1_19_axic_srl_f...
Compiling module axi_crossbar_v2_1_21.axi_crossbar_v2_1_21_si_transact...
Compiling module generic_baseblocks_v2_1_0.generic_baseblocks_v2_1_0_mux_en...
Compiling module axi_crossbar_v2_1_21.axi_crossbar_v2_1_21_si_transact...
Compiling module axi_crossbar_v2_1_21.axi_crossbar_v2_1_21_splitter
Compiling module unisims_ver.SRLC32E_default
Compiling module axi_data_fifo_v2_1_19.axi_data_fifo_v2_1_19_ndeep_srl(...
Compiling module axi_data_fifo_v2_1_19.axi_data_fifo_v2_1_19_axic_reg_s...
Compiling module axi_crossbar_v2_1_21.axi_crossbar_v2_1_21_wdata_route...
Compiling module axi_crossbar_v2_1_21.axi_crossbar_v2_1_21_wdata_mux(C...
Compiling module axi_data_fifo_v2_1_19.axi_data_fifo_v2_1_19_axic_srl_f...
Compiling module axi_infrastructure_v1_1_0.axi_infrastructure_v1_1_0_axi2ve...
Compiling module axi_infrastructure_v1_1_0.axi_infrastructure_v1_1_0_vector...
Compiling module axi_register_slice_v2_1_20.axi_register_slice_v2_1_20_axic_...
Compiling module axi_register_slice_v2_1_20.axi_register_slice_v2_1_20_axic_...
Compiling module axi_register_slice_v2_1_20.axi_register_slice_v2_1_20_axic_...
Compiling module axi_register_slice_v2_1_20.axi_register_slice_v2_1_20_axic_...
Compiling module axi_register_slice_v2_1_20.axi_register_slice_v2_1_20_axi_r...
Compiling module axi_crossbar_v2_1_21.axi_crossbar_v2_1_21_wdata_mux(C...
Compiling module axi_data_fifo_v2_1_19.axi_data_fifo_v2_1_19_ndeep_srl(...
Compiling module axi_data_fifo_v2_1_19.axi_data_fifo_v2_1_19_axic_srl_f...
Compiling module axi_crossbar_v2_1_21.axi_crossbar_v2_1_21_addr_arbite...
Compiling module axi_crossbar_v2_1_21.axi_crossbar_v2_1_21_decerr_slav...
Compiling module axi_crossbar_v2_1_21.axi_crossbar_v2_1_21_crossbar(C_...
Compiling module axi_crossbar_v2_1_21.axi_crossbar_v2_1_21_axi_crossba...
Compiling module xil_defaultlib.base_zynq_xbar_0
Compiling module xil_defaultlib.base_zynq_ps7_0_axi_periph_0
Compiling architecture fdre_v of entity unisim.FDRE [\FDRE(init='1')\]
Compiling architecture implementation of entity lib_cdc_v1_0_2.cdc_sync [\cdc_sync(c_vector_width=2,c_mtb...]
Compiling architecture srl16e_v of entity unisim.SRL16E [\SRL16E(init="1111111111111111")...]
Compiling architecture srl16_v of entity unisim.SRL16 [\SRL16(init="1111111111111111")(...]
Compiling architecture imp of entity proc_sys_reset_v5_0_13.lpf [\lpf(c_ext_rst_width=4,c_aux_rst...]
Compiling architecture imp of entity proc_sys_reset_v5_0_13.upcnt_n [\upcnt_n(c_size=6)\]
Compiling architecture imp of entity proc_sys_reset_v5_0_13.sequence_psr [sequence_psr_default]
Compiling architecture imp of entity proc_sys_reset_v5_0_13.proc_sys_reset [\proc_sys_reset(c_family="zynq",...]
Compiling architecture base_zynq_rst_ps7_0_50m_0_arch of entity xil_defaultlib.base_zynq_rst_ps7_0_50M_0 [base_zynq_rst_ps7_0_50m_0_defaul...]
Compiling module xil_defaultlib.base_zynq
Compiling architecture structure of entity xil_defaultlib.base_zynq_wrapper [base_zynq_wrapper_default]
Compiling module xil_defaultlib.tb
Compiling module xil_defaultlib.glbl
Built simulation snapshot tb_behav
