Copyright 1986-2018 Xilinx, Inc. All Rights Reserved.
----------------------------------------------------------------------------------------------
| Tool Version : Vivado v.2018.3 (win64) Build 2405991 Thu Dec  6 23:38:27 MST 2018
| Date         : Fri Mar  6 13:12:32 2020
| Host         : DESKTOP-FCHCOBH running 64-bit major release  (build 9200)
| Command      : report_control_sets -verbose -file micro_mcu_wrapper_control_sets_placed.rpt
| Design       : micro_mcu_wrapper
| Device       : xc7z020
----------------------------------------------------------------------------------------------

Control Set Information

Table of Contents
-----------------
1. Summary
2. Histogram
3. Flip-Flop Distribution
4. Detailed Control Set Information

1. Summary
----------

+----------------------------------------------------------+-------+
|                          Status                          | Count |
+----------------------------------------------------------+-------+
| Number of unique control sets                            |   103 |
| Unused register locations in slices containing registers |   311 |
+----------------------------------------------------------+-------+


2. Histogram
------------

+--------+--------------+
| Fanout | Control Sets |
+--------+--------------+
|      1 |            1 |
|      2 |            2 |
|      4 |           32 |
|      5 |            2 |
|      6 |            3 |
|      8 |            3 |
|     10 |            2 |
|     12 |           11 |
|     13 |            4 |
|     14 |           19 |
|    16+ |           24 |
+--------+--------------+


3. Flip-Flop Distribution
-------------------------

+--------------+-----------------------+------------------------+-----------------+--------------+
| Clock Enable | Synchronous Set/Reset | Asynchronous Set/Reset | Total Registers | Total Slices |
+--------------+-----------------------+------------------------+-----------------+--------------+
| No           | No                    | No                     |             158 |           47 |
| No           | No                    | Yes                    |               0 |            0 |
| No           | Yes                   | No                     |             120 |           57 |
| Yes          | No                    | No                     |             622 |          150 |
| Yes          | No                    | Yes                    |               0 |            0 |
| Yes          | Yes                   | No                     |             605 |          154 |
+--------------+-----------------------+------------------------+-----------------+--------------+


4. Detailed Control Set Information
-----------------------------------

+--------------------------------------------------+---------------------------------------------------------------------------------------------------------------------------------------------------------------------------------------------------------+---------------------------------------------------------------------------------------------------------------------------------------------------------+------------------+----------------+
|                   Clock Signal                   |                                                                                              Enable Signal                                                                                              |                                                                     Set/Reset Signal                                                                    | Slice Load Count | Bel Load Count |
+--------------------------------------------------+---------------------------------------------------------------------------------------------------------------------------------------------------------------------------------------------------------+---------------------------------------------------------------------------------------------------------------------------------------------------------+------------------+----------------+
|  micro_mcu_i/processing_system7_0/inst/FCLK_CLK0 | micro_mcu_i/axi_bram_ctrl_0/U0/gext_inst.abcv4_0_ext_inst/GEN_AXI4.I_FULL_AXI/I_RD_CHNL/GEN_NO_RD_CMD_OPT.I_WRAP_BRST/ar_active_reg                                                                     | micro_mcu_i/axi_bram_ctrl_0/U0/gext_inst.abcv4_0_ext_inst/GEN_AXI4.I_FULL_AXI/I_WR_CHNL/I_WRAP_BRST/curr_fixed_burst_reg_reg[0]                         |                1 |              1 |
|  micro_mcu_i/processing_system7_0/inst/FCLK_CLK0 | micro_mcu_i/ps7_0_axi_periph/m00_couplers/auto_pc/inst/gen_axilite.gen_b2s_conv.axilite_b2s/WR.b_channel_0/bid_fifo_0/bresp_push                                                                        |                                                                                                                                                         |                1 |              2 |
|  micro_mcu_i/processing_system7_0/inst/FCLK_CLK0 | micro_mcu_i/ps7_0_axi_periph/xbar/inst/gen_samd.crossbar_samd/gen_slave_slots[0].gen_si_write.wdata_router_w/wrouter_aw_fifo/gen_srls[0].gen_rep[1].srl_nx1/s_ready_i_reg                               |                                                                                                                                                         |                1 |              2 |
|  micro_mcu_i/processing_system7_0/inst/FCLK_CLK0 | micro_mcu_i/axi_bram_ctrl_0/U0/gext_inst.abcv4_0_ext_inst/GEN_AXI4.I_FULL_AXI/I_WR_CHNL/wrdata_reg_ld                                                                                                   | micro_mcu_i/axi_bram_ctrl_0/U0/gext_inst.abcv4_0_ext_inst/GEN_AXI4.I_FULL_AXI/I_WR_CHNL/GEN_WR_NO_ECC.bram_we_int[3]_i_1_n_0                            |                1 |              4 |
|  micro_mcu_i/processing_system7_0/inst/FCLK_CLK0 | micro_mcu_i/ps7_0_axi_periph/xbar/inst/gen_samd.crossbar_samd/gen_slave_slots[0].gen_si_read.si_transactor_ar/gen_multi_thread.arbiter_resp_inst/chosen_reg[0]_3[0]                                     | micro_mcu_i/ps7_0_axi_periph/xbar/inst/gen_samd.crossbar_samd/gen_slave_slots[0].gen_si_write.si_transactor_aw/gen_multi_thread.arbiter_resp_inst/SR[0] |                2 |              4 |
|  micro_mcu_i/processing_system7_0/inst/FCLK_CLK0 |                                                                                                                                                                                                         | micro_mcu_i/axi_gpio_0/U0/AXI_LITE_IPIF_I/I_SLAVE_ATTACHMENT/clear                                                                                      |                2 |              4 |
|  micro_mcu_i/processing_system7_0/inst/FCLK_CLK0 | micro_mcu_i/ps7_0_axi_periph/xbar/inst/gen_samd.crossbar_samd/gen_slave_slots[0].gen_si_read.si_transactor_ar/gen_multi_thread.arbiter_resp_inst/gen_multi_thread.accept_cnt_reg[1][0]                  | micro_mcu_i/ps7_0_axi_periph/xbar/inst/gen_samd.crossbar_samd/gen_slave_slots[0].gen_si_write.si_transactor_aw/gen_multi_thread.arbiter_resp_inst/SR[0] |                1 |              4 |
|  micro_mcu_i/processing_system7_0/inst/FCLK_CLK0 |                                                                                                                                                                                                         | micro_mcu_i/ps7_0_axi_periph/m00_couplers/auto_pc/inst/gen_axilite.gen_b2s_conv.axilite_b2s/SI_REG/ar.ar_pipe/aresetn_d_reg[1]_inv_0                    |                3 |              4 |
|  micro_mcu_i/processing_system7_0/inst/FCLK_CLK0 |                                                                                                                                                                                                         | micro_mcu_i/ps7_0_axi_periph/m00_couplers/auto_pc/inst/gen_axilite.gen_b2s_conv.axilite_b2s/SI_REG/aw.aw_pipe/aresetn_d_reg[0]_0                        |                2 |              4 |
|  micro_mcu_i/processing_system7_0/inst/FCLK_CLK0 | micro_mcu_i/ps7_0_axi_periph/xbar/inst/gen_samd.crossbar_samd/gen_slave_slots[0].gen_si_write.si_transactor_aw/gen_multi_thread.arbiter_resp_inst/chosen_reg[2]_6[0]                                    | micro_mcu_i/ps7_0_axi_periph/xbar/inst/gen_samd.crossbar_samd/gen_slave_slots[0].gen_si_write.si_transactor_aw/gen_multi_thread.arbiter_resp_inst/SR[0] |                2 |              4 |
|  micro_mcu_i/processing_system7_0/inst/FCLK_CLK0 | micro_mcu_i/ps7_0_axi_periph/xbar/inst/gen_samd.crossbar_samd/gen_slave_slots[0].gen_si_write.wdata_router_w/wrouter_aw_fifo/m_valid_i                                                                  | micro_mcu_i/ps7_0_axi_periph/xbar/inst/gen_samd.crossbar_samd/gen_slave_slots[0].gen_si_write.wdata_router_w/wrouter_aw_fifo/areset_d1                  |                1 |              4 |
|  micro_mcu_i/processing_system7_0/inst/FCLK_CLK0 | micro_mcu_i/ps7_0_axi_periph/xbar/inst/gen_samd.crossbar_samd/gen_master_slots[0].reg_slice_mi/r.r_pipe/E[0]                                                                                            | micro_mcu_i/ps7_0_axi_periph/xbar/inst/gen_samd.crossbar_samd/gen_slave_slots[0].gen_si_write.si_transactor_aw/gen_multi_thread.arbiter_resp_inst/SR[0] |                2 |              4 |
|  micro_mcu_i/processing_system7_0/inst/FCLK_CLK0 | micro_mcu_i/ps7_0_axi_periph/xbar/inst/gen_samd.crossbar_samd/gen_master_slots[1].reg_slice_mi/r.r_pipe/E[0]                                                                                            | micro_mcu_i/ps7_0_axi_periph/xbar/inst/gen_samd.crossbar_samd/gen_slave_slots[0].gen_si_write.si_transactor_aw/gen_multi_thread.arbiter_resp_inst/SR[0] |                2 |              4 |
|  micro_mcu_i/processing_system7_0/inst/FCLK_CLK0 |                                                                                                                                                                                                         | micro_mcu_i/rst_ps7_0_50M/U0/EXT_LPF/lpf_int                                                                                                            |                3 |              4 |
|  micro_mcu_i/processing_system7_0/inst/FCLK_CLK0 | micro_mcu_i/ps7_0_axi_periph/xbar/inst/gen_samd.crossbar_samd/gen_slave_slots[0].gen_si_read.si_transactor_ar/gen_multi_thread.arbiter_resp_inst/chosen_reg[0]_1[0]                                     | micro_mcu_i/ps7_0_axi_periph/xbar/inst/gen_samd.crossbar_samd/gen_slave_slots[0].gen_si_write.si_transactor_aw/gen_multi_thread.arbiter_resp_inst/SR[0] |                2 |              4 |
|  micro_mcu_i/processing_system7_0/inst/FCLK_CLK0 | micro_mcu_i/ps7_0_axi_periph/xbar/inst/gen_samd.crossbar_samd/gen_slave_slots[0].gen_si_write.si_transactor_aw/gen_multi_thread.arbiter_resp_inst/chosen_reg[2]_8[0]                                    | micro_mcu_i/ps7_0_axi_periph/xbar/inst/gen_samd.crossbar_samd/gen_slave_slots[0].gen_si_write.si_transactor_aw/gen_multi_thread.arbiter_resp_inst/SR[0] |                1 |              4 |
|  micro_mcu_i/processing_system7_0/inst/FCLK_CLK0 | micro_mcu_i/ps7_0_axi_periph/xbar/inst/gen_samd.crossbar_samd/gen_slave_slots[0].gen_si_read.si_transactor_ar/gen_multi_thread.arbiter_resp_inst/chosen_reg[0]_0[0]                                     | micro_mcu_i/ps7_0_axi_periph/xbar/inst/gen_samd.crossbar_samd/gen_slave_slots[0].gen_si_write.si_transactor_aw/gen_multi_thread.arbiter_resp_inst/SR[0] |                1 |              4 |
|  micro_mcu_i/processing_system7_0/inst/FCLK_CLK0 | micro_mcu_i/axi_bram_ctrl_0/U0/gext_inst.abcv4_0_ext_inst/GEN_AXI4.I_FULL_AXI/I_WR_CHNL/BID_FIFO/bid_fifo_not_empty                                                                                     | micro_mcu_i/axi_bram_ctrl_0/U0/gext_inst.abcv4_0_ext_inst/GEN_AXI4.I_FULL_AXI/I_RD_CHNL/GEN_NO_RD_CMD_OPT.I_WRAP_BRST/SR[0]                             |                1 |              4 |
|  micro_mcu_i/processing_system7_0/inst/FCLK_CLK0 | micro_mcu_i/ps7_0_axi_periph/xbar/inst/gen_samd.crossbar_samd/gen_slave_slots[0].gen_si_write.si_transactor_aw/gen_multi_thread.arbiter_resp_inst/chosen_reg[2]_9[0]                                    | micro_mcu_i/ps7_0_axi_periph/xbar/inst/gen_samd.crossbar_samd/gen_slave_slots[0].gen_si_write.si_transactor_aw/gen_multi_thread.arbiter_resp_inst/SR[0] |                1 |              4 |
|  micro_mcu_i/processing_system7_0/inst/FCLK_CLK0 | micro_mcu_i/ps7_0_axi_periph/xbar/inst/gen_samd.crossbar_samd/gen_slave_slots[0].gen_si_write.si_transactor_aw/gen_multi_thread.arbiter_resp_inst/chosen_reg[2]_7[0]                                    | micro_mcu_i/ps7_0_axi_periph/xbar/inst/gen_samd.crossbar_samd/gen_slave_slots[0].gen_si_write.si_transactor_aw/gen_multi_thread.arbiter_resp_inst/SR[0] |                1 |              4 |
|  micro_mcu_i/processing_system7_0/inst/FCLK_CLK0 | micro_mcu_i/axi_bram_ctrl_0/U0/gext_inst.abcv4_0_ext_inst/GEN_AXI4.I_FULL_AXI/I_RD_CHNL/FSM_sequential_GEN_NO_RD_CMD_OPT.rd_data_sm_cs[3]_i_1_n_0                                                       | micro_mcu_i/axi_bram_ctrl_0/U0/gext_inst.abcv4_0_ext_inst/GEN_AXI4.I_FULL_AXI/I_RD_CHNL/GEN_NO_RD_CMD_OPT.I_WRAP_BRST/SR[0]                             |                3 |              4 |
|  micro_mcu_i/processing_system7_0/inst/FCLK_CLK0 | micro_mcu_i/ps7_0_axi_periph/xbar/inst/gen_samd.crossbar_samd/gen_slave_slots[0].gen_si_write.si_transactor_aw/gen_multi_thread.arbiter_resp_inst/E[0]                                                  | micro_mcu_i/ps7_0_axi_periph/xbar/inst/gen_samd.crossbar_samd/gen_slave_slots[0].gen_si_write.si_transactor_aw/gen_multi_thread.arbiter_resp_inst/SR[0] |                2 |              4 |
|  micro_mcu_i/processing_system7_0/inst/FCLK_CLK0 | micro_mcu_i/ps7_0_axi_periph/xbar/inst/gen_samd.crossbar_samd/gen_slave_slots[0].gen_si_read.si_transactor_ar/gen_multi_thread.arbiter_resp_inst/E[0]                                                   | micro_mcu_i/ps7_0_axi_periph/xbar/inst/gen_samd.crossbar_samd/gen_slave_slots[0].gen_si_write.si_transactor_aw/gen_multi_thread.arbiter_resp_inst/SR[0] |                3 |              4 |
|  micro_mcu_i/processing_system7_0/inst/FCLK_CLK0 | micro_mcu_i/ps7_0_axi_periph/xbar/inst/gen_samd.crossbar_samd/gen_slave_slots[0].gen_si_write.si_transactor_aw/gen_multi_thread.arbiter_resp_inst/chosen_reg[2]_4[0]                                    | micro_mcu_i/ps7_0_axi_periph/xbar/inst/gen_samd.crossbar_samd/gen_slave_slots[0].gen_si_write.si_transactor_aw/gen_multi_thread.arbiter_resp_inst/SR[0] |                1 |              4 |
|  micro_mcu_i/processing_system7_0/inst/FCLK_CLK0 | micro_mcu_i/ps7_0_axi_periph/xbar/inst/gen_samd.crossbar_samd/gen_slave_slots[0].gen_si_read.si_transactor_ar/gen_multi_thread.arbiter_resp_inst/chosen_reg[0]_2[0]                                     | micro_mcu_i/ps7_0_axi_periph/xbar/inst/gen_samd.crossbar_samd/gen_slave_slots[0].gen_si_write.si_transactor_aw/gen_multi_thread.arbiter_resp_inst/SR[0] |                2 |              4 |
|  micro_mcu_i/processing_system7_0/inst/FCLK_CLK0 | micro_mcu_i/axi_gpio_0/U0/AXI_LITE_IPIF_I/I_SLAVE_ATTACHMENT/bus2ip_addr_i[8]_i_1_n_0                                                                                                                   | micro_mcu_i/axi_gpio_0/U0/AXI_LITE_IPIF_I/I_SLAVE_ATTACHMENT/SS[0]                                                                                      |                1 |              4 |
|  micro_mcu_i/processing_system7_0/inst/FCLK_CLK0 | micro_mcu_i/axi_gpio_0/U0/AXI_LITE_IPIF_I/I_SLAVE_ATTACHMENT/start2                                                                                                                                     | micro_mcu_i/axi_gpio_0/U0/AXI_LITE_IPIF_I/I_SLAVE_ATTACHMENT/I_DECODER/cs_ce_clr                                                                        |                1 |              4 |
|  micro_mcu_i/processing_system7_0/inst/FCLK_CLK0 | micro_mcu_i/ps7_0_axi_periph/xbar/inst/gen_samd.crossbar_samd/gen_slave_slots[0].gen_si_write.si_transactor_aw/gen_multi_thread.arbiter_resp_inst/chosen_reg[2]_10[0]                                   | micro_mcu_i/ps7_0_axi_periph/xbar/inst/gen_samd.crossbar_samd/gen_slave_slots[0].gen_si_write.si_transactor_aw/gen_multi_thread.arbiter_resp_inst/SR[0] |                1 |              4 |
|  micro_mcu_i/processing_system7_0/inst/FCLK_CLK0 | micro_mcu_i/ps7_0_axi_periph/xbar/inst/gen_samd.crossbar_samd/gen_slave_slots[0].gen_si_write.si_transactor_aw/gen_multi_thread.arbiter_resp_inst/chosen_reg[2]_5[0]                                    | micro_mcu_i/ps7_0_axi_periph/xbar/inst/gen_samd.crossbar_samd/gen_slave_slots[0].gen_si_write.si_transactor_aw/gen_multi_thread.arbiter_resp_inst/SR[0] |                2 |              4 |
|  micro_mcu_i/processing_system7_0/inst/FCLK_CLK0 | micro_mcu_i/ps7_0_axi_periph/xbar/inst/gen_samd.crossbar_samd/addr_arbiter_aw/E[0]                                                                                                                      | micro_mcu_i/ps7_0_axi_periph/xbar/inst/gen_samd.crossbar_samd/gen_slave_slots[0].gen_si_write.si_transactor_aw/gen_multi_thread.arbiter_resp_inst/SR[0] |                2 |              4 |
|  micro_mcu_i/processing_system7_0/inst/FCLK_CLK0 | micro_mcu_i/ps7_0_axi_periph/xbar/inst/gen_samd.crossbar_samd/gen_slave_slots[0].gen_si_write.si_transactor_aw/gen_multi_thread.arbiter_resp_inst/chosen_reg[2]_3[0]                                    | micro_mcu_i/ps7_0_axi_periph/xbar/inst/gen_samd.crossbar_samd/gen_slave_slots[0].gen_si_write.si_transactor_aw/gen_multi_thread.arbiter_resp_inst/SR[0] |                2 |              4 |
|  micro_mcu_i/processing_system7_0/inst/FCLK_CLK0 | micro_mcu_i/ps7_0_axi_periph/xbar/inst/gen_samd.crossbar_samd/addr_arbiter_aw/gen_master_slots[0].w_issuing_cnt_reg[0][0]                                                                               | micro_mcu_i/ps7_0_axi_periph/xbar/inst/gen_samd.crossbar_samd/gen_slave_slots[0].gen_si_write.si_transactor_aw/gen_multi_thread.arbiter_resp_inst/SR[0] |                2 |              4 |
|  micro_mcu_i/processing_system7_0/inst/FCLK_CLK0 | micro_mcu_i/ps7_0_axi_periph/xbar/inst/gen_samd.crossbar_samd/gen_slave_slots[0].gen_si_read.si_transactor_ar/gen_multi_thread.arbiter_resp_inst/chosen_reg[0]_4[0]                                     | micro_mcu_i/ps7_0_axi_periph/xbar/inst/gen_samd.crossbar_samd/gen_slave_slots[0].gen_si_write.si_transactor_aw/gen_multi_thread.arbiter_resp_inst/SR[0] |                3 |              4 |
|  micro_mcu_i/processing_system7_0/inst/FCLK_CLK0 | micro_mcu_i/ps7_0_axi_periph/xbar/inst/gen_samd.crossbar_samd/gen_slave_slots[0].gen_si_read.si_transactor_ar/gen_multi_thread.arbiter_resp_inst/gen_no_arbiter.s_ready_i_reg[0][0]                     | micro_mcu_i/ps7_0_axi_periph/xbar/inst/gen_samd.crossbar_samd/gen_slave_slots[0].gen_si_write.si_transactor_aw/gen_multi_thread.arbiter_resp_inst/SR[0] |                2 |              4 |
|  micro_mcu_i/processing_system7_0/inst/FCLK_CLK0 | micro_mcu_i/ps7_0_axi_periph/xbar/inst/gen_samd.crossbar_samd/gen_slave_slots[0].gen_si_read.si_transactor_ar/gen_multi_thread.arbiter_resp_inst/chosen_reg[0]_5[0]                                     | micro_mcu_i/ps7_0_axi_periph/xbar/inst/gen_samd.crossbar_samd/gen_slave_slots[0].gen_si_write.si_transactor_aw/gen_multi_thread.arbiter_resp_inst/SR[0] |                2 |              4 |
|  micro_mcu_i/processing_system7_0/inst/FCLK_CLK0 | micro_mcu_i/ps7_0_axi_periph/m00_couplers/auto_pc/inst/gen_axilite.gen_b2s_conv.axilite_b2s/RD.r_channel_0/transaction_fifo_0/E[0]                                                                      | micro_mcu_i/ps7_0_axi_periph/m00_couplers/auto_pc/inst/gen_axilite.gen_b2s_conv.axilite_b2s/areset_d1                                                   |                2 |              5 |
|  micro_mcu_i/processing_system7_0/inst/FCLK_CLK0 | micro_mcu_i/ps7_0_axi_periph/m00_couplers/auto_pc/inst/gen_axilite.gen_b2s_conv.axilite_b2s/RD.r_channel_0/transaction_fifo_0/cnt_read[4]_i_1_n_0                                                       | micro_mcu_i/ps7_0_axi_periph/m00_couplers/auto_pc/inst/gen_axilite.gen_b2s_conv.axilite_b2s/areset_d1                                                   |                2 |              5 |
|  micro_mcu_i/processing_system7_0/inst/FCLK_CLK0 | micro_mcu_i/rst_ps7_0_50M/U0/SEQ/seq_cnt_en                                                                                                                                                             | micro_mcu_i/rst_ps7_0_50M/U0/SEQ/SEQ_COUNTER/clear                                                                                                      |                1 |              6 |
|  micro_mcu_i/processing_system7_0/inst/FCLK_CLK0 |                                                                                                                                                                                                         | micro_mcu_i/ps7_0_axi_periph/xbar/inst/gen_master_slots[1].reg_slice_mi/p_1_in                                                                          |                4 |              6 |
|  micro_mcu_i/processing_system7_0/inst/FCLK_CLK0 |                                                                                                                                                                                                         | micro_mcu_i/ps7_0_axi_periph/xbar/inst/gen_master_slots[1].reg_slice_mi/p_0_in                                                                          |                3 |              6 |
|  micro_mcu_i/processing_system7_0/inst/FCLK_CLK0 | micro_mcu_i/axi_bram_ctrl_0/U0/gext_inst.abcv4_0_ext_inst/GEN_AXI4.I_FULL_AXI/I_RD_CHNL/GEN_NO_RD_CMD_OPT.brst_cnt[7]_i_1_n_0                                                                           | micro_mcu_i/axi_bram_ctrl_0/U0/gext_inst.abcv4_0_ext_inst/GEN_AXI4.I_FULL_AXI/I_RD_CHNL/GEN_NO_RD_CMD_OPT.I_WRAP_BRST/SR[0]                             |                3 |              8 |
|  micro_mcu_i/processing_system7_0/inst/FCLK_CLK0 | micro_mcu_i/ps7_0_axi_periph/xbar/inst/gen_samd.crossbar_samd/gen_decerr_slave.decerr_slave_inst/gen_axi.read_cnt[7]_i_1_n_0                                                                            | micro_mcu_i/ps7_0_axi_periph/xbar/inst/gen_samd.crossbar_samd/gen_slave_slots[0].gen_si_write.si_transactor_aw/gen_multi_thread.arbiter_resp_inst/SR[0] |                3 |              8 |
|  micro_mcu_i/processing_system7_0/inst/FCLK_CLK0 | micro_mcu_i/ps7_0_axi_periph/m00_couplers/auto_pc/inst/gen_axilite.gen_b2s_conv.axilite_b2s/WR.b_channel_0/mhandshake_r                                                                                 | micro_mcu_i/ps7_0_axi_periph/m00_couplers/auto_pc/inst/gen_axilite.gen_b2s_conv.axilite_b2s/WR.b_channel_0/bid_fifo_0/SR[0]                             |                3 |              8 |
|  micro_mcu_i/processing_system7_0/inst/FCLK_CLK0 | micro_mcu_i/axi_bram_ctrl_0/U0/gext_inst.abcv4_0_ext_inst/GEN_AXI4.I_FULL_AXI/I_RD_CHNL/GEN_NO_RD_CMD_OPT.I_WRAP_BRST/E[0]                                                                              | micro_mcu_i/axi_bram_ctrl_0/U0/gext_inst.abcv4_0_ext_inst/GEN_AXI4.I_FULL_AXI/I_WR_CHNL/I_WRAP_BRST/curr_fixed_burst_reg_reg[0]                         |                3 |             10 |
|  micro_mcu_i/processing_system7_0/inst/FCLK_CLK0 |                                                                                                                                                                                                         | micro_mcu_i/ps7_0_axi_periph/m00_couplers/auto_pc/inst/gen_axilite.gen_b2s_conv.axilite_b2s/areset_d1                                                   |                4 |             10 |
|  micro_mcu_i/processing_system7_0/inst/FCLK_CLK0 | micro_mcu_i/ps7_0_axi_periph/m00_couplers/auto_pc/inst/gen_axilite.gen_b2s_conv.axilite_b2s/RD.ar_channel_0/ar_cmd_fsm_0/E[0]                                                                           |                                                                                                                                                         |                2 |             12 |
|  micro_mcu_i/processing_system7_0/inst/FCLK_CLK0 | micro_mcu_i/ps7_0_axi_periph/xbar/inst/gen_samd.crossbar_samd/gen_decerr_slave.decerr_slave_inst/FSM_onehot_gen_axi.write_cs_reg[0]_0[0]                                                                | micro_mcu_i/ps7_0_axi_periph/xbar/inst/gen_samd.crossbar_samd/gen_slave_slots[0].gen_si_write.si_transactor_aw/gen_multi_thread.arbiter_resp_inst/SR[0] |                3 |             12 |
|  micro_mcu_i/processing_system7_0/inst/FCLK_CLK0 | micro_mcu_i/ps7_0_axi_periph/xbar/inst/gen_samd.crossbar_samd/addr_arbiter_ar/E[0]                                                                                                                      | micro_mcu_i/ps7_0_axi_periph/xbar/inst/gen_samd.crossbar_samd/gen_slave_slots[0].gen_si_write.si_transactor_aw/gen_multi_thread.arbiter_resp_inst/SR[0] |                2 |             12 |
|  micro_mcu_i/processing_system7_0/inst/FCLK_CLK0 | micro_mcu_i/ps7_0_axi_periph/m00_couplers/auto_pc/inst/gen_axilite.gen_b2s_conv.axilite_b2s/WR.aw_channel_0/cmd_translator_0/incr_cmd_0/axaddr_incr[11]_i_1_n_0                                         |                                                                                                                                                         |                3 |             12 |
|  micro_mcu_i/processing_system7_0/inst/FCLK_CLK0 | micro_mcu_i/axi_bram_ctrl_0/U0/gext_inst.abcv4_0_ext_inst/GEN_AXI4.I_FULL_AXI/I_RD_CHNL/GEN_NO_RD_CMD_OPT.GEN_RID_SNG.axi_rid_int[11]_i_2_n_0                                                           | micro_mcu_i/axi_bram_ctrl_0/U0/gext_inst.abcv4_0_ext_inst/GEN_AXI4.I_FULL_AXI/I_RD_CHNL/GEN_NO_RD_CMD_OPT.GEN_RID_SNG.axi_rid_int[11]_i_1_n_0           |                4 |             12 |
|  micro_mcu_i/processing_system7_0/inst/FCLK_CLK0 | micro_mcu_i/ps7_0_axi_periph/m00_couplers/auto_pc/inst/gen_axilite.gen_b2s_conv.axilite_b2s/WR.aw_channel_0/aw_cmd_fsm_0/state_reg[1]_1[0]                                                              |                                                                                                                                                         |                4 |             12 |
|  micro_mcu_i/processing_system7_0/inst/FCLK_CLK0 | micro_mcu_i/ps7_0_axi_periph/m00_couplers/auto_pc/inst/gen_axilite.gen_b2s_conv.axilite_b2s/RD.ar_channel_0/ar_cmd_fsm_0/FSM_sequential_state_reg[1]_1[0]                                               |                                                                                                                                                         |                5 |             12 |
|  micro_mcu_i/processing_system7_0/inst/FCLK_CLK0 | micro_mcu_i/axi_bram_ctrl_0/U0/gext_inst.abcv4_0_ext_inst/GEN_AXI4.I_FULL_AXI/I_WR_CHNL/BID_FIFO/E[0]                                                                                                   | micro_mcu_i/axi_bram_ctrl_0/U0/gext_inst.abcv4_0_ext_inst/GEN_AXI4.I_FULL_AXI/I_RD_CHNL/GEN_NO_RD_CMD_OPT.I_WRAP_BRST/SR[0]                             |                2 |             12 |
|  micro_mcu_i/processing_system7_0/inst/FCLK_CLK0 | micro_mcu_i/axi_bram_ctrl_0/U0/gext_inst.abcv4_0_ext_inst/GEN_AXI4.I_FULL_AXI/I_WR_CHNL/BID_FIFO/CI                                                                                                     |                                                                                                                                                         |                2 |             12 |
|  micro_mcu_i/processing_system7_0/inst/FCLK_CLK0 | micro_mcu_i/ps7_0_axi_periph/xbar/inst/gen_samd.crossbar_samd/gen_master_slots[1].reg_slice_mi/b.b_pipe/m_payload_i[13]_i_1_n_0                                                                         |                                                                                                                                                         |                3 |             12 |
|  micro_mcu_i/processing_system7_0/inst/FCLK_CLK0 | micro_mcu_i/ps7_0_axi_periph/xbar/inst/gen_samd.crossbar_samd/gen_master_slots[2].reg_slice_mi/b.b_pipe/gen_slave_slots[0].gen_si_write.si_transactor_aw/gen_multi_thread.arbiter_resp_inst/chosen40_in |                                                                                                                                                         |                3 |             12 |
|  micro_mcu_i/processing_system7_0/inst/FCLK_CLK0 | micro_mcu_i/ps7_0_axi_periph/xbar/inst/gen_samd.crossbar_samd/gen_slave_slots[0].gen_si_read.si_transactor_ar/gen_multi_thread.arbiter_resp_inst/chosen_reg[2]_1[0]                                     |                                                                                                                                                         |                3 |             13 |
|  micro_mcu_i/processing_system7_0/inst/FCLK_CLK0 | micro_mcu_i/axi_bram_ctrl_0/U0/gext_inst.abcv4_0_ext_inst/GEN_AXI4.I_FULL_AXI/GEN_ARB.I_SNG_PORT/aw_active_re                                                                                           | micro_mcu_i/axi_bram_ctrl_0/U0/gext_inst.abcv4_0_ext_inst/GEN_AXI4.I_FULL_AXI/I_RD_CHNL/GEN_NO_RD_CMD_OPT.I_WRAP_BRST/SR[0]                             |                4 |             13 |
|  micro_mcu_i/processing_system7_0/inst/FCLK_CLK0 | micro_mcu_i/ps7_0_axi_periph/m00_couplers/auto_pc/inst/gen_axilite.gen_b2s_conv.axilite_b2s/RD.r_channel_0/r_push_r                                                                                     |                                                                                                                                                         |                4 |             13 |
|  micro_mcu_i/processing_system7_0/inst/FCLK_CLK0 | micro_mcu_i/ps7_0_axi_periph/xbar/inst/gen_samd.crossbar_samd/gen_master_slots[2].reg_slice_mi/r.r_pipe/s_ready_i_reg_0                                                                                 |                                                                                                                                                         |                2 |             13 |
|  micro_mcu_i/processing_system7_0/inst/FCLK_CLK0 | micro_mcu_i/ps7_0_axi_periph/xbar/inst/gen_samd.crossbar_samd/gen_slave_slots[0].gen_si_read.si_transactor_ar/gen_multi_thread.cmd_push_5                                                               | micro_mcu_i/ps7_0_axi_periph/xbar/inst/gen_samd.crossbar_samd/gen_slave_slots[0].gen_si_write.si_transactor_aw/gen_multi_thread.arbiter_resp_inst/SR[0] |                3 |             14 |
|  micro_mcu_i/processing_system7_0/inst/FCLK_CLK0 | micro_mcu_i/ps7_0_axi_periph/xbar/inst/gen_samd.crossbar_samd/gen_slave_slots[0].gen_si_read.si_transactor_ar/gen_multi_thread.cmd_push_7                                                               | micro_mcu_i/ps7_0_axi_periph/xbar/inst/gen_samd.crossbar_samd/gen_slave_slots[0].gen_si_write.si_transactor_aw/gen_multi_thread.arbiter_resp_inst/SR[0] |                3 |             14 |
|  micro_mcu_i/processing_system7_0/inst/FCLK_CLK0 | micro_mcu_i/ps7_0_axi_periph/xbar/inst/gen_samd.crossbar_samd/gen_slave_slots[0].gen_si_read.si_transactor_ar/gen_multi_thread.cmd_push_4                                                               | micro_mcu_i/ps7_0_axi_periph/xbar/inst/gen_samd.crossbar_samd/gen_slave_slots[0].gen_si_write.si_transactor_aw/gen_multi_thread.arbiter_resp_inst/SR[0] |                3 |             14 |
|  micro_mcu_i/processing_system7_0/inst/FCLK_CLK0 | micro_mcu_i/ps7_0_axi_periph/xbar/inst/gen_samd.crossbar_samd/gen_slave_slots[0].gen_si_write.si_transactor_aw/gen_multi_thread.cmd_push_4                                                              | micro_mcu_i/ps7_0_axi_periph/xbar/inst/gen_samd.crossbar_samd/gen_slave_slots[0].gen_si_write.si_transactor_aw/gen_multi_thread.arbiter_resp_inst/SR[0] |                3 |             14 |
|  micro_mcu_i/processing_system7_0/inst/FCLK_CLK0 | micro_mcu_i/ps7_0_axi_periph/xbar/inst/gen_samd.crossbar_samd/gen_slave_slots[0].gen_si_write.si_transactor_aw/gen_multi_thread.cmd_push_2                                                              | micro_mcu_i/ps7_0_axi_periph/xbar/inst/gen_samd.crossbar_samd/gen_slave_slots[0].gen_si_write.si_transactor_aw/gen_multi_thread.arbiter_resp_inst/SR[0] |                3 |             14 |
|  micro_mcu_i/processing_system7_0/inst/FCLK_CLK0 | micro_mcu_i/ps7_0_axi_periph/xbar/inst/gen_samd.crossbar_samd/gen_slave_slots[0].gen_si_write.si_transactor_aw/gen_multi_thread.cmd_push_5                                                              | micro_mcu_i/ps7_0_axi_periph/xbar/inst/gen_samd.crossbar_samd/gen_slave_slots[0].gen_si_write.si_transactor_aw/gen_multi_thread.arbiter_resp_inst/SR[0] |                3 |             14 |
|  micro_mcu_i/processing_system7_0/inst/FCLK_CLK0 | micro_mcu_i/ps7_0_axi_periph/xbar/inst/gen_samd.crossbar_samd/gen_slave_slots[0].gen_si_write.si_transactor_aw/gen_multi_thread.cmd_push_7                                                              | micro_mcu_i/ps7_0_axi_periph/xbar/inst/gen_samd.crossbar_samd/gen_slave_slots[0].gen_si_write.si_transactor_aw/gen_multi_thread.arbiter_resp_inst/SR[0] |                2 |             14 |
|  micro_mcu_i/processing_system7_0/inst/FCLK_CLK0 | micro_mcu_i/ps7_0_axi_periph/xbar/inst/gen_samd.crossbar_samd/gen_slave_slots[0].gen_si_write.si_transactor_aw/gen_multi_thread.cmd_push_3                                                              | micro_mcu_i/ps7_0_axi_periph/xbar/inst/gen_samd.crossbar_samd/gen_slave_slots[0].gen_si_write.si_transactor_aw/gen_multi_thread.arbiter_resp_inst/SR[0] |                3 |             14 |
|  micro_mcu_i/processing_system7_0/inst/FCLK_CLK0 | micro_mcu_i/ps7_0_axi_periph/xbar/inst/gen_samd.crossbar_samd/gen_slave_slots[0].gen_si_write.si_transactor_aw/gen_multi_thread.cmd_push_6                                                              | micro_mcu_i/ps7_0_axi_periph/xbar/inst/gen_samd.crossbar_samd/gen_slave_slots[0].gen_si_write.si_transactor_aw/gen_multi_thread.arbiter_resp_inst/SR[0] |                3 |             14 |
|  micro_mcu_i/processing_system7_0/inst/FCLK_CLK0 | micro_mcu_i/ps7_0_axi_periph/xbar/inst/gen_samd.crossbar_samd/gen_slave_slots[0].gen_si_write.si_transactor_aw/gen_multi_thread.cmd_push_0                                                              | micro_mcu_i/ps7_0_axi_periph/xbar/inst/gen_samd.crossbar_samd/gen_slave_slots[0].gen_si_write.si_transactor_aw/gen_multi_thread.arbiter_resp_inst/SR[0] |                3 |             14 |
|  micro_mcu_i/processing_system7_0/inst/FCLK_CLK0 | micro_mcu_i/ps7_0_axi_periph/m00_couplers/auto_pc/inst/gen_axilite.gen_b2s_conv.axilite_b2s/SI_REG/b.b_pipe/s_ready_i_reg_0                                                                             |                                                                                                                                                         |                2 |             14 |
|  micro_mcu_i/processing_system7_0/inst/FCLK_CLK0 | micro_mcu_i/ps7_0_axi_periph/xbar/inst/gen_samd.crossbar_samd/gen_slave_slots[0].gen_si_read.si_transactor_ar/gen_multi_thread.cmd_push_3                                                               | micro_mcu_i/ps7_0_axi_periph/xbar/inst/gen_samd.crossbar_samd/gen_slave_slots[0].gen_si_write.si_transactor_aw/gen_multi_thread.arbiter_resp_inst/SR[0] |                4 |             14 |
|  micro_mcu_i/processing_system7_0/inst/FCLK_CLK0 | micro_mcu_i/ps7_0_axi_periph/xbar/inst/gen_samd.crossbar_samd/gen_slave_slots[0].gen_si_read.si_transactor_ar/gen_multi_thread.cmd_push_1                                                               | micro_mcu_i/ps7_0_axi_periph/xbar/inst/gen_samd.crossbar_samd/gen_slave_slots[0].gen_si_write.si_transactor_aw/gen_multi_thread.arbiter_resp_inst/SR[0] |                4 |             14 |
|  micro_mcu_i/processing_system7_0/inst/FCLK_CLK0 | micro_mcu_i/ps7_0_axi_periph/xbar/inst/gen_samd.crossbar_samd/gen_master_slots[0].reg_slice_mi/b.b_pipe/gen_slave_slots[0].gen_si_write.si_transactor_aw/gen_multi_thread.arbiter_resp_inst/chosen41_in |                                                                                                                                                         |                4 |             14 |
|  micro_mcu_i/processing_system7_0/inst/FCLK_CLK0 | micro_mcu_i/ps7_0_axi_periph/xbar/inst/gen_samd.crossbar_samd/gen_slave_slots[0].gen_si_read.si_transactor_ar/gen_multi_thread.cmd_push_0                                                               | micro_mcu_i/ps7_0_axi_periph/xbar/inst/gen_samd.crossbar_samd/gen_slave_slots[0].gen_si_write.si_transactor_aw/gen_multi_thread.arbiter_resp_inst/SR[0] |                2 |             14 |
|  micro_mcu_i/processing_system7_0/inst/FCLK_CLK0 | micro_mcu_i/ps7_0_axi_periph/xbar/inst/gen_samd.crossbar_samd/gen_slave_slots[0].gen_si_read.si_transactor_ar/gen_multi_thread.cmd_push_2                                                               | micro_mcu_i/ps7_0_axi_periph/xbar/inst/gen_samd.crossbar_samd/gen_slave_slots[0].gen_si_write.si_transactor_aw/gen_multi_thread.arbiter_resp_inst/SR[0] |                2 |             14 |
|  micro_mcu_i/processing_system7_0/inst/FCLK_CLK0 | micro_mcu_i/ps7_0_axi_periph/m00_couplers/auto_pc/inst/gen_axilite.gen_b2s_conv.axilite_b2s/SI_REG/b.b_pipe/p_1_in                                                                                      |                                                                                                                                                         |                2 |             14 |
|  micro_mcu_i/processing_system7_0/inst/FCLK_CLK0 | micro_mcu_i/ps7_0_axi_periph/xbar/inst/gen_samd.crossbar_samd/gen_slave_slots[0].gen_si_read.si_transactor_ar/gen_multi_thread.cmd_push_6                                                               | micro_mcu_i/ps7_0_axi_periph/xbar/inst/gen_samd.crossbar_samd/gen_slave_slots[0].gen_si_write.si_transactor_aw/gen_multi_thread.arbiter_resp_inst/SR[0] |                3 |             14 |
|  micro_mcu_i/processing_system7_0/inst/FCLK_CLK0 | micro_mcu_i/ps7_0_axi_periph/xbar/inst/gen_samd.crossbar_samd/gen_slave_slots[0].gen_si_write.si_transactor_aw/gen_multi_thread.cmd_push_1                                                              | micro_mcu_i/ps7_0_axi_periph/xbar/inst/gen_samd.crossbar_samd/gen_slave_slots[0].gen_si_write.si_transactor_aw/gen_multi_thread.arbiter_resp_inst/SR[0] |                3 |             14 |
|  micro_mcu_i/processing_system7_0/inst/FCLK_CLK0 | micro_mcu_i/ps7_0_axi_periph/m00_couplers/auto_pc/inst/gen_axilite.gen_b2s_conv.axilite_b2s/WR.aw_channel_0/aw_cmd_fsm_0/b_push                                                                         |                                                                                                                                                         |                3 |             16 |
|  micro_mcu_i/processing_system7_0/inst/FCLK_CLK0 |                                                                                                                                                                                                         | micro_mcu_i/axi_gpio_0/U0/AXI_LITE_IPIF_I/I_SLAVE_ATTACHMENT/SS[0]                                                                                      |                6 |             21 |
|  micro_mcu_i/processing_system7_0/inst/FCLK_CLK0 | micro_mcu_i/ps7_0_axi_periph/m00_couplers/auto_pc/inst/gen_axilite.gen_b2s_conv.axilite_b2s/WR.aw_channel_0/aw_cmd_fsm_0/E[0]                                                                           |                                                                                                                                                         |                9 |             26 |
|  micro_mcu_i/processing_system7_0/inst/FCLK_CLK0 | micro_mcu_i/ps7_0_axi_periph/m00_couplers/auto_pc/inst/gen_axilite.gen_b2s_conv.axilite_b2s/RD.ar_channel_0/ar_cmd_fsm_0/FSM_sequential_state_reg[0]_0[0]                                               |                                                                                                                                                         |               13 |             26 |
|  micro_mcu_i/processing_system7_0/inst/FCLK_CLK0 | micro_mcu_i/axi_bram_ctrl_0/U0/gext_inst.abcv4_0_ext_inst/GEN_AXI4.I_FULL_AXI/GEN_ARB.I_SNG_PORT/ar_active_re                                                                                           | micro_mcu_i/axi_bram_ctrl_0/U0/gext_inst.abcv4_0_ext_inst/GEN_AXI4.I_FULL_AXI/I_RD_CHNL/GEN_NO_RD_CMD_OPT.I_WRAP_BRST/SR[0]                             |                6 |             27 |
|  micro_mcu_i/processing_system7_0/inst/FCLK_CLK0 |                                                                                                                                                                                                         | micro_mcu_i/ps7_0_axi_periph/xbar/inst/gen_samd.crossbar_samd/gen_slave_slots[0].gen_si_write.si_transactor_aw/gen_multi_thread.arbiter_resp_inst/SR[0] |               12 |             28 |
|  micro_mcu_i/processing_system7_0/inst/FCLK_CLK0 | micro_mcu_i/ps7_0_axi_periph/m00_couplers/auto_pc/inst/gen_axilite.gen_b2s_conv.axilite_b2s/RD.ar_channel_0/ar_cmd_fsm_0/FSM_sequential_state_reg[1]_2[0]                                               |                                                                                                                                                         |                8 |             32 |
|  micro_mcu_i/processing_system7_0/inst/FCLK_CLK0 | micro_mcu_i/ps7_0_axi_periph/m00_couplers/auto_pc/inst/gen_axilite.gen_b2s_conv.axilite_b2s/RD.r_channel_0/rd_data_fifo_0/wr_en0                                                                        |                                                                                                                                                         |                9 |             32 |
|  micro_mcu_i/processing_system7_0/inst/FCLK_CLK0 | micro_mcu_i/axi_bram_ctrl_0/U0/gext_inst.abcv4_0_ext_inst/GEN_AXI4.I_FULL_AXI/I_RD_CHNL/axi_rdata_en                                                                                                    | micro_mcu_i/axi_bram_ctrl_0/U0/gext_inst.abcv4_0_ext_inst/GEN_AXI4.I_FULL_AXI/I_RD_CHNL/GEN_NO_RD_CMD_OPT.GEN_RID_SNG.axi_rid_int[11]_i_1_n_0           |                5 |             32 |
|  micro_mcu_i/processing_system7_0/inst/FCLK_CLK0 | micro_mcu_i/axi_bram_ctrl_0/U0/gext_inst.abcv4_0_ext_inst/GEN_AXI4.I_FULL_AXI/I_WR_CHNL/wrdata_reg_ld                                                                                                   |                                                                                                                                                         |                5 |             32 |
|  micro_mcu_i/processing_system7_0/inst/FCLK_CLK0 | micro_mcu_i/axi_bram_ctrl_0/U0/gext_inst.abcv4_0_ext_inst/GEN_AXI4.I_FULL_AXI/I_RD_CHNL/rd_skid_buf_ld                                                                                                  | micro_mcu_i/axi_bram_ctrl_0/U0/gext_inst.abcv4_0_ext_inst/GEN_AXI4.I_FULL_AXI/I_RD_CHNL/GEN_NO_RD_CMD_OPT.I_WRAP_BRST/SR[0]                             |                5 |             32 |
|  micro_mcu_i/processing_system7_0/inst/FCLK_CLK0 | micro_mcu_i/ps7_0_axi_periph/m00_couplers/auto_pc/inst/gen_axilite.gen_b2s_conv.axilite_b2s/SI_REG/aw.aw_pipe/s_ready_i_reg_0                                                                           |                                                                                                                                                         |                6 |             32 |
|  micro_mcu_i/processing_system7_0/inst/FCLK_CLK0 | micro_mcu_i/ps7_0_axi_periph/m00_couplers/auto_pc/inst/gen_axilite.gen_b2s_conv.axilite_b2s/SI_REG/ar.ar_pipe/s_ready_i_reg_0                                                                           |                                                                                                                                                         |                8 |             32 |
|  micro_mcu_i/processing_system7_0/inst/FCLK_CLK0 | micro_mcu_i/ps7_0_axi_periph/m00_couplers/auto_pc/inst/gen_axilite.gen_b2s_conv.axilite_b2s/WR.aw_channel_0/aw_cmd_fsm_0/m_valid_i_reg[0]                                                               |                                                                                                                                                         |                6 |             32 |
|  micro_mcu_i/processing_system7_0/inst/FCLK_CLK0 |                                                                                                                                                                                                         | micro_mcu_i/axi_bram_ctrl_0/U0/gext_inst.abcv4_0_ext_inst/GEN_AXI4.I_FULL_AXI/I_RD_CHNL/GEN_NO_RD_CMD_OPT.I_WRAP_BRST/SR[0]                             |               18 |             33 |
|  micro_mcu_i/processing_system7_0/inst/FCLK_CLK0 | micro_mcu_i/ps7_0_axi_periph/xbar/inst/gen_samd.crossbar_samd/addr_arbiter_aw/p_1_in                                                                                                                    | micro_mcu_i/ps7_0_axi_periph/xbar/inst/gen_samd.crossbar_samd/gen_slave_slots[0].gen_si_write.si_transactor_aw/gen_multi_thread.arbiter_resp_inst/SR[0] |                6 |             33 |
|  micro_mcu_i/processing_system7_0/inst/FCLK_CLK0 | micro_mcu_i/ps7_0_axi_periph/xbar/inst/gen_samd.crossbar_samd/addr_arbiter_ar/p_1_in                                                                                                                    | micro_mcu_i/ps7_0_axi_periph/xbar/inst/gen_samd.crossbar_samd/gen_slave_slots[0].gen_si_write.si_transactor_aw/gen_multi_thread.arbiter_resp_inst/SR[0] |                5 |             33 |
|  micro_mcu_i/processing_system7_0/inst/FCLK_CLK0 | micro_mcu_i/ps7_0_axi_periph/xbar/inst/gen_samd.crossbar_samd/gen_master_slots[0].reg_slice_mi/r.r_pipe/p_1_in_0                                                                                        |                                                                                                                                                         |               16 |             45 |
|  micro_mcu_i/processing_system7_0/inst/FCLK_CLK0 | micro_mcu_i/ps7_0_axi_periph/xbar/inst/gen_samd.crossbar_samd/gen_master_slots[0].reg_slice_mi/r.r_pipe/s_ready_i_reg_0                                                                                 |                                                                                                                                                         |               10 |             45 |
|  micro_mcu_i/processing_system7_0/inst/FCLK_CLK0 | micro_mcu_i/ps7_0_axi_periph/xbar/inst/gen_samd.crossbar_samd/gen_slave_slots[0].gen_si_read.si_transactor_ar/gen_multi_thread.arbiter_resp_inst/chosen_reg[1]_1[0]                                     |                                                                                                                                                         |               10 |             45 |
|  micro_mcu_i/processing_system7_0/inst/FCLK_CLK0 | micro_mcu_i/ps7_0_axi_periph/xbar/inst/gen_samd.crossbar_samd/gen_master_slots[1].reg_slice_mi/r.r_pipe/s_ready_i_reg_0                                                                                 |                                                                                                                                                         |               10 |             45 |
|  micro_mcu_i/processing_system7_0/inst/FCLK_CLK0 | micro_mcu_i/ps7_0_axi_periph/m00_couplers/auto_pc/inst/gen_axilite.gen_b2s_conv.axilite_b2s/SI_REG/r.r_pipe/s_ready_i_reg_0                                                                             |                                                                                                                                                         |                7 |             45 |
|  micro_mcu_i/processing_system7_0/inst/FCLK_CLK0 | micro_mcu_i/ps7_0_axi_periph/m00_couplers/auto_pc/inst/gen_axilite.gen_b2s_conv.axilite_b2s/SI_REG/r.r_pipe/p_1_in                                                                                      |                                                                                                                                                         |                9 |             45 |
|  micro_mcu_i/processing_system7_0/inst/FCLK_CLK0 |                                                                                                                                                                                                         |                                                                                                                                                         |               48 |            160 |
+--------------------------------------------------+---------------------------------------------------------------------------------------------------------------------------------------------------------------------------------------------------------+---------------------------------------------------------------------------------------------------------------------------------------------------------+------------------+----------------+


