Vivado Simulator 2018.3
Copyright 1986-1999, 2001-2018 Xilinx, Inc. All Rights Reserved.
Running: E:/Xilinx/Vivado/2018.3/bin/unwrapped/win64.o/xelab.exe -wto f10bac18491a436d8711341814125580 --incr --debug typical --relax --mt 2 -L axi_infrastructure_v1_1_0 -L axi_vip_v1_1_4 -L processing_system7_vip_v1_0_6 -L xil_defaultlib -L axi_lite_ipif_v3_0_4 -L lib_cdc_v1_0_2 -L interrupt_control_v3_1_4 -L axi_gpio_v2_0_20 -L proc_sys_reset_v5_0_13 -L generic_baseblocks_v2_1_0 -L axi_register_slice_v2_1_18 -L fifo_generator_v13_2_3 -L axi_data_fifo_v2_1_17 -L axi_crossbar_v2_1_19 -L blk_mem_gen_v8_3_6 -L axi_bram_ctrl_v4_1_0 -L blk_mem_gen_v8_4_2 -L axi_protocol_converter_v2_1_18 -L xilinx_vip -L unisims_ver -L unimacro_ver -L secureip -L xpm --snapshot micro_mcu_wrapper_behav xil_defaultlib.micro_mcu_wrapper xil_defaultlib.glbl -log elaborate.log 
Using 2 slave threads.
Starting static elaboration
WARNING: [VRFC 10-3091] actual bit length 128 differs from formal bit length 64 for port 'WR_DATA_STRB' [/proj/xbuilds/2018.3_1207_2324/infra/XSIM/lin/.cxl.ip/incl/processing_system7_vip_v1_0_6_axi_gp.v:208]
WARNING: [VRFC 10-3091] actual bit length 12 differs from formal bit length 6 for port 'm_axi_bid' [/wrk/2018.3/nightly/2018_12_06_2405991/packages/customer/vivado/data/ip/xilinx/processing_system7_vip_v1_0/hdl/processing_system7_vip_v1_0_vl_rfs.sv:5463]
WARNING: [VRFC 10-3091] actual bit length 12 differs from formal bit length 6 for port 'm_axi_rid' [/wrk/2018.3/nightly/2018_12_06_2405991/packages/customer/vivado/data/ip/xilinx/processing_system7_vip_v1_0/hdl/processing_system7_vip_v1_0_vl_rfs.sv:5481]
WARNING: [VRFC 10-3091] actual bit length 128 differs from formal bit length 64 for port 'WR_DATA_STRB' [/proj/xbuilds/2018.3_1207_2324/infra/XSIM/lin/.cxl.ip/incl/processing_system7_vip_v1_0_6_axi_gp.v:292]
WARNING: [VRFC 10-3091] actual bit length 8 differs from formal bit length 9 for port 'WR_BYTES' [/proj/xbuilds/2018.3_1207_2324/infra/XSIM/lin/.cxl.ip/incl/processing_system7_vip_v1_0_6_axi_hp.v:80]
WARNING: [VRFC 10-3091] actual bit length 8 differs from formal bit length 9 for port 'RD_BYTES' [/proj/xbuilds/2018.3_1207_2324/infra/XSIM/lin/.cxl.ip/incl/processing_system7_vip_v1_0_6_axi_hp.v:89]
WARNING: [VRFC 10-3091] actual bit length 12 differs from formal bit length 6 for port 'm_axi_bid' [/wrk/2018.3/nightly/2018_12_06_2405991/packages/customer/vivado/data/ip/xilinx/processing_system7_vip_v1_0/hdl/processing_system7_vip_v1_0_vl_rfs.sv:10170]
WARNING: [VRFC 10-3091] actual bit length 12 differs from formal bit length 6 for port 'm_axi_rid' [/wrk/2018.3/nightly/2018_12_06_2405991/packages/customer/vivado/data/ip/xilinx/processing_system7_vip_v1_0/hdl/processing_system7_vip_v1_0_vl_rfs.sv:10188]
WARNING: [VRFC 10-3091] actual bit length 32 differs from formal bit length 64 for port 'm_axi_rdata' [/wrk/2018.3/nightly/2018_12_06_2405991/packages/customer/vivado/data/ip/xilinx/processing_system7_vip_v1_0/hdl/processing_system7_vip_v1_0_vl_rfs.sv:10189]
WARNING: [VRFC 10-3091] actual bit length 8 differs from formal bit length 9 for port 'WR_BYTES' [/proj/xbuilds/2018.3_1207_2324/infra/XSIM/lin/.cxl.ip/incl/processing_system7_vip_v1_0_6_axi_hp.v:165]
WARNING: [VRFC 10-3091] actual bit length 8 differs from formal bit length 9 for port 'RD_BYTES' [/proj/xbuilds/2018.3_1207_2324/infra/XSIM/lin/.cxl.ip/incl/processing_system7_vip_v1_0_6_axi_hp.v:174]
WARNING: [VRFC 10-3091] actual bit length 8 differs from formal bit length 9 for port 'WR_BYTES' [/proj/xbuilds/2018.3_1207_2324/infra/XSIM/lin/.cxl.ip/incl/processing_system7_vip_v1_0_6_axi_hp.v:251]
WARNING: [VRFC 10-3091] actual bit length 8 differs from formal bit length 9 for port 'RD_BYTES' [/proj/xbuilds/2018.3_1207_2324/infra/XSIM/lin/.cxl.ip/incl/processing_system7_vip_v1_0_6_axi_hp.v:260]
WARNING: [VRFC 10-3091] actual bit length 8 differs from formal bit length 9 for port 'WR_BYTES' [/proj/xbuilds/2018.3_1207_2324/infra/XSIM/lin/.cxl.ip/incl/processing_system7_vip_v1_0_6_axi_hp.v:337]
WARNING: [VRFC 10-3091] actual bit length 8 differs from formal bit length 9 for port 'RD_BYTES' [/proj/xbuilds/2018.3_1207_2324/infra/XSIM/lin/.cxl.ip/incl/processing_system7_vip_v1_0_6_axi_hp.v:346]
WARNING: [VRFC 10-3091] actual bit length 12 differs from formal bit length 3 for port 'm_axi_bid' [/wrk/2018.3/nightly/2018_12_06_2405991/packages/customer/vivado/data/ip/xilinx/processing_system7_vip_v1_0/hdl/processing_system7_vip_v1_0_vl_rfs.sv:7074]
WARNING: [VRFC 10-3091] actual bit length 12 differs from formal bit length 3 for port 'm_axi_rid' [/wrk/2018.3/nightly/2018_12_06_2405991/packages/customer/vivado/data/ip/xilinx/processing_system7_vip_v1_0/hdl/processing_system7_vip_v1_0_vl_rfs.sv:7092]
WARNING: [VRFC 10-3091] actual bit length 32 differs from formal bit length 64 for port 'm_axi_rdata' [/wrk/2018.3/nightly/2018_12_06_2405991/packages/customer/vivado/data/ip/xilinx/processing_system7_vip_v1_0/hdl/processing_system7_vip_v1_0_vl_rfs.sv:7093]
WARNING: [VRFC 10-3091] actual bit length 4 differs from formal bit length 8 for port 'm_axi_arqos' [E:/Xilinx-tools/xc7z020-prj/first-020/first-020.ip_user_files/bd/micro_mcu/sim/micro_mcu.v:1721]
WARNING: [VRFC 10-3091] actual bit length 4 differs from formal bit length 8 for port 'm_axi_arregion' [E:/Xilinx-tools/xc7z020-prj/first-020/first-020.ip_user_files/bd/micro_mcu/sim/micro_mcu.v:1723]
WARNING: [VRFC 10-3091] actual bit length 4 differs from formal bit length 8 for port 'm_axi_awqos' [E:/Xilinx-tools/xc7z020-prj/first-020/first-020.ip_user_files/bd/micro_mcu/sim/micro_mcu.v:1733]
WARNING: [VRFC 10-3091] actual bit length 4 differs from formal bit length 8 for port 'm_axi_awregion' [E:/Xilinx-tools/xc7z020-prj/first-020/first-020.ip_user_files/bd/micro_mcu/sim/micro_mcu.v:1735]
WARNING: [VRFC 10-3027] 'ocm_wr_strb_port0' was previously declared with a different range [/wrk/2018.3/nightly/2018_12_06_2405991/packages/customer/vivado/data/ip/xilinx/processing_system7_vip_v1_0/hdl/processing_system7_vip_v1_0_vl_rfs.sv:3726]
WARNING: [VRFC 10-3283] element index 64 into 'wrp_strb' is out of bounds [/wrk/2018.3/nightly/2018_12_06_2405991/packages/customer/vivado/data/ip/xilinx/processing_system7_vip_v1_0/hdl/processing_system7_vip_v1_0_vl_rfs.sv:6051]
WARNING: [VRFC 10-3283] element index 128 into 'wrp_strb' is out of bounds [/wrk/2018.3/nightly/2018_12_06_2405991/packages/customer/vivado/data/ip/xilinx/processing_system7_vip_v1_0/hdl/processing_system7_vip_v1_0_vl_rfs.sv:10811]
WARNING: [VRFC 10-3283] element index 128 into 'wrp_strb' is out of bounds [/wrk/2018.3/nightly/2018_12_06_2405991/packages/customer/vivado/data/ip/xilinx/processing_system7_vip_v1_0/hdl/processing_system7_vip_v1_0_vl_rfs.sv:7689]
WARNING: [VRFC 10-3705] select index 4 into 'wr_fifo_rd_ptr' is out of bounds [/wrk/2018.3/nightly/2018_12_06_2405991/packages/customer/vivado/data/ip/xilinx/processing_system7_vip_v1_0/hdl/processing_system7_vip_v1_0_vl_rfs.sv:7902]
WARNING: [VRFC 10-3705] select index 4 into 'ar_cnt' is out of bounds [/wrk/2018.3/nightly/2018_12_06_2405991/packages/customer/vivado/data/ip/xilinx/processing_system7_vip_v1_0/hdl/processing_system7_vip_v1_0_vl_rfs.sv:8041]
WARNING: [VRFC 10-3705] select index 4 into 'wr_rresp_cnt' is out of bounds [/wrk/2018.3/nightly/2018_12_06_2405991/packages/customer/vivado/data/ip/xilinx/processing_system7_vip_v1_0/hdl/processing_system7_vip_v1_0_vl_rfs.sv:8138]
WARNING: [VRFC 10-3705] select index 4 into 'rd_fifo_wr_ptr' is out of bounds [/wrk/2018.3/nightly/2018_12_06_2405991/packages/customer/vivado/data/ip/xilinx/processing_system7_vip_v1_0/hdl/processing_system7_vip_v1_0_vl_rfs.sv:8157]
WARNING: [VRFC 10-3705] select index 4 into 'rd_cnt' is out of bounds [/wrk/2018.3/nightly/2018_12_06_2405991/packages/customer/vivado/data/ip/xilinx/processing_system7_vip_v1_0/hdl/processing_system7_vip_v1_0_vl_rfs.sv:8298]
WARNING: [VRFC 10-3705] select index 4 into 'rresp_time_cnt' is out of bounds [/wrk/2018.3/nightly/2018_12_06_2405991/packages/customer/vivado/data/ip/xilinx/processing_system7_vip_v1_0/hdl/processing_system7_vip_v1_0_vl_rfs.sv:8303]
WARNING: [VRFC 10-3705] select index 4 into 'rd_fifo_rd_ptr' is out of bounds [/wrk/2018.3/nightly/2018_12_06_2405991/packages/customer/vivado/data/ip/xilinx/processing_system7_vip_v1_0/hdl/processing_system7_vip_v1_0_vl_rfs.sv:8308]
Completed static elaboration
Starting simulation data flow analysis
Completed simulation data flow analysis
Time Resolution for simulation is 1ps
Compiling package std.standard
Compiling package std.textio
Compiling package ieee.std_logic_1164
Compiling package ieee.numeric_std
Compiling package ieee.std_logic_arith
Compiling package xpm.vcomponents
Compiling package axi_bram_ctrl_v4_1_0.axi_bram_ctrl_funcs
Compiling package ieee.vital_timing
Compiling package ieee.vital_primitives
Compiling package unisim.vpkg
Compiling package unisim.vcomponents
Compiling package ieee.std_logic_unsigned
Compiling package synopsys.attributes
Compiling package ieee.std_logic_misc
Compiling package axi_lite_ipif_v3_0_4.ipif_pkg
Compiling package xilinx_vip.axi_vip_pkg
Compiling package xilinx_vip.xil_common_vip_pkg
Compiling package std.std
Compiling module unisims_ver.IOBUF
Compiling architecture implementation of entity axi_bram_ctrl_v4_1_0.sng_port_arb [\sng_port_arb(c_s_axi_addr_width...]
Compiling architecture implementation of entity axi_bram_ctrl_v4_1_0.wrap_brst [\wrap_brst(c_axi_addr_width=13,c...]
Compiling architecture muxcy_v of entity unisim.MUXCY [muxcy_default]
Compiling architecture muxcy_l_v of entity unisim.MUXCY_L [muxcy_l_default]
Compiling architecture xorcy_v of entity unisim.XORCY [xorcy_default]
Compiling architecture srl16e_v of entity unisim.SRL16E [\SRL16E(0,15)\]
Compiling architecture fdre_v of entity unisim.FDRE [fdre_default]
Compiling architecture fdr_v of entity unisim.FDR [fdr_default]
Compiling architecture imp of entity axi_bram_ctrl_v4_1_0.SRL_FIFO [\SRL_FIFO(c_data_bits=12,c_depth...]
Compiling architecture implementation of entity axi_bram_ctrl_v4_1_0.wr_chnl [\wr_chnl(c_axi_addr_width=13,c_a...]
Compiling architecture implementation of entity axi_bram_ctrl_v4_1_0.rd_chnl [\rd_chnl(c_axi_addr_width=13,c_a...]
Compiling architecture implementation of entity axi_bram_ctrl_v4_1_0.full_axi [\full_axi(c_s_axi_addr_width=13,...]
Compiling architecture implementation of entity axi_bram_ctrl_v4_1_0.axi_bram_ctrl_top [\axi_bram_ctrl_top(c_bram_addr_w...]
Compiling architecture implementation of entity axi_bram_ctrl_v4_1_0.axi_bram_ctrl [\axi_bram_ctrl(c_memory_depth=20...]
Compiling architecture micro_mcu_axi_bram_ctrl_0_1_arch of entity xil_defaultlib.micro_mcu_axi_bram_ctrl_0_1 [micro_mcu_axi_bram_ctrl_0_1_defa...]
Compiling module blk_mem_gen_v8_4_2.blk_mem_gen_v8_4_2_output_stage(...
Compiling module blk_mem_gen_v8_4_2.blk_mem_gen_v8_4_2_output_stage(...
Compiling module blk_mem_gen_v8_4_2.blk_mem_gen_v8_4_2_softecc_outpu...
Compiling module blk_mem_gen_v8_4_2.blk_mem_gen_v8_4_2_mem_module(C_...
Compiling module blk_mem_gen_v8_4_2.blk_mem_gen_v8_4_2(C_FAMILY="zyn...
Compiling module xil_defaultlib.micro_mcu_axi_bram_ctrl_0_bram_1
Compiling architecture imp of entity axi_lite_ipif_v3_0_4.pselect_f [\pselect_f(c_ab=2,c_aw=2,c_bar="...]
Compiling architecture imp of entity axi_lite_ipif_v3_0_4.pselect_f [\pselect_f(c_ab=2,c_aw=2,c_bar="...]
Compiling architecture imp of entity axi_lite_ipif_v3_0_4.pselect_f [\pselect_f(c_ab=2,c_aw=2,c_bar="...]
Compiling architecture imp of entity axi_lite_ipif_v3_0_4.pselect_f [\pselect_f(c_ab=2,c_aw=2,c_bar="...]
Compiling architecture imp of entity axi_lite_ipif_v3_0_4.address_decoder [\address_decoder(c_bus_awidth=9,...]
Compiling architecture imp of entity axi_lite_ipif_v3_0_4.slave_attachment [\slave_attachment(c_ard_addr_ran...]
Compiling architecture imp of entity axi_lite_ipif_v3_0_4.axi_lite_ipif [\axi_lite_ipif(c_s_axi_addr_widt...]
Compiling architecture implementation of entity lib_cdc_v1_0_2.cdc_sync [\cdc_sync(c_single_bit=0,c_vecto...]
Compiling architecture imp of entity axi_gpio_v2_0_20.GPIO_Core [\GPIO_Core(c_aw=9,c_gpio_width=1...]
Compiling architecture imp of entity axi_gpio_v2_0_20.axi_gpio [\axi_gpio(c_family="zynq",c_gpio...]
Compiling architecture micro_mcu_axi_gpio_0_0_arch of entity xil_defaultlib.micro_mcu_axi_gpio_0_0 [micro_mcu_axi_gpio_0_0_default]
Compiling module processing_system7_vip_v1_0_6.processing_system7_vip_v1_0_6_ge...
Compiling module processing_system7_vip_v1_0_6.processing_system7_vip_v1_0_6_ge...
Compiling module processing_system7_vip_v1_0_6.processing_system7_vip_v1_0_6_ar...
Compiling module processing_system7_vip_v1_0_6.processing_system7_vip_v1_0_6_ar...
Compiling module processing_system7_vip_v1_0_6.processing_system7_vip_v1_0_6_fm...
Compiling module processing_system7_vip_v1_0_6.processing_system7_vip_v1_0_6_ar...
Compiling module processing_system7_vip_v1_0_6.processing_system7_vip_v1_0_6_ar...
Compiling module processing_system7_vip_v1_0_6.processing_system7_vip_v1_0_6_ar...
Compiling module processing_system7_vip_v1_0_6.processing_system7_vip_v1_0_6_ar...
Compiling module processing_system7_vip_v1_0_6.processing_system7_vip_v1_0_6_ss...
Compiling module processing_system7_vip_v1_0_6.processing_system7_vip_v1_0_6_in...
Compiling module processing_system7_vip_v1_0_6.processing_system7_vip_v1_0_6_sp...
Compiling module processing_system7_vip_v1_0_6.processing_system7_vip_v1_0_6_dd...
Compiling module processing_system7_vip_v1_0_6.processing_system7_vip_v1_0_6_oc...
Compiling module processing_system7_vip_v1_0_6.processing_system7_vip_v1_0_6_oc...
Compiling module processing_system7_vip_v1_0_6.processing_system7_vip_v1_0_6_re...
Compiling module processing_system7_vip_v1_0_6.processing_system7_vip_v1_0_6_re...
Compiling module xilinx_vip.axi_vip_axi4pc(WDATA_WIDTH=32,RD...
Compiling module xilinx_vip.cb
Compiling module xilinx_vip.axi_vip_if(C_AXI_PROTOCOL=1,C_AX...
Compiling module axi_vip_v1_1_4.axi_vip_v1_1_4_top(C_AXI_PROTOCO...
Compiling module processing_system7_vip_v1_0_6.processing_system7_vip_v1_0_6_ax...
Compiling module processing_system7_vip_v1_0_6.processing_system7_vip_v1_0_6_ax...
Compiling module xilinx_vip.axi_vip_axi4pc(WDATA_WIDTH=32,RD...
Compiling module xilinx_vip.cb
Compiling module xilinx_vip.axi_vip_if(C_AXI_PROTOCOL=1,C_AX...
Compiling module axi_vip_v1_1_4.axi_vip_v1_1_4_top(C_AXI_PROTOCO...
Compiling module processing_system7_vip_v1_0_6.processing_system7_vip_v1_0_6_ax...
Compiling module processing_system7_vip_v1_0_6.processing_system7_vip_v1_0_6_ax...
Compiling module xilinx_vip.axi_vip_axi4pc(PROTOCOL=1,RID_WI...
Compiling module xilinx_vip.cb
Compiling module xilinx_vip.axi_vip_if(C_AXI_PROTOCOL=1,C_AX...
Compiling module axi_vip_v1_1_4.axi_vip_v1_1_4_top(C_AXI_PROTOCO...
Compiling module processing_system7_vip_v1_0_6.processing_system7_vip_v1_0_6_in...
Compiling module processing_system7_vip_v1_0_6.processing_system7_vip_v1_0_6_af...
Compiling module processing_system7_vip_v1_0_6.processing_system7_vip_v1_0_6_af...
Compiling module processing_system7_vip_v1_0_6.processing_system7_vip_v1_0_6_af...
Compiling module processing_system7_vip_v1_0_6.processing_system7_vip_v1_0_6_af...
Compiling module xilinx_vip.axi_vip_axi4pc(PROTOCOL=1,RID_WI...
Compiling module xilinx_vip.cb
Compiling module xilinx_vip.axi_vip_if(C_AXI_PROTOCOL=1,C_AX...
Compiling module axi_vip_v1_1_4.axi_vip_v1_1_4_top(C_AXI_PROTOCO...
Compiling module processing_system7_vip_v1_0_6.processing_system7_vip_v1_0_6_ax...
Compiling module processing_system7_vip_v1_0_6.processing_system7_vip_v1_0_6(C_...
Compiling module xil_defaultlib.micro_mcu_processing_system7_0_0
Compiling module axi_infrastructure_v1_1_0.axi_infrastructure_v1_1_0_axi2ve...
Compiling module axi_register_slice_v2_1_18.axi_register_slice_v2_1_18_axic_...
Compiling module axi_register_slice_v2_1_18.axi_register_slice_v2_1_18_axic_...
Compiling module axi_register_slice_v2_1_18.axi_register_slice_v2_1_18_axic_...
Compiling module axi_register_slice_v2_1_18.axi_register_slice_v2_1_18_axic_...
Compiling module axi_infrastructure_v1_1_0.axi_infrastructure_v1_1_0_vector...
Compiling module axi_register_slice_v2_1_18.axi_register_slice_v2_1_18_axi_r...
Compiling module axi_protocol_converter_v2_1_18.axi_protocol_converter_v2_1_18_b...
Compiling module axi_protocol_converter_v2_1_18.axi_protocol_converter_v2_1_18_b...
Compiling module axi_protocol_converter_v2_1_18.axi_protocol_converter_v2_1_18_b...
Compiling module axi_protocol_converter_v2_1_18.axi_protocol_converter_v2_1_18_b...
Compiling module axi_protocol_converter_v2_1_18.axi_protocol_converter_v2_1_18_b...
Compiling module axi_protocol_converter_v2_1_18.axi_protocol_converter_v2_1_18_b...
Compiling module axi_protocol_converter_v2_1_18.axi_protocol_converter_v2_1_18_b...
Compiling module axi_protocol_converter_v2_1_18.axi_protocol_converter_v2_1_18_b...
Compiling module axi_protocol_converter_v2_1_18.axi_protocol_converter_v2_1_18_b...
Compiling module axi_protocol_converter_v2_1_18.axi_protocol_converter_v2_1_18_b...
Compiling module axi_protocol_converter_v2_1_18.axi_protocol_converter_v2_1_18_b...
Compiling module axi_protocol_converter_v2_1_18.axi_protocol_converter_v2_1_18_b...
Compiling module axi_protocol_converter_v2_1_18.axi_protocol_converter_v2_1_18_b...
Compiling module axi_infrastructure_v1_1_0.axi_infrastructure_v1_1_0_axi2ve...
Compiling module axi_register_slice_v2_1_18.axi_register_slice_v2_1_18_axic_...
Compiling module axi_register_slice_v2_1_18.axi_register_slice_v2_1_18_axic_...
Compiling module axi_register_slice_v2_1_18.axi_register_slice_v2_1_18_axic_...
Compiling module axi_register_slice_v2_1_18.axi_register_slice_v2_1_18_axic_...
Compiling module axi_infrastructure_v1_1_0.axi_infrastructure_v1_1_0_vector...
Compiling module axi_register_slice_v2_1_18.axi_register_slice_v2_1_18_axi_r...
Compiling module axi_protocol_converter_v2_1_18.axi_protocol_converter_v2_1_18_b...
Compiling module axi_protocol_converter_v2_1_18.axi_protocol_converter_v2_1_18_a...
Compiling module xil_defaultlib.micro_mcu_auto_pc_0
Compiling module xil_defaultlib.m00_couplers_imp_1E8GRPI
Compiling module xil_defaultlib.m01_couplers_imp_RG8MJI
Compiling module axi_protocol_converter_v2_1_18.axi_protocol_converter_v2_1_18_a...
Compiling module xil_defaultlib.micro_mcu_auto_pc_1
Compiling module xil_defaultlib.s00_couplers_imp_CIZ9QY
Compiling module generic_baseblocks_v2_1_0.generic_baseblocks_v2_1_0_carry_...
Compiling module generic_baseblocks_v2_1_0.generic_baseblocks_v2_1_0_compar...
Compiling module generic_baseblocks_v2_1_0.generic_baseblocks_v2_1_0_compar...
Compiling module axi_crossbar_v2_1_19.axi_crossbar_v2_1_19_addr_decode...
Compiling module axi_crossbar_v2_1_19.axi_crossbar_v2_1_19_arbiter_res...
Compiling module generic_baseblocks_v2_1_0.generic_baseblocks_v2_1_0_mux_en...
Compiling module unisims_ver.SRLC32E_default
Compiling module axi_data_fifo_v2_1_17.axi_data_fifo_v2_1_17_ndeep_srl(...
Compiling module axi_data_fifo_v2_1_17.axi_data_fifo_v2_1_17_axic_srl_f...
Compiling module axi_crossbar_v2_1_19.axi_crossbar_v2_1_19_si_transact...
Compiling module generic_baseblocks_v2_1_0.generic_baseblocks_v2_1_0_mux_en...
Compiling module axi_crossbar_v2_1_19.axi_crossbar_v2_1_19_si_transact...
Compiling module axi_crossbar_v2_1_19.axi_crossbar_v2_1_19_splitter
Compiling module axi_data_fifo_v2_1_17.axi_data_fifo_v2_1_17_ndeep_srl(...
Compiling module axi_data_fifo_v2_1_17.axi_data_fifo_v2_1_17_axic_reg_s...
Compiling module axi_crossbar_v2_1_19.axi_crossbar_v2_1_19_wdata_route...
Compiling module axi_crossbar_v2_1_19.axi_crossbar_v2_1_19_wdata_mux(C...
Compiling module axi_data_fifo_v2_1_17.axi_data_fifo_v2_1_17_axic_srl_f...
Compiling module axi_infrastructure_v1_1_0.axi_infrastructure_v1_1_0_axi2ve...
Compiling module axi_register_slice_v2_1_18.axi_register_slice_v2_1_18_axic_...
Compiling module axi_register_slice_v2_1_18.axi_register_slice_v2_1_18_axic_...
Compiling module axi_register_slice_v2_1_18.axi_register_slice_v2_1_18_axic_...
Compiling module axi_register_slice_v2_1_18.axi_register_slice_v2_1_18_axic_...
Compiling module axi_infrastructure_v1_1_0.axi_infrastructure_v1_1_0_vector...
Compiling module axi_register_slice_v2_1_18.axi_register_slice_v2_1_18_axi_r...
Compiling module axi_crossbar_v2_1_19.axi_crossbar_v2_1_19_wdata_mux(C...
Compiling module axi_data_fifo_v2_1_17.axi_data_fifo_v2_1_17_ndeep_srl(...
Compiling module axi_data_fifo_v2_1_17.axi_data_fifo_v2_1_17_axic_srl_f...
Compiling module axi_crossbar_v2_1_19.axi_crossbar_v2_1_19_addr_arbite...
Compiling module axi_crossbar_v2_1_19.axi_crossbar_v2_1_19_decerr_slav...
Compiling module axi_crossbar_v2_1_19.axi_crossbar_v2_1_19_crossbar(C_...
Compiling module axi_crossbar_v2_1_19.axi_crossbar_v2_1_19_axi_crossba...
Compiling module xil_defaultlib.micro_mcu_xbar_0
Compiling module xil_defaultlib.micro_mcu_ps7_0_axi_periph_0
Compiling architecture fdre_v of entity unisim.FDRE [\FDRE(init='1')\]
Compiling architecture implementation of entity lib_cdc_v1_0_2.cdc_sync [\cdc_sync(c_vector_width=2,c_mtb...]
Compiling architecture srl16e_v of entity unisim.SRL16E [\SRL16E(init="1111111111111111")...]
Compiling architecture srl16_v of entity unisim.SRL16 [\SRL16(init="1111111111111111")(...]
Compiling architecture imp of entity proc_sys_reset_v5_0_13.lpf [\lpf(c_ext_rst_width=4,c_aux_rst...]
Compiling architecture imp of entity proc_sys_reset_v5_0_13.upcnt_n [\upcnt_n(c_size=6)\]
Compiling architecture imp of entity proc_sys_reset_v5_0_13.sequence_psr [sequence_psr_default]
Compiling architecture imp of entity proc_sys_reset_v5_0_13.proc_sys_reset [\proc_sys_reset(c_family="zynq",...]
Compiling architecture micro_mcu_rst_ps7_0_50m_0_arch of entity xil_defaultlib.micro_mcu_rst_ps7_0_50M_0 [micro_mcu_rst_ps7_0_50m_0_defaul...]
Compiling module xil_defaultlib.micro_mcu
Compiling module xil_defaultlib.micro_mcu_wrapper
Compiling module xil_defaultlib.glbl
Built simulation snapshot micro_mcu_wrapper_behav
