#-----------------------------------------------------------
# Vivado v2018.3 (64-bit)
# SW Build 2405991 on Thu Dec  6 23:38:27 MST 2018
# IP Build 2404404 on Fri Dec  7 01:43:56 MST 2018
# Start of session at: Tue Mar 31 22:20:46 2020
# Process ID: 8364
# Current directory: E:/Xilinx-tools/xc7z020-prj/first-020
# Command line: vivado.exe -gui_launcher_event rodinguilauncherevent8112 E:\Xilinx-tools\xc7z020-prj\first-020\first-020.xpr
# Log file: E:/Xilinx-tools/xc7z020-prj/first-020/vivado.log
# Journal file: E:/Xilinx-tools/xc7z020-prj/first-020\vivado.jou
#-----------------------------------------------------------start_gui
oopen_project E:/Xilinx-tools/xc7z020-prj/first-020/first-020.xprSScanning sources...Finished scanning sources
INFO: [IP_Flow 19-234] Refreshing IP repositories
ININFO: [IP_Flow 19-1704] No user IP repositories specifieININFO: [IP_Flow 19-2313] Loaded Vivado IP repository 'E:/Xilinx/Vivado/2018.3/data/ip'open_project: Time (s): cpu = 00:00:18 ; elapsed = 00:00:59 . Memory (MB): peak = 789.398 ; gain = 187.430
update_compile_order -fileset sources_1
eopen_bd_design {E:/Xilinx-tools/xc7z020-prj/first-020/first-020.srcs/sources_1/bd/micro_mcu/micro_mcu.bd}
Adding cell -- xilinx.com:ip:processing_system7:5.5 - processing_system7_0
Adding cell -- xilinx.com:ip:axi_gpio:2.0 - axi_gpio_0
Adding cell -- xilinx.com:ip:axi_interconnect:2.1 - ps7_0_axi_periph
Adding cell -- xilinx.com:ip:axi_crossbar:2.1 - xbar
Adding cell -- xilinx.com:ip:axi_protocol_converter:2.1 - auto_pc
Adding cell -- xilinx.com:ip:axi_protocol_converter:2.1 - auto_pc
Adding cell -- xilinx.com:ip:proc_sys_reset:5.0 - rst_ps7_0_50M
Adding cell -- xilinx.com:ip:axi_bram_ctrl:4.1 - axi_bram_ctrl_0
Adding cell -- xilinx.com:ip:blk_mem_gen:8.4 - axi_bram_ctrl_0_bram
Successfully read diagram <micro_mcu> from BD file <E:/Xilinx-tools/xc7z020-prj/first-020/first-020.srcs/sources_1/bd/micro_mcu/micro_mcu.bd>
open_bd_design: Time (s): cpu = 00:00:04 ; elapsed = 00:00:10 . Memory (MB): peak = 829.254 ; gain = 1.453
WARNING: [IP_Flow 19-474] Invalid Parameter 'Component_Name'
exit
INFO: [Common 17-206] Exiting Vivado at Tue Mar 31 22:30:07 2020...
