

================================================================
== Vivado HLS Report for 'example'
================================================================
* Date:           Tue Mar  9 14:42:58 2021

* Version:        2019.2 (Build 2704478 on Wed Nov 06 22:10:23 MST 2019)
* Project:        proj_axi_lite
* Solution:       solution1
* Product family: zynq
* Target device:  xc7z020-clg484-2


================================================================
== Performance Estimates
================================================================
+ Timing: 
    * Summary: 
    +--------+----------+----------+------------+
    |  Clock |  Target  | Estimated| Uncertainty|
    +--------+----------+----------+------------+
    |ap_clk  | 13.33 ns | 4.966 ns |   1.67 ns  |
    +--------+----------+----------+------------+

+ Latency: 
    * Summary: 
    +---------+---------+-----------+-----------+-----+-----+---------+
    |  Latency (cycles) |   Latency (absolute)  |  Interval | Pipeline|
    |   min   |   max   |    min    |    max    | min | max |   Type  |
    +---------+---------+-----------+-----------+-----+-----+---------+
    |        2|        2| 26.666 ns | 26.666 ns |    2|    2|   none  |
    +---------+---------+-----------+-----------+-----+-----+---------+

    + Detail: 
        * Instance: 
        N/A

        * Loop: 
        N/A



================================================================
== Utilization Estimates
================================================================
* Summary: 
+-----------------+---------+-------+--------+-------+-----+
|       Name      | BRAM_18K| DSP48E|   FF   |  LUT  | URAM|
+-----------------+---------+-------+--------+-------+-----+
|DSP              |        -|      -|       -|      -|    -|
|Expression       |        -|      -|       0|     16|    -|
|FIFO             |        -|      -|       -|      -|    -|
|Instance         |        0|      -|      92|    104|    -|
|Memory           |        -|      -|       -|      -|    -|
|Multiplexer      |        -|      -|       -|      3|    -|
|Register         |        -|      -|      36|      -|    -|
+-----------------+---------+-------+--------+-------+-----+
|Total            |        0|      0|     128|    123|    0|
+-----------------+---------+-------+--------+-------+-----+
|Available        |      280|    220|  106400|  53200|    0|
+-----------------+---------+-------+--------+-------+-----+
|Utilization (%)  |        0|      0|   ~0   |   ~0  |    0|
+-----------------+---------+-------+--------+-------+-----+

+ Detail: 
    * Instance: 
    +-----------------------+---------------------+---------+-------+----+-----+-----+
    |        Instance       |        Module       | BRAM_18K| DSP48E| FF | LUT | URAM|
    +-----------------------+---------------------+---------+-------+----+-----+-----+
    |example_BUS_A_s_axi_U  |example_BUS_A_s_axi  |        0|      0|  92|  104|    0|
    +-----------------------+---------------------+---------+-------+----+-----+-----+
    |Total                  |                     |        0|      0|  92|  104|    0|
    +-----------------------+---------------------+---------+-------+----+-----+-----+

    * DSP48E: 
    N/A

    * Memory: 
    N/A

    * FIFO: 
    N/A

    * Expression: 
    +----------------------+----------+-------+---+----+------------+------------+
    |     Variable Name    | Operation| DSP48E| FF| LUT| Bitwidth P0| Bitwidth P1|
    +----------------------+----------+-------+---+----+------------+------------+
    |add_ln103_1_fu_58_p2  |     +    |      0|  0|   8|           8|           8|
    |add_ln103_fu_53_p2    |     +    |      0|  0|   8|           8|           8|
    +----------------------+----------+-------+---+----+------------+------------+
    |Total                 |          |      0|  0|  16|          16|          16|
    +----------------------+----------+-------+---+----+------------+------------+

    * Multiplexer: 
    +-----------+----+-----------+-----+-----------+
    |    Name   | LUT| Input Size| Bits| Total Bits|
    +-----------+----+-----------+-----+-----------+
    |ap_NS_fsm  |   3|          4|    1|          4|
    +-----------+----+-----------+-----+-----------+
    |Total      |   3|          4|    1|          4|
    +-----------+----+-----------+-----+-----------+

    * Register: 
    +---------------+---+----+-----+-----------+
    |      Name     | FF| LUT| Bits| Const Bits|
    +---------------+---+----+-----+-----------+
    |a_read_reg_64  |  8|   0|    8|          0|
    |ap_CS_fsm      |  3|   0|    3|          0|
    |b_read_reg_69  |  8|   0|    8|          0|
    |c_0_data_reg   |  8|   0|    8|          0|
    |c_0_vld_reg    |  0|   0|    1|          1|
    |c_1_data_reg   |  8|   0|    8|          0|
    |c_1_vld_reg    |  1|   0|    1|          0|
    +---------------+---+----+-----+-----------+
    |Total          | 36|   0|   37|          1|
    +---------------+---+----+-----+-----------+



================================================================
== Interface
================================================================
* Summary: 
+---------------------+-----+-----+------------+--------------+--------------+
|      RTL Ports      | Dir | Bits|  Protocol  | Source Object|    C Type    |
+---------------------+-----+-----+------------+--------------+--------------+
|s_axi_BUS_A_AWVALID  |  in |    1|    s_axi   |     BUS_A    |    pointer   |
|s_axi_BUS_A_AWREADY  | out |    1|    s_axi   |     BUS_A    |    pointer   |
|s_axi_BUS_A_AWADDR   |  in |    6|    s_axi   |     BUS_A    |    pointer   |
|s_axi_BUS_A_WVALID   |  in |    1|    s_axi   |     BUS_A    |    pointer   |
|s_axi_BUS_A_WREADY   | out |    1|    s_axi   |     BUS_A    |    pointer   |
|s_axi_BUS_A_WDATA    |  in |   32|    s_axi   |     BUS_A    |    pointer   |
|s_axi_BUS_A_WSTRB    |  in |    4|    s_axi   |     BUS_A    |    pointer   |
|s_axi_BUS_A_ARVALID  |  in |    1|    s_axi   |     BUS_A    |    pointer   |
|s_axi_BUS_A_ARREADY  | out |    1|    s_axi   |     BUS_A    |    pointer   |
|s_axi_BUS_A_ARADDR   |  in |    6|    s_axi   |     BUS_A    |    pointer   |
|s_axi_BUS_A_RVALID   | out |    1|    s_axi   |     BUS_A    |    pointer   |
|s_axi_BUS_A_RREADY   |  in |    1|    s_axi   |     BUS_A    |    pointer   |
|s_axi_BUS_A_RDATA    | out |   32|    s_axi   |     BUS_A    |    pointer   |
|s_axi_BUS_A_RRESP    | out |    2|    s_axi   |     BUS_A    |    pointer   |
|s_axi_BUS_A_BVALID   | out |    1|    s_axi   |     BUS_A    |    pointer   |
|s_axi_BUS_A_BREADY   |  in |    1|    s_axi   |     BUS_A    |    pointer   |
|s_axi_BUS_A_BRESP    | out |    2|    s_axi   |     BUS_A    |    pointer   |
|ap_clk               |  in |    1| ap_ctrl_hs |    example   | return value |
|ap_rst_n             |  in |    1| ap_ctrl_hs |    example   | return value |
|interrupt            | out |    1| ap_ctrl_hs |    example   | return value |
+---------------------+-----+-----+------------+--------------+--------------+

