TRACE::2021-03-10.15:26:53::SCWBifWriter::Found the complete platform E:/FPGA/visit/myzynq/export/myzynq/myzynq.xpfm
TRACE::2021-03-10.15:26:53::SCWBifWriter::hardware databse : base_zynq_wrapper_5
TRACE::2021-03-10.15:26:53::SCWBifWriter::bitstream found in the design
TRACE::2021-03-10.15:26:53::SCWBifWriter::Found a baremetal domain, proc: ps7_cortexa9_0
TRACE::2021-03-10.15:26:53::SCWBifWriter::proc type : 
TRACE::2021-03-10.15:26:53::SCWBifWriter::proc[0] : ps7_cortexa9_0
TRACE::2021-03-10.15:26:53::SCWBifWriter::Device type is : zynq
TRACE::2021-03-10.15:26:53::SCWBifWriter::Writing BIF to file : E:/FPGA/visit/periph_system/Debug/system.bif
TRACE::2021-03-10.15:26:53::SCWBifWriter::Writing the Zynq Baremetal bif 
TRACE::2021-03-10.15:27:29::SCWBifWriter::Found the complete platform E:/FPGA/visit/myzynq/export/myzynq/myzynq.xpfm
TRACE::2021-03-10.15:27:29::SCWBifWriter::hardware databse : base_zynq_wrapper_5
TRACE::2021-03-10.15:27:29::SCWBifWriter::bitstream found in the design
TRACE::2021-03-10.15:27:29::SCWBifWriter::Found a baremetal domain, proc: ps7_cortexa9_0
TRACE::2021-03-10.15:27:29::SCWBifWriter::proc type : 
TRACE::2021-03-10.15:27:29::SCWBifWriter::proc[0] : ps7_cortexa9_0
TRACE::2021-03-10.15:27:29::SCWBifWriter::Device type is : zynq
TRACE::2021-03-10.15:27:29::SCWBifWriter::Writing BIF to file : E:/FPGA/visit/periph_system/Debug/system.bif
TRACE::2021-03-10.15:27:29::SCWBifWriter::Writing the Zynq Baremetal bif 
TRACE::2021-03-10.15:28:22::SCWBifWriter::Found the complete platform E:/FPGA/visit/myzynq/export/myzynq/myzynq.xpfm
TRACE::2021-03-10.15:28:22::SCWBifWriter::hardware databse : base_zynq_wrapper_5
TRACE::2021-03-10.15:28:22::SCWBifWriter::bitstream found in the design
TRACE::2021-03-10.15:28:22::SCWBifWriter::Found a baremetal domain, proc: ps7_cortexa9_0
TRACE::2021-03-10.15:28:22::SCWBifWriter::proc type : 
TRACE::2021-03-10.15:28:22::SCWBifWriter::proc[0] : ps7_cortexa9_0
TRACE::2021-03-10.15:28:22::SCWBifWriter::Device type is : zynq
TRACE::2021-03-10.15:28:22::SCWBifWriter::Writing BIF to file : E:/FPGA/visit/periph_system/Debug/system.bif
TRACE::2021-03-10.15:28:22::SCWBifWriter::Writing the Zynq Baremetal bif 
TRACE::2021-03-10.15:32:10::SCWBifWriter::Found the complete platform E:/FPGA/visit/myzynq/export/myzynq/myzynq.xpfm
TRACE::2021-03-10.15:32:10::SCWBifWriter::hardware databse : base_zynq_wrapper_5
TRACE::2021-03-10.15:32:10::SCWBifWriter::bitstream found in the design
TRACE::2021-03-10.15:32:10::SCWBifWriter::Found a baremetal domain, proc: ps7_cortexa9_0
TRACE::2021-03-10.15:32:10::SCWBifWriter::proc type : 
TRACE::2021-03-10.15:32:10::SCWBifWriter::proc[0] : ps7_cortexa9_0
TRACE::2021-03-10.15:32:10::SCWBifWriter::Device type is : zynq
TRACE::2021-03-10.15:32:10::SCWBifWriter::Writing BIF to file : E:/FPGA/visit/periph_system/Debug/system.bif
TRACE::2021-03-10.15:32:10::SCWBifWriter::Writing the Zynq Baremetal bif 
