Copyright 1986-2019 Xilinx, Inc. All Rights Reserved.
----------------------------------------------------------------------------------------------
| Tool Version : Vivado v.2019.2 (win64) Build 2708876 Wed Nov  6 21:40:23 MST 2019
| Date         : Tue Mar  9 15:49:47 2021
| Host         : DESKTOP-71JN9RA running 64-bit major release  (build 9200)
| Command      : report_control_sets -verbose -file base_zynq_wrapper_control_sets_placed.rpt
| Design       : base_zynq_wrapper
| Device       : xc7z020
----------------------------------------------------------------------------------------------

Control Set Information

Table of Contents
-----------------
1. Summary
2. Histogram
3. Flip-Flop Distribution
4. Detailed Control Set Information

1. Summary
----------

+----------------------------------------------------------+-------+
|                          Status                          | Count |
+----------------------------------------------------------+-------+
| Total control sets                                       |   149 |
|    Minimum number of control sets                        |   149 |
|    Addition due to synthesis replication                 |     0 |
|    Addition due to physical synthesis replication        |     0 |
| Unused register locations in slices containing registers |   409 |
+----------------------------------------------------------+-------+
* Control sets can be merged at opt_design using control_set_merge or merge_equivalent_drivers
** Run report_qor_suggestions for automated merging and remapping suggestions


2. Histogram
------------

+--------------------+-------+
|       Fanout       | Count |
+--------------------+-------+
| Total control sets |   149 |
| >= 0 to < 4        |     4 |
| >= 4 to < 6        |    46 |
| >= 6 to < 8        |     2 |
| >= 8 to < 10       |    19 |
| >= 10 to < 12      |     3 |
| >= 12 to < 14      |    16 |
| >= 14 to < 16      |    22 |
| >= 16              |    37 |
+--------------------+-------+
* Control sets can be remapped at either synth_design or opt_design


3. Flip-Flop Distribution
-------------------------

+--------------+-----------------------+------------------------+-----------------+--------------+
| Clock Enable | Synchronous Set/Reset | Asynchronous Set/Reset | Total Registers | Total Slices |
+--------------+-----------------------+------------------------+-----------------+--------------+
| No           | No                    | No                     |             233 |           89 |
| No           | No                    | Yes                    |               0 |            0 |
| No           | Yes                   | No                     |             156 |           80 |
| Yes          | No                    | No                     |             990 |          250 |
| Yes          | No                    | Yes                    |               0 |            0 |
| Yes          | Yes                   | No                     |             684 |          174 |
+--------------+-----------------------+------------------------+-----------------+--------------+


4. Detailed Control Set Information
-----------------------------------

+--------------------------------------------------+---------------------------------------------------------------------------------------------------------------------------------------------------------------------------------------------------------+-----------------------------------------------------------------------------------------------------------------------------------------------------------+------------------+----------------+
|                   Clock Signal                   |                                                                                              Enable Signal                                                                                              |                                                                      Set/Reset Signal                                                                     | Slice Load Count | Bel Load Count |
+--------------------------------------------------+---------------------------------------------------------------------------------------------------------------------------------------------------------------------------------------------------------+-----------------------------------------------------------------------------------------------------------------------------------------------------------+------------------+----------------+
|  base_zynq_i/processing_system7_0/inst/FCLK_CLK0 | base_zynq_i/axi_bram_ctrl_0/U0/gext_inst.abcv4_0_ext_inst/GEN_AXI4.I_FULL_AXI/I_RD_CHNL/GEN_NO_RD_CMD_OPT.I_WRAP_BRST/GEN_NO_RD_CMD_OPT.curr_wrap_burst_reg_reg                                         | base_zynq_i/axi_bram_ctrl_0/U0/gext_inst.abcv4_0_ext_inst/GEN_AXI4.I_FULL_AXI/I_WR_CHNL/I_WRAP_BRST/curr_fixed_burst_reg_reg[0]                           |                1 |              1 |
|  base_zynq_i/processing_system7_0/inst/FCLK_CLK0 | base_zynq_i/ps7_0_axi_periph/xbar/inst/gen_samd.crossbar_samd/gen_slave_slots[0].gen_si_write.wdata_router_w/wrouter_aw_fifo/gen_srls[0].gen_rep[2].srl_nx1/push                                        |                                                                                                                                                           |                1 |              2 |
|  base_zynq_i/processing_system7_0/inst/FCLK_CLK0 | base_zynq_i/ps7_0_axi_periph/m00_couplers/auto_pc/inst/gen_axilite.gen_b2s_conv.axilite_b2s/WR.b_channel_0/bid_fifo_0/bresp_push                                                                        |                                                                                                                                                           |                1 |              2 |
|  base_zynq_i/processing_system7_0/inst/FCLK_CLK0 | base_zynq_i/ps7_0_axi_periph/m02_couplers/auto_pc/inst/gen_axilite.gen_b2s_conv.axilite_b2s/WR.b_channel_0/bid_fifo_0/bresp_push                                                                        |                                                                                                                                                           |                1 |              2 |
|  base_zynq_i/processing_system7_0/inst/FCLK_CLK0 |                                                                                                                                                                                                         | base_zynq_i/axi_gpio_0/U0/AXI_LITE_IPIF_I/I_SLAVE_ATTACHMENT/clear                                                                                        |                1 |              4 |
|  base_zynq_i/processing_system7_0/inst/FCLK_CLK0 |                                                                                                                                                                                                         | base_zynq_i/axi_gpio_0/U0/gpio_core_1/Read_Reg_Rst__0                                                                                                     |                1 |              4 |
|  base_zynq_i/processing_system7_0/inst/FCLK_CLK0 |                                                                                                                                                                                                         | base_zynq_i/ps7_0_axi_periph/m00_couplers/auto_pc/inst/gen_axilite.gen_b2s_conv.axilite_b2s/SI_REG/ar.ar_pipe/aresetn_d_reg[1]_inv_0                      |                3 |              4 |
|  base_zynq_i/processing_system7_0/inst/FCLK_CLK0 |                                                                                                                                                                                                         | base_zynq_i/ps7_0_axi_periph/m00_couplers/auto_pc/inst/gen_axilite.gen_b2s_conv.axilite_b2s/SI_REG/aw.aw_pipe/aresetn_d_reg[0]_0                          |                4 |              4 |
|  base_zynq_i/processing_system7_0/inst/FCLK_CLK0 | base_zynq_i/ps7_0_axi_periph/xbar/inst/gen_samd.crossbar_samd/gen_slave_slots[0].gen_si_read.si_transactor_ar/gen_multi_thread.arbiter_resp_inst/gen_no_arbiter.s_ready_i_reg[0]_1[0]                   | base_zynq_i/ps7_0_axi_periph/xbar/inst/gen_samd.crossbar_samd/gen_slave_slots[0].gen_si_write.si_transactor_aw/gen_multi_thread.arbiter_resp_inst/SR[0]   |                2 |              4 |
|  base_zynq_i/processing_system7_0/inst/FCLK_CLK0 | base_zynq_i/ps7_0_axi_periph/xbar/inst/gen_samd.crossbar_samd/gen_slave_slots[0].gen_si_read.si_transactor_ar/gen_multi_thread.arbiter_resp_inst/gen_no_arbiter.s_ready_i_reg[0]_0[0]                   | base_zynq_i/ps7_0_axi_periph/xbar/inst/gen_samd.crossbar_samd/gen_slave_slots[0].gen_si_write.si_transactor_aw/gen_multi_thread.arbiter_resp_inst/SR[0]   |                1 |              4 |
|  base_zynq_i/processing_system7_0/inst/FCLK_CLK0 | base_zynq_i/ps7_0_axi_periph/xbar/inst/gen_samd.crossbar_samd/gen_slave_slots[0].gen_si_read.si_transactor_ar/gen_multi_thread.arbiter_resp_inst/E[0]                                                   |                                                                                                                                                           |                2 |              4 |
|  base_zynq_i/processing_system7_0/inst/FCLK_CLK0 | base_zynq_i/ps7_0_axi_periph/xbar/inst/gen_samd.crossbar_samd/gen_slave_slots[0].gen_si_write.si_transactor_aw/gen_multi_thread.arbiter_resp_inst/chosen_reg[0]_2[0]                                    | base_zynq_i/ps7_0_axi_periph/xbar/inst/gen_samd.crossbar_samd/gen_slave_slots[0].gen_si_write.si_transactor_aw/gen_multi_thread.arbiter_resp_inst/SR[0]   |                1 |              4 |
|  base_zynq_i/processing_system7_0/inst/FCLK_CLK0 | base_zynq_i/ps7_0_axi_periph/xbar/inst/gen_samd.crossbar_samd/gen_master_slots[0].reg_slice_mi/r.r_pipe/E[0]                                                                                            | base_zynq_i/ps7_0_axi_periph/xbar/inst/gen_samd.crossbar_samd/gen_slave_slots[0].gen_si_write.si_transactor_aw/gen_multi_thread.arbiter_resp_inst/SR[0]   |                2 |              4 |
|  base_zynq_i/processing_system7_0/inst/FCLK_CLK0 |                                                                                                                                                                                                         | base_zynq_i/ps7_0_axi_periph/m02_couplers/auto_pc/inst/gen_axilite.gen_b2s_conv.axilite_b2s/SI_REG/ar.ar_pipe/aresetn_d_reg[1]_inv_0                      |                4 |              4 |
|  base_zynq_i/processing_system7_0/inst/FCLK_CLK0 |                                                                                                                                                                                                         | base_zynq_i/ps7_0_axi_periph/m02_couplers/auto_pc/inst/gen_axilite.gen_b2s_conv.axilite_b2s/SI_REG/aw.aw_pipe/aresetn_d_reg[0]_0                          |                4 |              4 |
|  base_zynq_i/processing_system7_0/inst/FCLK_CLK0 | base_zynq_i/ps7_0_axi_periph/xbar/inst/gen_samd.crossbar_samd/gen_slave_slots[0].gen_si_read.si_transactor_ar/gen_multi_thread.arbiter_resp_inst/need_arbitration                                       | base_zynq_i/ps7_0_axi_periph/xbar/inst/gen_samd.crossbar_samd/gen_slave_slots[0].gen_si_write.si_transactor_aw/gen_multi_thread.arbiter_resp_inst/SR[0]   |                1 |              4 |
|  base_zynq_i/processing_system7_0/inst/FCLK_CLK0 |                                                                                                                                                                                                         | base_zynq_i/rst_ps7_0_50M/U0/EXT_LPF/lpf_int                                                                                                              |                3 |              4 |
|  base_zynq_i/processing_system7_0/inst/FCLK_CLK0 | base_zynq_i/ps7_0_axi_periph/xbar/inst/gen_samd.crossbar_samd/gen_slave_slots[0].gen_si_read.si_transactor_ar/gen_multi_thread.arbiter_resp_inst/last_rr_hot                                            | base_zynq_i/ps7_0_axi_periph/xbar/inst/gen_samd.crossbar_samd/gen_slave_slots[0].gen_si_write.si_transactor_aw/gen_multi_thread.arbiter_resp_inst/SR[0]   |                1 |              4 |
|  base_zynq_i/processing_system7_0/inst/FCLK_CLK0 | base_zynq_i/ps7_0_axi_periph/xbar/inst/gen_samd.crossbar_samd/gen_slave_slots[0].gen_si_write.wdata_router_w/wrouter_aw_fifo/m_valid_i                                                                  | base_zynq_i/ps7_0_axi_periph/xbar/inst/gen_samd.crossbar_samd/gen_slave_slots[0].gen_si_write.wdata_router_w/wrouter_aw_fifo/areset_d1                    |                1 |              4 |
|  base_zynq_i/processing_system7_0/inst/FCLK_CLK0 | base_zynq_i/ps7_0_axi_periph/xbar/inst/gen_samd.crossbar_samd/gen_slave_slots[0].gen_si_read.si_transactor_ar/gen_multi_thread.arbiter_resp_inst/gen_no_arbiter.s_ready_i_reg[0][0]                     | base_zynq_i/ps7_0_axi_periph/xbar/inst/gen_samd.crossbar_samd/gen_slave_slots[0].gen_si_write.si_transactor_aw/gen_multi_thread.arbiter_resp_inst/SR[0]   |                1 |              4 |
|  base_zynq_i/processing_system7_0/inst/FCLK_CLK0 | base_zynq_i/ps7_0_axi_periph/xbar/inst/gen_samd.crossbar_samd/gen_master_slots[1].reg_slice_mi/r.r_pipe/E[0]                                                                                            | base_zynq_i/ps7_0_axi_periph/xbar/inst/gen_samd.crossbar_samd/gen_slave_slots[0].gen_si_write.si_transactor_aw/gen_multi_thread.arbiter_resp_inst/SR[0]   |                2 |              4 |
|  base_zynq_i/processing_system7_0/inst/FCLK_CLK0 | base_zynq_i/axi_bram_ctrl_0/U0/gext_inst.abcv4_0_ext_inst/GEN_AXI4.I_FULL_AXI/I_WR_CHNL/BID_FIFO/bid_fifo_not_empty                                                                                     | base_zynq_i/axi_bram_ctrl_0/U0/gext_inst.abcv4_0_ext_inst/GEN_AXI4.I_FULL_AXI/I_RD_CHNL/GEN_NO_RD_CMD_OPT.I_WRAP_BRST/ACTIVE_LOW_PR_OUT_DFF[0].FDRE_PER_N |                1 |              4 |
|  base_zynq_i/processing_system7_0/inst/FCLK_CLK0 | base_zynq_i/ps7_0_axi_periph/xbar/inst/gen_samd.crossbar_samd/gen_slave_slots[0].gen_si_write.si_transactor_aw/E[0]                                                                                     |                                                                                                                                                           |                2 |              4 |
|  base_zynq_i/processing_system7_0/inst/FCLK_CLK0 | base_zynq_i/axi_bram_ctrl_0/U0/gext_inst.abcv4_0_ext_inst/GEN_AXI4.I_FULL_AXI/I_WR_CHNL/wrdata_reg_ld                                                                                                   | base_zynq_i/axi_bram_ctrl_0/U0/gext_inst.abcv4_0_ext_inst/GEN_AXI4.I_FULL_AXI/I_WR_CHNL/GEN_WR_NO_ECC.bram_we_int[3]_i_1_n_0                              |                1 |              4 |
|  base_zynq_i/processing_system7_0/inst/FCLK_CLK0 | base_zynq_i/ps7_0_axi_periph/xbar/inst/gen_samd.crossbar_samd/gen_slave_slots[0].gen_si_write.si_transactor_aw/gen_multi_thread.arbiter_resp_inst/chosen_reg[0]_4[0]                                    | base_zynq_i/ps7_0_axi_periph/xbar/inst/gen_samd.crossbar_samd/gen_slave_slots[0].gen_si_write.si_transactor_aw/gen_multi_thread.arbiter_resp_inst/SR[0]   |                2 |              4 |
|  base_zynq_i/processing_system7_0/inst/FCLK_CLK0 | base_zynq_i/axi_bram_ctrl_0/U0/gext_inst.abcv4_0_ext_inst/GEN_AXI4.I_FULL_AXI/I_RD_CHNL/FSM_sequential_GEN_NO_RD_CMD_OPT.rd_data_sm_cs[3]_i_1_n_0                                                       | base_zynq_i/axi_bram_ctrl_0/U0/gext_inst.abcv4_0_ext_inst/GEN_AXI4.I_FULL_AXI/I_RD_CHNL/GEN_NO_RD_CMD_OPT.I_WRAP_BRST/ACTIVE_LOW_PR_OUT_DFF[0].FDRE_PER_N |                3 |              4 |
|  base_zynq_i/processing_system7_0/inst/FCLK_CLK0 | base_zynq_i/ps7_0_axi_periph/xbar/inst/gen_samd.crossbar_samd/gen_slave_slots[0].gen_si_write.si_transactor_aw/gen_multi_thread.arbiter_resp_inst/chosen_reg[0]_3[0]                                    | base_zynq_i/ps7_0_axi_periph/xbar/inst/gen_samd.crossbar_samd/gen_slave_slots[0].gen_si_write.si_transactor_aw/gen_multi_thread.arbiter_resp_inst/SR[0]   |                1 |              4 |
|  base_zynq_i/processing_system7_0/inst/FCLK_CLK0 | base_zynq_i/ps7_0_axi_periph/xbar/inst/gen_samd.crossbar_samd/gen_slave_slots[0].gen_si_read.si_transactor_ar/gen_multi_thread.arbiter_resp_inst/gen_no_arbiter.s_ready_i_reg[0]_4[0]                   | base_zynq_i/ps7_0_axi_periph/xbar/inst/gen_samd.crossbar_samd/gen_slave_slots[0].gen_si_write.si_transactor_aw/gen_multi_thread.arbiter_resp_inst/SR[0]   |                1 |              4 |
|  base_zynq_i/processing_system7_0/inst/FCLK_CLK0 | base_zynq_i/ps7_0_axi_periph/xbar/inst/gen_samd.crossbar_samd/gen_slave_slots[0].gen_si_write.si_transactor_aw/gen_multi_thread.arbiter_resp_inst/last_rr_hot                                           | base_zynq_i/ps7_0_axi_periph/xbar/inst/gen_samd.crossbar_samd/gen_slave_slots[0].gen_si_write.si_transactor_aw/gen_multi_thread.arbiter_resp_inst/SR[0]   |                1 |              4 |
|  base_zynq_i/processing_system7_0/inst/FCLK_CLK0 | base_zynq_i/ps7_0_axi_periph/xbar/inst/gen_samd.crossbar_samd/gen_slave_slots[0].gen_si_write.si_transactor_aw/gen_multi_thread.arbiter_resp_inst/need_arbitration                                      | base_zynq_i/ps7_0_axi_periph/xbar/inst/gen_samd.crossbar_samd/gen_slave_slots[0].gen_si_write.si_transactor_aw/gen_multi_thread.arbiter_resp_inst/SR[0]   |                1 |              4 |
|  base_zynq_i/processing_system7_0/inst/FCLK_CLK0 | base_zynq_i/ps7_0_axi_periph/xbar/inst/gen_samd.crossbar_samd/gen_slave_slots[0].gen_si_write.si_transactor_aw/gen_multi_thread.arbiter_resp_inst/E[0]                                                  | base_zynq_i/ps7_0_axi_periph/xbar/inst/gen_samd.crossbar_samd/gen_slave_slots[0].gen_si_write.si_transactor_aw/gen_multi_thread.arbiter_resp_inst/SR[0]   |                2 |              4 |
|  base_zynq_i/processing_system7_0/inst/FCLK_CLK0 | base_zynq_i/axi_gpio_0/U0/AXI_LITE_IPIF_I/I_SLAVE_ATTACHMENT/start2                                                                                                                                     | base_zynq_i/axi_gpio_0/U0/AXI_LITE_IPIF_I/I_SLAVE_ATTACHMENT/I_DECODER/cs_ce_clr                                                                          |                1 |              4 |
|  base_zynq_i/processing_system7_0/inst/FCLK_CLK0 | base_zynq_i/axi_gpio_0/U0/AXI_LITE_IPIF_I/I_SLAVE_ATTACHMENT/bus2ip_addr_i[8]_i_1_n_0                                                                                                                   | base_zynq_i/axi_gpio_0/U0/AXI_LITE_IPIF_I/I_SLAVE_ATTACHMENT/SR[0]                                                                                        |                1 |              4 |
|  base_zynq_i/processing_system7_0/inst/FCLK_CLK0 | base_zynq_i/ps7_0_axi_periph/xbar/inst/gen_samd.crossbar_samd/gen_slave_slots[0].gen_si_read.si_transactor_ar/gen_multi_thread.arbiter_resp_inst/gen_no_arbiter.s_ready_i_reg[0]_3[0]                   | base_zynq_i/ps7_0_axi_periph/xbar/inst/gen_samd.crossbar_samd/gen_slave_slots[0].gen_si_write.si_transactor_aw/gen_multi_thread.arbiter_resp_inst/SR[0]   |                1 |              4 |
|  base_zynq_i/processing_system7_0/inst/FCLK_CLK0 | base_zynq_i/ps7_0_axi_periph/xbar/inst/gen_samd.crossbar_samd/gen_slave_slots[0].gen_si_write.si_transactor_aw/gen_multi_thread.arbiter_resp_inst/chosen_reg[0]_6[0]                                    | base_zynq_i/ps7_0_axi_periph/xbar/inst/gen_samd.crossbar_samd/gen_slave_slots[0].gen_si_write.si_transactor_aw/gen_multi_thread.arbiter_resp_inst/SR[0]   |                1 |              4 |
|  base_zynq_i/processing_system7_0/inst/FCLK_CLK0 | base_zynq_i/ps7_0_axi_periph/xbar/inst/gen_samd.crossbar_samd/gen_slave_slots[0].gen_si_write.si_transactor_aw/gen_multi_thread.arbiter_resp_inst/gen_multi_thread.accept_cnt_reg[0][0]                 | base_zynq_i/ps7_0_axi_periph/xbar/inst/gen_samd.crossbar_samd/gen_slave_slots[0].gen_si_write.si_transactor_aw/gen_multi_thread.arbiter_resp_inst/SR[0]   |                1 |              4 |
|  base_zynq_i/processing_system7_0/inst/FCLK_CLK0 | base_zynq_i/ps7_0_axi_periph/xbar/inst/gen_samd.crossbar_samd/gen_slave_slots[0].gen_si_read.si_transactor_ar/gen_multi_thread.arbiter_resp_inst/gen_no_arbiter.s_ready_i_reg[0]_5[0]                   | base_zynq_i/ps7_0_axi_periph/xbar/inst/gen_samd.crossbar_samd/gen_slave_slots[0].gen_si_write.si_transactor_aw/gen_multi_thread.arbiter_resp_inst/SR[0]   |                1 |              4 |
|  base_zynq_i/processing_system7_0/inst/FCLK_CLK0 | base_zynq_i/ps7_0_axi_periph/xbar/inst/gen_samd.crossbar_samd/gen_slave_slots[0].gen_si_write.si_transactor_aw/gen_multi_thread.arbiter_resp_inst/chosen_reg[0]_5[0]                                    | base_zynq_i/ps7_0_axi_periph/xbar/inst/gen_samd.crossbar_samd/gen_slave_slots[0].gen_si_write.si_transactor_aw/gen_multi_thread.arbiter_resp_inst/SR[0]   |                1 |              4 |
|  base_zynq_i/processing_system7_0/inst/FCLK_CLK0 | base_zynq_i/ps7_0_axi_periph/xbar/inst/gen_samd.crossbar_samd/gen_slave_slots[0].gen_si_write.si_transactor_aw/gen_multi_thread.arbiter_resp_inst/chosen_reg[0]_1[0]                                    | base_zynq_i/ps7_0_axi_periph/xbar/inst/gen_samd.crossbar_samd/gen_slave_slots[0].gen_si_write.si_transactor_aw/gen_multi_thread.arbiter_resp_inst/SR[0]   |                1 |              4 |
|  base_zynq_i/processing_system7_0/inst/FCLK_CLK0 | base_zynq_i/ps7_0_axi_periph/xbar/inst/gen_samd.crossbar_samd/gen_slave_slots[0].gen_si_write.si_transactor_aw/gen_multi_thread.arbiter_resp_inst/chosen_reg[0]_7[0]                                    | base_zynq_i/ps7_0_axi_periph/xbar/inst/gen_samd.crossbar_samd/gen_slave_slots[0].gen_si_write.si_transactor_aw/gen_multi_thread.arbiter_resp_inst/SR[0]   |                1 |              4 |
|  base_zynq_i/processing_system7_0/inst/FCLK_CLK0 | base_zynq_i/ps7_0_axi_periph/xbar/inst/gen_samd.crossbar_samd/gen_slave_slots[0].gen_si_read.si_transactor_ar/gen_multi_thread.arbiter_resp_inst/gen_no_arbiter.s_ready_i_reg[0]_2[0]                   | base_zynq_i/ps7_0_axi_periph/xbar/inst/gen_samd.crossbar_samd/gen_slave_slots[0].gen_si_write.si_transactor_aw/gen_multi_thread.arbiter_resp_inst/SR[0]   |                1 |              4 |
|  base_zynq_i/processing_system7_0/inst/FCLK_CLK0 | base_zynq_i/ps7_0_axi_periph/xbar/inst/gen_samd.crossbar_samd/addr_arbiter_aw/gen_master_slots[0].w_issuing_cnt_reg[3][0]                                                                               | base_zynq_i/ps7_0_axi_periph/xbar/inst/gen_samd.crossbar_samd/gen_slave_slots[0].gen_si_write.si_transactor_aw/gen_multi_thread.arbiter_resp_inst/SR[0]   |                2 |              4 |
|  base_zynq_i/processing_system7_0/inst/FCLK_CLK0 | base_zynq_i/ps7_0_axi_periph/xbar/inst/gen_samd.crossbar_samd/addr_arbiter_aw/gen_master_slots[1].w_issuing_cnt_reg[11][0]                                                                              | base_zynq_i/ps7_0_axi_periph/xbar/inst/gen_samd.crossbar_samd/gen_slave_slots[0].gen_si_write.si_transactor_aw/gen_multi_thread.arbiter_resp_inst/SR[0]   |                2 |              4 |
|  base_zynq_i/processing_system7_0/inst/FCLK_CLK0 | base_zynq_i/ps7_0_axi_periph/xbar/inst/gen_samd.crossbar_samd/gen_slave_slots[0].gen_si_read.si_transactor_ar/gen_multi_thread.arbiter_resp_inst/gen_multi_thread.accept_cnt_reg[2][0]                  | base_zynq_i/ps7_0_axi_periph/xbar/inst/gen_samd.crossbar_samd/gen_slave_slots[0].gen_si_write.si_transactor_aw/gen_multi_thread.arbiter_resp_inst/SR[0]   |                1 |              4 |
|  base_zynq_i/processing_system7_0/inst/FCLK_CLK0 | base_zynq_i/ps7_0_axi_periph/xbar/inst/gen_samd.crossbar_samd/gen_slave_slots[0].gen_si_read.si_transactor_ar/gen_multi_thread.arbiter_resp_inst/gen_no_arbiter.s_ready_i_reg[0]_6[0]                   | base_zynq_i/ps7_0_axi_periph/xbar/inst/gen_samd.crossbar_samd/gen_slave_slots[0].gen_si_write.si_transactor_aw/gen_multi_thread.arbiter_resp_inst/SR[0]   |                2 |              4 |
|  base_zynq_i/processing_system7_0/inst/FCLK_CLK0 | base_zynq_i/axi_gpio_0/U0/AXI_LITE_IPIF_I/I_SLAVE_ATTACHMENT/s_axi_rresp_i                                                                                                                              | base_zynq_i/axi_gpio_0/U0/AXI_LITE_IPIF_I/I_SLAVE_ATTACHMENT/SR[0]                                                                                        |                1 |              5 |
|  base_zynq_i/processing_system7_0/inst/FCLK_CLK0 | base_zynq_i/ps7_0_axi_periph/m02_couplers/auto_pc/inst/gen_axilite.gen_b2s_conv.axilite_b2s/RD.r_channel_0/transaction_fifo_0/cnt_read[4]_i_1_n_0                                                       | base_zynq_i/ps7_0_axi_periph/m02_couplers/auto_pc/inst/gen_axilite.gen_b2s_conv.axilite_b2s/areset_d1                                                     |                2 |              5 |
|  base_zynq_i/processing_system7_0/inst/FCLK_CLK0 | base_zynq_i/ps7_0_axi_periph/m00_couplers/auto_pc/inst/gen_axilite.gen_b2s_conv.axilite_b2s/RD.r_channel_0/transaction_fifo_0/E[0]                                                                      | base_zynq_i/ps7_0_axi_periph/m00_couplers/auto_pc/inst/gen_axilite.gen_b2s_conv.axilite_b2s/areset_d1                                                     |                2 |              5 |
|  base_zynq_i/processing_system7_0/inst/FCLK_CLK0 | base_zynq_i/ps7_0_axi_periph/m00_couplers/auto_pc/inst/gen_axilite.gen_b2s_conv.axilite_b2s/RD.r_channel_0/transaction_fifo_0/cnt_read[4]_i_1_n_0                                                       | base_zynq_i/ps7_0_axi_periph/m00_couplers/auto_pc/inst/gen_axilite.gen_b2s_conv.axilite_b2s/areset_d1                                                     |                2 |              5 |
|  base_zynq_i/processing_system7_0/inst/FCLK_CLK0 | base_zynq_i/ps7_0_axi_periph/m02_couplers/auto_pc/inst/gen_axilite.gen_b2s_conv.axilite_b2s/RD.r_channel_0/transaction_fifo_0/E[0]                                                                      | base_zynq_i/ps7_0_axi_periph/m02_couplers/auto_pc/inst/gen_axilite.gen_b2s_conv.axilite_b2s/areset_d1                                                     |                1 |              5 |
|  base_zynq_i/processing_system7_0/inst/FCLK_CLK0 | base_zynq_i/rst_ps7_0_50M/U0/SEQ/seq_cnt_en                                                                                                                                                             | base_zynq_i/rst_ps7_0_50M/U0/SEQ/SEQ_COUNTER/clear                                                                                                        |                1 |              6 |
|  base_zynq_i/processing_system7_0/inst/FCLK_CLK0 | base_zynq_i/example_0/inst/example_BUS_A_s_axi_U/waddr                                                                                                                                                  |                                                                                                                                                           |                2 |              6 |
|  base_zynq_i/processing_system7_0/inst/FCLK_CLK0 | base_zynq_i/example_0/inst/example_BUS_A_s_axi_U/int_a[7]_i_1_n_0                                                                                                                                       | base_zynq_i/example_0/inst/example_BUS_A_s_axi_U/SR[0]                                                                                                    |                2 |              8 |
|  base_zynq_i/processing_system7_0/inst/FCLK_CLK0 | base_zynq_i/example_0/inst/example_BUS_A_s_axi_U/int_c_i[7]_i_1_n_0                                                                                                                                     | base_zynq_i/example_0/inst/example_BUS_A_s_axi_U/SR[0]                                                                                                    |                1 |              8 |
|  base_zynq_i/processing_system7_0/inst/FCLK_CLK0 | base_zynq_i/ps7_0_axi_periph/m00_couplers/auto_pc/inst/gen_axilite.gen_b2s_conv.axilite_b2s/WR.b_channel_0/mhandshake_r                                                                                 | base_zynq_i/ps7_0_axi_periph/m00_couplers/auto_pc/inst/gen_axilite.gen_b2s_conv.axilite_b2s/WR.b_channel_0/bid_fifo_0/SR[0]                               |                3 |              8 |
|  base_zynq_i/processing_system7_0/inst/FCLK_CLK0 |                                                                                                                                                                                                         | base_zynq_i/ps7_0_axi_periph/xbar/inst/gen_master_slots[3].reg_slice_mi/p_0_in                                                                            |                5 |              8 |
|  base_zynq_i/processing_system7_0/inst/FCLK_CLK0 |                                                                                                                                                                                                         | base_zynq_i/ps7_0_axi_periph/xbar/inst/gen_master_slots[2].reg_slice_mi/p_1_in                                                                            |                4 |              8 |
|  base_zynq_i/processing_system7_0/inst/FCLK_CLK0 | base_zynq_i/example_0/inst/example_BUS_A_s_axi_U/int_ap_start_reg_1[0]                                                                                                                                  |                                                                                                                                                           |                2 |              8 |
|  base_zynq_i/processing_system7_0/inst/FCLK_CLK0 | base_zynq_i/example_0/inst/example_BUS_A_s_axi_U/ap_CS_fsm_reg[1][0]                                                                                                                                    |                                                                                                                                                           |                2 |              8 |
|  base_zynq_i/processing_system7_0/inst/FCLK_CLK0 | base_zynq_i/example_0/inst/example_BUS_A_s_axi_U/ar_hs                                                                                                                                                  |                                                                                                                                                           |                3 |              8 |
|  base_zynq_i/processing_system7_0/inst/FCLK_CLK0 | base_zynq_i/ps7_0_axi_periph/m02_couplers/auto_pc/inst/gen_axilite.gen_b2s_conv.axilite_b2s/WR.aw_channel_0/cmd_translator_0/incr_cmd_0/axaddr_incr[11]_i_1_n_0                                         |                                                                                                                                                           |                2 |              8 |
|  base_zynq_i/processing_system7_0/inst/FCLK_CLK0 | base_zynq_i/ps7_0_axi_periph/xbar/inst/gen_samd.crossbar_samd/gen_decerr_slave.decerr_slave_inst/gen_axi.read_cnt[7]_i_1_n_0                                                                            | base_zynq_i/ps7_0_axi_periph/xbar/inst/gen_samd.crossbar_samd/gen_slave_slots[0].gen_si_write.si_transactor_aw/gen_multi_thread.arbiter_resp_inst/SR[0]   |                4 |              8 |
|  base_zynq_i/processing_system7_0/inst/FCLK_CLK0 | base_zynq_i/example_0/inst/example_BUS_A_s_axi_U/int_b[7]_i_1_n_0                                                                                                                                       | base_zynq_i/example_0/inst/example_BUS_A_s_axi_U/SR[0]                                                                                                    |                2 |              8 |
|  base_zynq_i/processing_system7_0/inst/FCLK_CLK0 | base_zynq_i/ps7_0_axi_periph/m02_couplers/auto_pc/inst/gen_axilite.gen_b2s_conv.axilite_b2s/RD.r_channel_0/rd_data_fifo_0/wr_en0                                                                        |                                                                                                                                                           |                2 |              8 |
|  base_zynq_i/processing_system7_0/inst/FCLK_CLK0 | base_zynq_i/ps7_0_axi_periph/m02_couplers/auto_pc/inst/gen_axilite.gen_b2s_conv.axilite_b2s/RD.ar_channel_0/ar_cmd_fsm_0/E[0]                                                                           |                                                                                                                                                           |                3 |              8 |
|  base_zynq_i/processing_system7_0/inst/FCLK_CLK0 | base_zynq_i/ps7_0_axi_periph/m02_couplers/auto_pc/inst/gen_axilite.gen_b2s_conv.axilite_b2s/WR.b_channel_0/mhandshake_r                                                                                 | base_zynq_i/ps7_0_axi_periph/m02_couplers/auto_pc/inst/gen_axilite.gen_b2s_conv.axilite_b2s/WR.b_channel_0/bid_fifo_0/SR[0]                               |                2 |              8 |
|  base_zynq_i/processing_system7_0/inst/FCLK_CLK0 | base_zynq_i/axi_bram_ctrl_0/U0/gext_inst.abcv4_0_ext_inst/GEN_AXI4.I_FULL_AXI/I_RD_CHNL/GEN_NO_RD_CMD_OPT.brst_cnt[7]_i_1_n_0                                                                           | base_zynq_i/axi_bram_ctrl_0/U0/gext_inst.abcv4_0_ext_inst/GEN_AXI4.I_FULL_AXI/I_RD_CHNL/GEN_NO_RD_CMD_OPT.I_WRAP_BRST/ACTIVE_LOW_PR_OUT_DFF[0].FDRE_PER_N |                3 |              8 |
|  base_zynq_i/processing_system7_0/inst/FCLK_CLK0 | base_zynq_i/ps7_0_axi_periph/m02_couplers/auto_pc/inst/gen_axilite.gen_b2s_conv.axilite_b2s/RD.ar_channel_0/ar_cmd_fsm_0/FSM_sequential_state_reg[1]_0[0]                                               |                                                                                                                                                           |                4 |              8 |
|  base_zynq_i/processing_system7_0/inst/FCLK_CLK0 | base_zynq_i/ps7_0_axi_periph/m02_couplers/auto_pc/inst/gen_axilite.gen_b2s_conv.axilite_b2s/WR.aw_channel_0/aw_cmd_fsm_0/state_reg[1]_1[0]                                                              |                                                                                                                                                           |                4 |              8 |
|  base_zynq_i/processing_system7_0/inst/FCLK_CLK0 | base_zynq_i/example_0/inst/c_1_vld_reg                                                                                                                                                                  | base_zynq_i/example_0/inst/example_BUS_A_s_axi_U/SR[0]                                                                                                    |                1 |              8 |
|  base_zynq_i/processing_system7_0/inst/FCLK_CLK0 | base_zynq_i/axi_gpio_0/U0/AXI_LITE_IPIF_I/I_SLAVE_ATTACHMENT/I_DECODER/E[0]                                                                                                                             | base_zynq_i/axi_gpio_0/U0/AXI_LITE_IPIF_I/I_SLAVE_ATTACHMENT/SR[0]                                                                                        |                2 |              8 |
|  base_zynq_i/processing_system7_0/inst/FCLK_CLK0 |                                                                                                                                                                                                         | base_zynq_i/ps7_0_axi_periph/m00_couplers/auto_pc/inst/gen_axilite.gen_b2s_conv.axilite_b2s/areset_d1                                                     |                5 |             10 |
|  base_zynq_i/processing_system7_0/inst/FCLK_CLK0 | base_zynq_i/axi_bram_ctrl_0/U0/gext_inst.abcv4_0_ext_inst/GEN_AXI4.I_FULL_AXI/I_RD_CHNL/GEN_NO_RD_CMD_OPT.I_WRAP_BRST/E[0]                                                                              | base_zynq_i/axi_bram_ctrl_0/U0/gext_inst.abcv4_0_ext_inst/GEN_AXI4.I_FULL_AXI/I_WR_CHNL/I_WRAP_BRST/curr_fixed_burst_reg_reg[0]                           |                4 |             10 |
|  base_zynq_i/processing_system7_0/inst/FCLK_CLK0 |                                                                                                                                                                                                         | base_zynq_i/ps7_0_axi_periph/m02_couplers/auto_pc/inst/gen_axilite.gen_b2s_conv.axilite_b2s/areset_d1                                                     |                3 |             10 |
|  base_zynq_i/processing_system7_0/inst/FCLK_CLK0 | base_zynq_i/axi_bram_ctrl_0/U0/gext_inst.abcv4_0_ext_inst/GEN_AXI4.I_FULL_AXI/I_RD_CHNL/GEN_NO_RD_CMD_OPT.GEN_RID_SNG.axi_rid_int[11]_i_2_n_0                                                           | base_zynq_i/axi_bram_ctrl_0/U0/gext_inst.abcv4_0_ext_inst/GEN_AXI4.I_FULL_AXI/I_RD_CHNL/GEN_NO_RD_CMD_OPT.GEN_RID_SNG.axi_rid_int[11]_i_1_n_0             |                4 |             12 |
|  base_zynq_i/processing_system7_0/inst/FCLK_CLK0 | base_zynq_i/ps7_0_axi_periph/xbar/inst/gen_samd.crossbar_samd/gen_master_slots[3].reg_slice_mi/b.b_pipe/gen_slave_slots[0].gen_si_write.si_transactor_aw/gen_multi_thread.arbiter_resp_inst/chosen4     |                                                                                                                                                           |                3 |             12 |
|  base_zynq_i/processing_system7_0/inst/FCLK_CLK0 | base_zynq_i/ps7_0_axi_periph/m00_couplers/auto_pc/inst/gen_axilite.gen_b2s_conv.axilite_b2s/RD.ar_channel_0/ar_cmd_fsm_0/FSM_sequential_state_reg[1]_1[0]                                               |                                                                                                                                                           |                5 |             12 |
|  base_zynq_i/processing_system7_0/inst/FCLK_CLK0 | base_zynq_i/axi_bram_ctrl_0/U0/gext_inst.abcv4_0_ext_inst/GEN_AXI4.I_FULL_AXI/I_WR_CHNL/BID_FIFO/E[0]                                                                                                   | base_zynq_i/axi_bram_ctrl_0/U0/gext_inst.abcv4_0_ext_inst/GEN_AXI4.I_FULL_AXI/I_RD_CHNL/GEN_NO_RD_CMD_OPT.I_WRAP_BRST/ACTIVE_LOW_PR_OUT_DFF[0].FDRE_PER_N |                2 |             12 |
|  base_zynq_i/processing_system7_0/inst/FCLK_CLK0 | base_zynq_i/ps7_0_axi_periph/m00_couplers/auto_pc/inst/gen_axilite.gen_b2s_conv.axilite_b2s/WR.aw_channel_0/cmd_translator_0/incr_cmd_0/axaddr_incr[11]_i_1_n_0                                         |                                                                                                                                                           |                3 |             12 |
|  base_zynq_i/processing_system7_0/inst/FCLK_CLK0 | base_zynq_i/axi_bram_ctrl_0/U0/gext_inst.abcv4_0_ext_inst/GEN_AXI4.I_FULL_AXI/I_WR_CHNL/BID_FIFO/CI                                                                                                     |                                                                                                                                                           |                2 |             12 |
|  base_zynq_i/processing_system7_0/inst/FCLK_CLK0 | base_zynq_i/ps7_0_axi_periph/xbar/inst/gen_samd.crossbar_samd/addr_arbiter_ar/gen_no_arbiter.m_target_hot_i_reg[3]_0[0]                                                                                 | base_zynq_i/ps7_0_axi_periph/xbar/inst/gen_samd.crossbar_samd/gen_slave_slots[0].gen_si_write.si_transactor_aw/gen_multi_thread.arbiter_resp_inst/SR[0]   |                2 |             12 |
|  base_zynq_i/processing_system7_0/inst/FCLK_CLK0 | base_zynq_i/ps7_0_axi_periph/m00_couplers/auto_pc/inst/gen_axilite.gen_b2s_conv.axilite_b2s/WR.aw_channel_0/aw_cmd_fsm_0/state_reg[1]_1[0]                                                              |                                                                                                                                                           |                4 |             12 |
|  base_zynq_i/processing_system7_0/inst/FCLK_CLK0 | base_zynq_i/ps7_0_axi_periph/xbar/inst/gen_samd.crossbar_samd/gen_master_slots[1].reg_slice_mi/b.b_pipe/m_payload_i[13]_i_1__1_n_0                                                                      |                                                                                                                                                           |                3 |             12 |
|  base_zynq_i/processing_system7_0/inst/FCLK_CLK0 | base_zynq_i/ps7_0_axi_periph/xbar/inst/gen_samd.crossbar_samd/gen_decerr_slave.decerr_slave_inst/FSM_onehot_gen_axi.write_cs_reg[0]_0[0]                                                                | base_zynq_i/ps7_0_axi_periph/xbar/inst/gen_samd.crossbar_samd/gen_slave_slots[0].gen_si_write.si_transactor_aw/gen_multi_thread.arbiter_resp_inst/SR[0]   |                3 |             12 |
|  base_zynq_i/processing_system7_0/inst/FCLK_CLK0 | base_zynq_i/ps7_0_axi_periph/m00_couplers/auto_pc/inst/gen_axilite.gen_b2s_conv.axilite_b2s/RD.ar_channel_0/ar_cmd_fsm_0/E[0]                                                                           |                                                                                                                                                           |                2 |             12 |
|  base_zynq_i/processing_system7_0/inst/FCLK_CLK0 | base_zynq_i/axi_bram_ctrl_0/U0/gext_inst.abcv4_0_ext_inst/GEN_AXI4.I_FULL_AXI/GEN_ARB.I_SNG_PORT/aw_active_re                                                                                           | base_zynq_i/axi_bram_ctrl_0/U0/gext_inst.abcv4_0_ext_inst/GEN_AXI4.I_FULL_AXI/I_RD_CHNL/GEN_NO_RD_CMD_OPT.I_WRAP_BRST/ACTIVE_LOW_PR_OUT_DFF[0].FDRE_PER_N |                4 |             13 |
|  base_zynq_i/processing_system7_0/inst/FCLK_CLK0 | base_zynq_i/ps7_0_axi_periph/xbar/inst/gen_samd.crossbar_samd/gen_master_slots[3].reg_slice_mi/r.r_pipe/p_1_in_0                                                                                        |                                                                                                                                                           |                4 |             13 |
|  base_zynq_i/processing_system7_0/inst/FCLK_CLK0 | base_zynq_i/ps7_0_axi_periph/m00_couplers/auto_pc/inst/gen_axilite.gen_b2s_conv.axilite_b2s/RD.r_channel_0/r_push_r                                                                                     |                                                                                                                                                           |                4 |             13 |
|  base_zynq_i/processing_system7_0/inst/FCLK_CLK0 | base_zynq_i/ps7_0_axi_periph/xbar/inst/gen_samd.crossbar_samd/gen_master_slots[3].reg_slice_mi/r.r_pipe/s_ready_i_reg_0                                                                                 |                                                                                                                                                           |                2 |             13 |
|  base_zynq_i/processing_system7_0/inst/FCLK_CLK0 | base_zynq_i/ps7_0_axi_periph/m02_couplers/auto_pc/inst/gen_axilite.gen_b2s_conv.axilite_b2s/RD.r_channel_0/r_push_r                                                                                     |                                                                                                                                                           |                4 |             13 |
|  base_zynq_i/processing_system7_0/inst/FCLK_CLK0 | base_zynq_i/ps7_0_axi_periph/xbar/inst/gen_samd.crossbar_samd/gen_slave_slots[0].gen_si_read.si_transactor_ar/gen_multi_thread.cmd_push_4                                                               | base_zynq_i/ps7_0_axi_periph/xbar/inst/gen_samd.crossbar_samd/gen_slave_slots[0].gen_si_write.si_transactor_aw/gen_multi_thread.arbiter_resp_inst/SR[0]   |                5 |             14 |
|  base_zynq_i/processing_system7_0/inst/FCLK_CLK0 | base_zynq_i/ps7_0_axi_periph/xbar/inst/gen_samd.crossbar_samd/gen_slave_slots[0].gen_si_write.si_transactor_aw/gen_multi_thread.cmd_push_3                                                              | base_zynq_i/ps7_0_axi_periph/xbar/inst/gen_samd.crossbar_samd/gen_slave_slots[0].gen_si_write.si_transactor_aw/gen_multi_thread.arbiter_resp_inst/SR[0]   |                2 |             14 |
|  base_zynq_i/processing_system7_0/inst/FCLK_CLK0 | base_zynq_i/ps7_0_axi_periph/xbar/inst/gen_samd.crossbar_samd/gen_slave_slots[0].gen_si_read.si_transactor_ar/gen_multi_thread.cmd_push_0                                                               | base_zynq_i/ps7_0_axi_periph/xbar/inst/gen_samd.crossbar_samd/gen_slave_slots[0].gen_si_write.si_transactor_aw/gen_multi_thread.arbiter_resp_inst/SR[0]   |                2 |             14 |
|  base_zynq_i/processing_system7_0/inst/FCLK_CLK0 | base_zynq_i/ps7_0_axi_periph/xbar/inst/gen_samd.crossbar_samd/gen_master_slots[0].reg_slice_mi/b.b_pipe/gen_slave_slots[0].gen_si_write.si_transactor_aw/gen_multi_thread.arbiter_resp_inst/chosen45_in |                                                                                                                                                           |                5 |             14 |
|  base_zynq_i/processing_system7_0/inst/FCLK_CLK0 | base_zynq_i/ps7_0_axi_periph/xbar/inst/gen_samd.crossbar_samd/gen_slave_slots[0].gen_si_read.si_transactor_ar/gen_multi_thread.cmd_push_5                                                               | base_zynq_i/ps7_0_axi_periph/xbar/inst/gen_samd.crossbar_samd/gen_slave_slots[0].gen_si_write.si_transactor_aw/gen_multi_thread.arbiter_resp_inst/SR[0]   |                3 |             14 |
|  base_zynq_i/processing_system7_0/inst/FCLK_CLK0 | base_zynq_i/ps7_0_axi_periph/xbar/inst/gen_samd.crossbar_samd/gen_slave_slots[0].gen_si_write.si_transactor_aw/gen_multi_thread.cmd_push_1                                                              | base_zynq_i/ps7_0_axi_periph/xbar/inst/gen_samd.crossbar_samd/gen_slave_slots[0].gen_si_write.si_transactor_aw/gen_multi_thread.arbiter_resp_inst/SR[0]   |                2 |             14 |
|  base_zynq_i/processing_system7_0/inst/FCLK_CLK0 | base_zynq_i/ps7_0_axi_periph/xbar/inst/gen_samd.crossbar_samd/gen_slave_slots[0].gen_si_read.si_transactor_ar/gen_multi_thread.cmd_push_7                                                               | base_zynq_i/ps7_0_axi_periph/xbar/inst/gen_samd.crossbar_samd/gen_slave_slots[0].gen_si_write.si_transactor_aw/gen_multi_thread.arbiter_resp_inst/SR[0]   |                3 |             14 |
|  base_zynq_i/processing_system7_0/inst/FCLK_CLK0 | base_zynq_i/ps7_0_axi_periph/xbar/inst/gen_samd.crossbar_samd/gen_slave_slots[0].gen_si_read.si_transactor_ar/gen_multi_thread.cmd_push_6                                                               | base_zynq_i/ps7_0_axi_periph/xbar/inst/gen_samd.crossbar_samd/gen_slave_slots[0].gen_si_write.si_transactor_aw/gen_multi_thread.arbiter_resp_inst/SR[0]   |                3 |             14 |
|  base_zynq_i/processing_system7_0/inst/FCLK_CLK0 | base_zynq_i/ps7_0_axi_periph/xbar/inst/gen_samd.crossbar_samd/gen_slave_slots[0].gen_si_write.si_transactor_aw/gen_multi_thread.cmd_push_7                                                              | base_zynq_i/ps7_0_axi_periph/xbar/inst/gen_samd.crossbar_samd/gen_slave_slots[0].gen_si_write.si_transactor_aw/gen_multi_thread.arbiter_resp_inst/SR[0]   |                3 |             14 |
|  base_zynq_i/processing_system7_0/inst/FCLK_CLK0 | base_zynq_i/ps7_0_axi_periph/xbar/inst/gen_samd.crossbar_samd/gen_master_slots[2].reg_slice_mi/b.b_pipe/gen_slave_slots[0].gen_si_write.si_transactor_aw/gen_multi_thread.arbiter_resp_inst/chosen5     |                                                                                                                                                           |                4 |             14 |
|  base_zynq_i/processing_system7_0/inst/FCLK_CLK0 | base_zynq_i/ps7_0_axi_periph/xbar/inst/gen_samd.crossbar_samd/gen_slave_slots[0].gen_si_write.si_transactor_aw/gen_multi_thread.cmd_push_6                                                              | base_zynq_i/ps7_0_axi_periph/xbar/inst/gen_samd.crossbar_samd/gen_slave_slots[0].gen_si_write.si_transactor_aw/gen_multi_thread.arbiter_resp_inst/SR[0]   |                3 |             14 |
|  base_zynq_i/processing_system7_0/inst/FCLK_CLK0 | base_zynq_i/ps7_0_axi_periph/xbar/inst/gen_samd.crossbar_samd/gen_slave_slots[0].gen_si_write.si_transactor_aw/gen_multi_thread.cmd_push_4                                                              | base_zynq_i/ps7_0_axi_periph/xbar/inst/gen_samd.crossbar_samd/gen_slave_slots[0].gen_si_write.si_transactor_aw/gen_multi_thread.arbiter_resp_inst/SR[0]   |                4 |             14 |
|  base_zynq_i/processing_system7_0/inst/FCLK_CLK0 | base_zynq_i/ps7_0_axi_periph/m00_couplers/auto_pc/inst/gen_axilite.gen_b2s_conv.axilite_b2s/SI_REG/b.b_pipe/p_1_in                                                                                      |                                                                                                                                                           |                3 |             14 |
|  base_zynq_i/processing_system7_0/inst/FCLK_CLK0 | base_zynq_i/ps7_0_axi_periph/xbar/inst/gen_samd.crossbar_samd/gen_slave_slots[0].gen_si_write.si_transactor_aw/gen_multi_thread.cmd_push_5                                                              | base_zynq_i/ps7_0_axi_periph/xbar/inst/gen_samd.crossbar_samd/gen_slave_slots[0].gen_si_write.si_transactor_aw/gen_multi_thread.arbiter_resp_inst/SR[0]   |                3 |             14 |
|  base_zynq_i/processing_system7_0/inst/FCLK_CLK0 | base_zynq_i/ps7_0_axi_periph/xbar/inst/gen_samd.crossbar_samd/gen_slave_slots[0].gen_si_write.si_transactor_aw/gen_multi_thread.cmd_push_2                                                              | base_zynq_i/ps7_0_axi_periph/xbar/inst/gen_samd.crossbar_samd/gen_slave_slots[0].gen_si_write.si_transactor_aw/gen_multi_thread.arbiter_resp_inst/SR[0]   |                3 |             14 |
|  base_zynq_i/processing_system7_0/inst/FCLK_CLK0 | base_zynq_i/ps7_0_axi_periph/xbar/inst/gen_samd.crossbar_samd/gen_slave_slots[0].gen_si_write.si_transactor_aw/gen_multi_thread.cmd_push_0                                                              | base_zynq_i/ps7_0_axi_periph/xbar/inst/gen_samd.crossbar_samd/gen_slave_slots[0].gen_si_write.si_transactor_aw/gen_multi_thread.arbiter_resp_inst/SR[0]   |                4 |             14 |
|  base_zynq_i/processing_system7_0/inst/FCLK_CLK0 | base_zynq_i/ps7_0_axi_periph/xbar/inst/gen_samd.crossbar_samd/gen_slave_slots[0].gen_si_read.si_transactor_ar/gen_multi_thread.cmd_push_1                                                               | base_zynq_i/ps7_0_axi_periph/xbar/inst/gen_samd.crossbar_samd/gen_slave_slots[0].gen_si_write.si_transactor_aw/gen_multi_thread.arbiter_resp_inst/SR[0]   |                2 |             14 |
|  base_zynq_i/processing_system7_0/inst/FCLK_CLK0 | base_zynq_i/ps7_0_axi_periph/xbar/inst/gen_samd.crossbar_samd/gen_slave_slots[0].gen_si_read.si_transactor_ar/gen_multi_thread.cmd_push_2                                                               | base_zynq_i/ps7_0_axi_periph/xbar/inst/gen_samd.crossbar_samd/gen_slave_slots[0].gen_si_write.si_transactor_aw/gen_multi_thread.arbiter_resp_inst/SR[0]   |                3 |             14 |
|  base_zynq_i/processing_system7_0/inst/FCLK_CLK0 | base_zynq_i/ps7_0_axi_periph/xbar/inst/gen_samd.crossbar_samd/gen_slave_slots[0].gen_si_read.si_transactor_ar/gen_multi_thread.cmd_push_3                                                               | base_zynq_i/ps7_0_axi_periph/xbar/inst/gen_samd.crossbar_samd/gen_slave_slots[0].gen_si_write.si_transactor_aw/gen_multi_thread.arbiter_resp_inst/SR[0]   |                3 |             14 |
|  base_zynq_i/processing_system7_0/inst/FCLK_CLK0 | base_zynq_i/ps7_0_axi_periph/m02_couplers/auto_pc/inst/gen_axilite.gen_b2s_conv.axilite_b2s/SI_REG/b.b_pipe/s_ready_i_reg_0                                                                             |                                                                                                                                                           |                3 |             14 |
|  base_zynq_i/processing_system7_0/inst/FCLK_CLK0 | base_zynq_i/ps7_0_axi_periph/m02_couplers/auto_pc/inst/gen_axilite.gen_b2s_conv.axilite_b2s/SI_REG/b.b_pipe/p_1_in                                                                                      |                                                                                                                                                           |                3 |             14 |
|  base_zynq_i/processing_system7_0/inst/FCLK_CLK0 | base_zynq_i/ps7_0_axi_periph/m00_couplers/auto_pc/inst/gen_axilite.gen_b2s_conv.axilite_b2s/SI_REG/b.b_pipe/s_ready_i_reg_0                                                                             |                                                                                                                                                           |                5 |             14 |
|  base_zynq_i/processing_system7_0/inst/FCLK_CLK0 | base_zynq_i/ps7_0_axi_periph/m00_couplers/auto_pc/inst/gen_axilite.gen_b2s_conv.axilite_b2s/WR.aw_channel_0/aw_cmd_fsm_0/b_push                                                                         |                                                                                                                                                           |                3 |             16 |
|  base_zynq_i/processing_system7_0/inst/FCLK_CLK0 | base_zynq_i/example_0/inst/example_BUS_A_s_axi_U/int_ap_start_reg_0[0]                                                                                                                                  |                                                                                                                                                           |                3 |             16 |
|  base_zynq_i/processing_system7_0/inst/FCLK_CLK0 | base_zynq_i/ps7_0_axi_periph/m02_couplers/auto_pc/inst/gen_axilite.gen_b2s_conv.axilite_b2s/WR.aw_channel_0/aw_cmd_fsm_0/b_push                                                                         |                                                                                                                                                           |                3 |             16 |
|  base_zynq_i/processing_system7_0/inst/FCLK_CLK0 |                                                                                                                                                                                                         | base_zynq_i/example_0/inst/example_BUS_A_s_axi_U/SR[0]                                                                                                    |                7 |             19 |
|  base_zynq_i/processing_system7_0/inst/FCLK_CLK0 |                                                                                                                                                                                                         | base_zynq_i/axi_gpio_0/U0/AXI_LITE_IPIF_I/I_SLAVE_ATTACHMENT/SR[0]                                                                                        |                7 |             20 |
|  base_zynq_i/processing_system7_0/inst/FCLK_CLK0 |                                                                                                                                                                                                         | base_zynq_i/ps7_0_axi_periph/xbar/inst/gen_samd.crossbar_samd/gen_slave_slots[0].gen_si_write.si_transactor_aw/gen_multi_thread.arbiter_resp_inst/SR[0]   |               10 |             20 |
|  base_zynq_i/processing_system7_0/inst/FCLK_CLK0 | base_zynq_i/ps7_0_axi_periph/xbar/inst/gen_samd.crossbar_samd/gen_master_slots[2].reg_slice_mi/r.r_pipe/p_1_in_0                                                                                        |                                                                                                                                                           |                4 |             21 |
|  base_zynq_i/processing_system7_0/inst/FCLK_CLK0 | base_zynq_i/ps7_0_axi_periph/m02_couplers/auto_pc/inst/gen_axilite.gen_b2s_conv.axilite_b2s/SI_REG/r.r_pipe/s_ready_i_reg_0                                                                             |                                                                                                                                                           |                3 |             21 |
|  base_zynq_i/processing_system7_0/inst/FCLK_CLK0 | base_zynq_i/ps7_0_axi_periph/m02_couplers/auto_pc/inst/gen_axilite.gen_b2s_conv.axilite_b2s/SI_REG/r.r_pipe/p_1_in                                                                                      |                                                                                                                                                           |                3 |             21 |
|  base_zynq_i/processing_system7_0/inst/FCLK_CLK0 | base_zynq_i/ps7_0_axi_periph/xbar/inst/gen_samd.crossbar_samd/gen_master_slots[2].reg_slice_mi/r.r_pipe/s_ready_i_reg_0                                                                                 |                                                                                                                                                           |                3 |             21 |
|  base_zynq_i/processing_system7_0/inst/FCLK_CLK0 | base_zynq_i/ps7_0_axi_periph/m02_couplers/auto_pc/inst/gen_axilite.gen_b2s_conv.axilite_b2s/RD.ar_channel_0/ar_cmd_fsm_0/FSM_onehot_rstate_reg[1]_1[0]                                                  |                                                                                                                                                           |                9 |             22 |
|  base_zynq_i/processing_system7_0/inst/FCLK_CLK0 | base_zynq_i/ps7_0_axi_periph/m02_couplers/auto_pc/inst/gen_axilite.gen_b2s_conv.axilite_b2s/WR.aw_channel_0/aw_cmd_fsm_0/E[0]                                                                           |                                                                                                                                                           |               10 |             22 |
|  base_zynq_i/processing_system7_0/inst/FCLK_CLK0 | base_zynq_i/ps7_0_axi_periph/m00_couplers/auto_pc/inst/gen_axilite.gen_b2s_conv.axilite_b2s/WR.aw_channel_0/aw_cmd_fsm_0/E[0]                                                                           |                                                                                                                                                           |                9 |             26 |
|  base_zynq_i/processing_system7_0/inst/FCLK_CLK0 | base_zynq_i/ps7_0_axi_periph/m00_couplers/auto_pc/inst/gen_axilite.gen_b2s_conv.axilite_b2s/RD.ar_channel_0/ar_cmd_fsm_0/FSM_sequential_state_reg[0]_0[0]                                               |                                                                                                                                                           |               11 |             26 |
|  base_zynq_i/processing_system7_0/inst/FCLK_CLK0 | base_zynq_i/axi_bram_ctrl_0/U0/gext_inst.abcv4_0_ext_inst/GEN_AXI4.I_FULL_AXI/GEN_ARB.I_SNG_PORT/ar_active_re                                                                                           | base_zynq_i/axi_bram_ctrl_0/U0/gext_inst.abcv4_0_ext_inst/GEN_AXI4.I_FULL_AXI/I_RD_CHNL/GEN_NO_RD_CMD_OPT.I_WRAP_BRST/ACTIVE_LOW_PR_OUT_DFF[0].FDRE_PER_N |                9 |             27 |
|  base_zynq_i/processing_system7_0/inst/FCLK_CLK0 | base_zynq_i/ps7_0_axi_periph/m02_couplers/auto_pc/inst/gen_axilite.gen_b2s_conv.axilite_b2s/RD.ar_channel_0/ar_cmd_fsm_0/FSM_sequential_state_reg[1]_1[0]                                               |                                                                                                                                                           |                5 |             28 |
|  base_zynq_i/processing_system7_0/inst/FCLK_CLK0 | base_zynq_i/ps7_0_axi_periph/m02_couplers/auto_pc/inst/gen_axilite.gen_b2s_conv.axilite_b2s/WR.aw_channel_0/aw_cmd_fsm_0/m_valid_i_reg[0]                                                               |                                                                                                                                                           |                5 |             28 |
|  base_zynq_i/processing_system7_0/inst/FCLK_CLK0 | base_zynq_i/ps7_0_axi_periph/m02_couplers/auto_pc/inst/gen_axilite.gen_b2s_conv.axilite_b2s/SI_REG/ar.ar_pipe/s_ready_i_reg_0                                                                           |                                                                                                                                                           |                6 |             28 |
|  base_zynq_i/processing_system7_0/inst/FCLK_CLK0 | base_zynq_i/ps7_0_axi_periph/m02_couplers/auto_pc/inst/gen_axilite.gen_b2s_conv.axilite_b2s/SI_REG/aw.aw_pipe/s_ready_i_reg_0                                                                           |                                                                                                                                                           |                6 |             28 |
|  base_zynq_i/processing_system7_0/inst/FCLK_CLK0 | base_zynq_i/ps7_0_axi_periph/m00_couplers/auto_pc/inst/gen_axilite.gen_b2s_conv.axilite_b2s/SI_REG/aw.aw_pipe/s_ready_i_reg_0                                                                           |                                                                                                                                                           |                6 |             32 |
|  base_zynq_i/processing_system7_0/inst/FCLK_CLK0 | base_zynq_i/ps7_0_axi_periph/m00_couplers/auto_pc/inst/gen_axilite.gen_b2s_conv.axilite_b2s/SI_REG/ar.ar_pipe/s_ready_i_reg_0                                                                           |                                                                                                                                                           |                6 |             32 |
|  base_zynq_i/processing_system7_0/inst/FCLK_CLK0 | base_zynq_i/axi_bram_ctrl_0/U0/gext_inst.abcv4_0_ext_inst/GEN_AXI4.I_FULL_AXI/I_RD_CHNL/rd_skid_buf_ld                                                                                                  | base_zynq_i/axi_bram_ctrl_0/U0/gext_inst.abcv4_0_ext_inst/GEN_AXI4.I_FULL_AXI/I_RD_CHNL/GEN_NO_RD_CMD_OPT.I_WRAP_BRST/ACTIVE_LOW_PR_OUT_DFF[0].FDRE_PER_N |                6 |             32 |
|  base_zynq_i/processing_system7_0/inst/FCLK_CLK0 | base_zynq_i/ps7_0_axi_periph/m00_couplers/auto_pc/inst/gen_axilite.gen_b2s_conv.axilite_b2s/RD.r_channel_0/rd_data_fifo_0/wr_en0                                                                        |                                                                                                                                                           |                8 |             32 |
|  base_zynq_i/processing_system7_0/inst/FCLK_CLK0 | base_zynq_i/ps7_0_axi_periph/m00_couplers/auto_pc/inst/gen_axilite.gen_b2s_conv.axilite_b2s/RD.ar_channel_0/ar_cmd_fsm_0/FSM_sequential_state_reg[1]_2[0]                                               |                                                                                                                                                           |                6 |             32 |
|  base_zynq_i/processing_system7_0/inst/FCLK_CLK0 | base_zynq_i/axi_bram_ctrl_0/U0/gext_inst.abcv4_0_ext_inst/GEN_AXI4.I_FULL_AXI/I_RD_CHNL/axi_rdata_en                                                                                                    | base_zynq_i/axi_bram_ctrl_0/U0/gext_inst.abcv4_0_ext_inst/GEN_AXI4.I_FULL_AXI/I_RD_CHNL/GEN_NO_RD_CMD_OPT.GEN_RID_SNG.axi_rid_int[11]_i_1_n_0             |                7 |             32 |
|  base_zynq_i/processing_system7_0/inst/FCLK_CLK0 | base_zynq_i/ps7_0_axi_periph/m00_couplers/auto_pc/inst/gen_axilite.gen_b2s_conv.axilite_b2s/WR.aw_channel_0/aw_cmd_fsm_0/m_valid_i_reg[0]                                                               |                                                                                                                                                           |                5 |             32 |
|  base_zynq_i/processing_system7_0/inst/FCLK_CLK0 | base_zynq_i/axi_bram_ctrl_0/U0/gext_inst.abcv4_0_ext_inst/GEN_AXI4.I_FULL_AXI/I_WR_CHNL/wrdata_reg_ld                                                                                                   |                                                                                                                                                           |                6 |             32 |
|  base_zynq_i/processing_system7_0/inst/FCLK_CLK0 | base_zynq_i/ps7_0_axi_periph/xbar/inst/gen_samd.crossbar_samd/addr_arbiter_ar/p_1_in                                                                                                                    | base_zynq_i/ps7_0_axi_periph/xbar/inst/gen_samd.crossbar_samd/gen_slave_slots[0].gen_si_write.si_transactor_aw/gen_multi_thread.arbiter_resp_inst/SR[0]   |                5 |             33 |
|  base_zynq_i/processing_system7_0/inst/FCLK_CLK0 | base_zynq_i/ps7_0_axi_periph/xbar/inst/gen_samd.crossbar_samd/addr_arbiter_aw/p_1_in                                                                                                                    | base_zynq_i/ps7_0_axi_periph/xbar/inst/gen_samd.crossbar_samd/gen_slave_slots[0].gen_si_write.si_transactor_aw/gen_multi_thread.arbiter_resp_inst/SR[0]   |                8 |             33 |
|  base_zynq_i/processing_system7_0/inst/FCLK_CLK0 |                                                                                                                                                                                                         | base_zynq_i/axi_bram_ctrl_0/U0/gext_inst.abcv4_0_ext_inst/GEN_AXI4.I_FULL_AXI/I_RD_CHNL/GEN_NO_RD_CMD_OPT.I_WRAP_BRST/ACTIVE_LOW_PR_OUT_DFF[0].FDRE_PER_N |               19 |             33 |
|  base_zynq_i/processing_system7_0/inst/FCLK_CLK0 | base_zynq_i/ps7_0_axi_periph/m00_couplers/auto_pc/inst/gen_axilite.gen_b2s_conv.axilite_b2s/SI_REG/r.r_pipe/p_1_in                                                                                      |                                                                                                                                                           |               10 |             45 |
|  base_zynq_i/processing_system7_0/inst/FCLK_CLK0 | base_zynq_i/ps7_0_axi_periph/m00_couplers/auto_pc/inst/gen_axilite.gen_b2s_conv.axilite_b2s/SI_REG/r.r_pipe/s_ready_i_reg_0                                                                             |                                                                                                                                                           |               11 |             45 |
|  base_zynq_i/processing_system7_0/inst/FCLK_CLK0 | base_zynq_i/ps7_0_axi_periph/xbar/inst/gen_samd.crossbar_samd/gen_master_slots[1].reg_slice_mi/r.r_pipe/s_ready_i_reg_0                                                                                 |                                                                                                                                                           |               10 |             45 |
|  base_zynq_i/processing_system7_0/inst/FCLK_CLK0 | base_zynq_i/ps7_0_axi_periph/xbar/inst/gen_samd.crossbar_samd/gen_master_slots[0].reg_slice_mi/r.r_pipe/s_ready_i_reg_0                                                                                 |                                                                                                                                                           |               11 |             45 |
|  base_zynq_i/processing_system7_0/inst/FCLK_CLK0 | base_zynq_i/ps7_0_axi_periph/xbar/inst/gen_samd.crossbar_samd/gen_master_slots[0].reg_slice_mi/r.r_pipe/p_1_in_0                                                                                        |                                                                                                                                                           |               16 |             45 |
|  base_zynq_i/processing_system7_0/inst/FCLK_CLK0 | base_zynq_i/ps7_0_axi_periph/xbar/inst/gen_samd.crossbar_samd/gen_master_slots[1].reg_slice_mi/r.r_pipe/p_1_in_0                                                                                        |                                                                                                                                                           |               11 |             45 |
|  base_zynq_i/processing_system7_0/inst/FCLK_CLK0 |                                                                                                                                                                                                         |                                                                                                                                                           |               90 |            235 |
+--------------------------------------------------+---------------------------------------------------------------------------------------------------------------------------------------------------------------------------------------------------------+-----------------------------------------------------------------------------------------------------------------------------------------------------------+------------------+----------------+


